<?xml version="1.0" encoding="UTF-8"?>
<coverage generated="1768673417886" clover="3.2.0">
  <project timestamp="1768673417886" name="All files">
    <metrics statements="615" coveredstatements="501" conditionals="142" coveredconditionals="131" methods="143" coveredmethods="109" elements="900" coveredelements="741" complexity="0" loc="615" ncloc="615" packages="17" files="50" classes="50"/>
    <package name="components.common">
      <metrics statements="12" coveredstatements="12" conditionals="2" coveredconditionals="2" methods="2" coveredmethods="2"/>
      <file name="ErrorMessage.tsx" path="/mnt/c/Users/rene_/source/repos/walkingApp/WalkingApp.Mobile/src/components/common/ErrorMessage.tsx">
        <metrics statements="6" coveredstatements="6" conditionals="2" coveredconditionals="2" methods="1" coveredmethods="1"/>
        <line num="1" count="1" type="stmt"/>
        <line num="2" count="1" type="stmt"/>
        <line num="3" count="1" type="stmt"/>
        <line num="10" count="1" type="stmt"/>
        <line num="11" count="26" type="stmt"/>
        <line num="25" count="1" type="stmt"/>
      </file>
      <file name="LoadingSpinner.tsx" path="/mnt/c/Users/rene_/source/repos/walkingApp/WalkingApp.Mobile/src/components/common/LoadingSpinner.tsx">
        <metrics statements="6" coveredstatements="6" conditionals="0" coveredconditionals="0" methods="1" coveredmethods="1"/>
        <line num="1" count="1" type="stmt"/>
        <line num="2" count="1" type="stmt"/>
        <line num="3" count="1" type="stmt"/>
        <line num="5" count="1" type="stmt"/>
        <line num="6" count="11" type="stmt"/>
        <line num="13" count="1" type="stmt"/>
      </file>
    </package>
    <package name="config">
      <metrics statements="10" coveredstatements="7" conditionals="6" coveredconditionals="4" methods="1" coveredmethods="1"/>
      <file name="supabase.config.ts" path="/mnt/c/Users/rene_/source/repos/walkingApp/WalkingApp.Mobile/src/config/supabase.config.ts">
        <metrics statements="10" coveredstatements="7" conditionals="6" coveredconditionals="4" methods="1" coveredmethods="1"/>
        <line num="1" count="1" type="stmt"/>
        <line num="3" count="1" type="stmt"/>
        <line num="8" count="1" type="stmt"/>
        <line num="16" count="1" type="stmt"/>
        <line num="17" count="2" type="cond" truecount="3" falsecount="1"/>
        <line num="18" count="0" type="stmt"/>
        <line num="19" count="0" type="stmt"/>
        <line num="22" count="2" type="cond" truecount="1" falsecount="1"/>
        <line num="23" count="0" type="stmt"/>
        <line num="26" count="2" type="stmt"/>
      </file>
    </package>
    <package name="hooks">
      <metrics statements="27" coveredstatements="27" conditionals="12" coveredconditionals="12" methods="8" coveredmethods="8"/>
      <file name="useAppTheme.ts" path="/mnt/c/Users/rene_/source/repos/walkingApp/WalkingApp.Mobile/src/hooks/useAppTheme.ts">
        <metrics statements="10" coveredstatements="10" conditionals="8" coveredconditionals="8" methods="2" coveredmethods="2"/>
        <line num="1" count="2" type="stmt"/>
        <line num="2" count="2" type="stmt"/>
        <line num="3" count="2" type="stmt"/>
        <line num="5" count="2" type="stmt"/>
        <line num="6" count="19" type="stmt"/>
        <line num="7" count="19" type="stmt"/>
        <line num="8" count="19" type="cond" truecount="2" falsecount="0"/>
        <line num="13" count="19" type="cond" truecount="2" falsecount="0"/>
        <line num="15" count="19" type="stmt"/>
        <line num="17" count="19" type="stmt"/>
      </file>
      <file name="useSupabaseAuth.ts" path="/mnt/c/Users/rene_/source/repos/walkingApp/WalkingApp.Mobile/src/hooks/useSupabaseAuth.ts">
        <metrics statements="17" coveredstatements="17" conditionals="4" coveredconditionals="4" methods="6" coveredmethods="6"/>
        <line num="1" count="1" type="stmt"/>
        <line num="3" count="1" type="stmt"/>
        <line num="5" count="1" type="stmt"/>
        <line num="6" count="35" type="stmt"/>
        <line num="7" count="35" type="stmt"/>
        <line num="8" count="35" type="stmt"/>
        <line num="10" count="35" type="stmt"/>
        <line num="12" count="15" type="stmt"/>
        <line num="13" count="14" type="stmt"/>
        <line num="14" count="14" type="cond" truecount="2" falsecount="0"/>
        <line num="15" count="14" type="stmt"/>
        <line num="21" count="15" type="stmt"/>
        <line num="22" count="6" type="stmt"/>
        <line num="23" count="6" type="cond" truecount="2" falsecount="0"/>
        <line num="26" count="15" type="stmt"/>
        <line num="29" count="35" type="stmt"/>
        <line num="33" count="1" type="stmt"/>
      </file>
    </package>
    <package name="navigation">
      <metrics statements="47" coveredstatements="41" conditionals="6" coveredconditionals="2" methods="11" coveredmethods="6"/>
      <file name="AuthNavigator.tsx" path="/mnt/c/Users/rene_/source/repos/walkingApp/WalkingApp.Mobile/src/navigation/AuthNavigator.tsx">
        <metrics statements="8" coveredstatements="8" conditionals="0" coveredconditionals="0" methods="1" coveredmethods="1"/>
        <line num="1" count="1" type="stmt"/>
        <line num="2" count="1" type="stmt"/>
        <line num="5" count="1" type="stmt"/>
        <line num="6" count="1" type="stmt"/>
        <line num="7" count="1" type="stmt"/>
        <line num="9" count="1" type="stmt"/>
        <line num="11" count="1" type="stmt"/>
        <line num="12" count="3" type="stmt"/>
      </file>
      <file name="MainNavigator.tsx" path="/mnt/c/Users/rene_/source/repos/walkingApp/WalkingApp.Mobile/src/navigation/MainNavigator.tsx">
        <metrics statements="7" coveredstatements="7" conditionals="0" coveredconditionals="0" methods="1" coveredmethods="1"/>
        <line num="1" count="1" type="stmt"/>
        <line num="2" count="1" type="stmt"/>
        <line num="5" count="1" type="stmt"/>
        <line num="6" count="1" type="stmt"/>
        <line num="8" count="1" type="stmt"/>
        <line num="10" count="1" type="stmt"/>
        <line num="11" count="2" type="stmt"/>
      </file>
      <file name="RootNavigator.tsx" path="/mnt/c/Users/rene_/source/repos/walkingApp/WalkingApp.Mobile/src/navigation/RootNavigator.tsx">
        <metrics statements="16" coveredstatements="15" conditionals="6" coveredconditionals="2" methods="3" coveredmethods="3"/>
        <line num="1" count="1" type="stmt"/>
        <line num="2" count="1" type="stmt"/>
        <line num="4" count="1" type="stmt"/>
        <line num="5" count="1" type="stmt"/>
        <line num="6" count="1" type="stmt"/>
        <line num="7" count="1" type="stmt"/>
        <line num="10" count="1" type="stmt"/>
        <line num="12" count="1" type="stmt"/>
        <line num="13" count="27" type="stmt"/>
        <line num="14" count="9" type="stmt"/>
        <line num="16" count="9" type="stmt"/>
        <line num="18" count="9" type="stmt"/>
        <line num="19" count="9" type="cond" truecount="1" falsecount="1"/>
        <line num="20" count="0" type="stmt"/>
        <line num="22" count="9" type="stmt"/>
        <line num="26" count="9" type="stmt"/>
      </file>
      <file name="TabNavigator.tsx" path="/mnt/c/Users/rene_/source/repos/walkingApp/WalkingApp.Mobile/src/navigation/TabNavigator.tsx">
        <metrics statements="16" coveredstatements="11" conditionals="0" coveredconditionals="0" methods="6" coveredmethods="1"/>
        <line num="1" count="1" type="stmt"/>
        <line num="2" count="1" type="stmt"/>
        <line num="3" count="1" type="stmt"/>
        <line num="6" count="1" type="stmt"/>
        <line num="7" count="1" type="stmt"/>
        <line num="8" count="1" type="stmt"/>
        <line num="9" count="1" type="stmt"/>
        <line num="10" count="1" type="stmt"/>
        <line num="12" count="1" type="stmt"/>
        <line num="14" count="1" type="stmt"/>
        <line num="15" count="5" type="stmt"/>
        <line num="29" count="0" type="stmt"/>
        <line num="39" count="0" type="stmt"/>
        <line num="49" count="0" type="stmt"/>
        <line num="59" count="0" type="stmt"/>
        <line num="69" count="0" type="stmt"/>
      </file>
    </package>
    <package name="navigation.stacks">
      <metrics statements="38" coveredstatements="38" conditionals="0" coveredconditionals="0" methods="5" coveredmethods="5"/>
      <file name="FriendsStackNavigator.tsx" path="/mnt/c/Users/rene_/source/repos/walkingApp/WalkingApp.Mobile/src/navigation/stacks/FriendsStackNavigator.tsx">
        <metrics statements="8" coveredstatements="8" conditionals="0" coveredconditionals="0" methods="1" coveredmethods="1"/>
        <line num="1" count="1" type="stmt"/>
        <line num="2" count="1" type="stmt"/>
        <line num="5" count="1" type="stmt"/>
        <line num="6" count="1" type="stmt"/>
        <line num="7" count="1" type="stmt"/>
        <line num="9" count="1" type="stmt"/>
        <line num="11" count="1" type="stmt"/>
        <line num="12" count="3" type="stmt"/>
      </file>
      <file name="GroupsStackNavigator.tsx" path="/mnt/c/Users/rene_/source/repos/walkingApp/WalkingApp.Mobile/src/navigation/stacks/GroupsStackNavigator.tsx">
        <metrics statements="10" coveredstatements="10" conditionals="0" coveredconditionals="0" methods="1" coveredmethods="1"/>
        <line num="1" count="1" type="stmt"/>
        <line num="2" count="1" type="stmt"/>
        <line num="5" count="1" type="stmt"/>
        <line num="6" count="1" type="stmt"/>
        <line num="7" count="1" type="stmt"/>
        <line num="8" count="1" type="stmt"/>
        <line num="9" count="1" type="stmt"/>
        <line num="11" count="1" type="stmt"/>
        <line num="13" count="1" type="stmt"/>
        <line num="14" count="5" type="stmt"/>
      </file>
      <file name="HomeStackNavigator.tsx" path="/mnt/c/Users/rene_/source/repos/walkingApp/WalkingApp.Mobile/src/navigation/stacks/HomeStackNavigator.tsx">
        <metrics statements="6" coveredstatements="6" conditionals="0" coveredconditionals="0" methods="1" coveredmethods="1"/>
        <line num="1" count="1" type="stmt"/>
        <line num="2" count="1" type="stmt"/>
        <line num="5" count="1" type="stmt"/>
        <line num="7" count="1" type="stmt"/>
        <line num="9" count="1" type="stmt"/>
        <line num="10" count="1" type="stmt"/>
      </file>
      <file name="SettingsStackNavigator.tsx" path="/mnt/c/Users/rene_/source/repos/walkingApp/WalkingApp.Mobile/src/navigation/stacks/SettingsStackNavigator.tsx">
        <metrics statements="8" coveredstatements="8" conditionals="0" coveredconditionals="0" methods="1" coveredmethods="1"/>
        <line num="1" count="1" type="stmt"/>
        <line num="2" count="1" type="stmt"/>
        <line num="5" count="1" type="stmt"/>
        <line num="6" count="1" type="stmt"/>
        <line num="7" count="1" type="stmt"/>
        <line num="9" count="1" type="stmt"/>
        <line num="11" count="1" type="stmt"/>
        <line num="12" count="3" type="stmt"/>
      </file>
      <file name="StepsStackNavigator.tsx" path="/mnt/c/Users/rene_/source/repos/walkingApp/WalkingApp.Mobile/src/navigation/stacks/StepsStackNavigator.tsx">
        <metrics statements="6" coveredstatements="6" conditionals="0" coveredconditionals="0" methods="1" coveredmethods="1"/>
        <line num="1" count="1" type="stmt"/>
        <line num="2" count="1" type="stmt"/>
        <line num="5" count="1" type="stmt"/>
        <line num="7" count="1" type="stmt"/>
        <line num="9" count="1" type="stmt"/>
        <line num="10" count="1" type="stmt"/>
      </file>
    </package>
    <package name="screens.auth">
      <metrics statements="15" coveredstatements="0" conditionals="0" coveredconditionals="0" methods="3" coveredmethods="0"/>
      <file name="ForgotPasswordScreen.tsx" path="/mnt/c/Users/rene_/source/repos/walkingApp/WalkingApp.Mobile/src/screens/auth/ForgotPasswordScreen.tsx">
        <metrics statements="5" coveredstatements="0" conditionals="0" coveredconditionals="0" methods="1" coveredmethods="0"/>
        <line num="1" count="0" type="stmt"/>
        <line num="2" count="0" type="stmt"/>
        <line num="4" count="0" type="stmt"/>
        <line num="5" count="0" type="stmt"/>
        <line num="12" count="0" type="stmt"/>
      </file>
      <file name="LoginScreen.tsx" path="/mnt/c/Users/rene_/source/repos/walkingApp/WalkingApp.Mobile/src/screens/auth/LoginScreen.tsx">
        <metrics statements="5" coveredstatements="0" conditionals="0" coveredconditionals="0" methods="1" coveredmethods="0"/>
        <line num="1" count="0" type="stmt"/>
        <line num="2" count="0" type="stmt"/>
        <line num="4" count="0" type="stmt"/>
        <line num="5" count="0" type="stmt"/>
        <line num="12" count="0" type="stmt"/>
      </file>
      <file name="RegisterScreen.tsx" path="/mnt/c/Users/rene_/source/repos/walkingApp/WalkingApp.Mobile/src/screens/auth/RegisterScreen.tsx">
        <metrics statements="5" coveredstatements="0" conditionals="0" coveredconditionals="0" methods="1" coveredmethods="0"/>
        <line num="1" count="0" type="stmt"/>
        <line num="2" count="0" type="stmt"/>
        <line num="4" count="0" type="stmt"/>
        <line num="5" count="0" type="stmt"/>
        <line num="12" count="0" type="stmt"/>
      </file>
    </package>
    <package name="screens.friends">
      <metrics statements="16" coveredstatements="0" conditionals="0" coveredconditionals="0" methods="3" coveredmethods="0"/>
      <file name="FriendDiscoveryScreen.tsx" path="/mnt/c/Users/rene_/source/repos/walkingApp/WalkingApp.Mobile/src/screens/friends/FriendDiscoveryScreen.tsx">
        <metrics statements="5" coveredstatements="0" conditionals="0" coveredconditionals="0" methods="1" coveredmethods="0"/>
        <line num="1" count="0" type="stmt"/>
        <line num="2" count="0" type="stmt"/>
        <line num="4" count="0" type="stmt"/>
        <line num="5" count="0" type="stmt"/>
        <line num="12" count="0" type="stmt"/>
      </file>
      <file name="FriendsListScreen.tsx" path="/mnt/c/Users/rene_/source/repos/walkingApp/WalkingApp.Mobile/src/screens/friends/FriendsListScreen.tsx">
        <metrics statements="5" coveredstatements="0" conditionals="0" coveredconditionals="0" methods="1" coveredmethods="0"/>
        <line num="1" count="0" type="stmt"/>
        <line num="2" count="0" type="stmt"/>
        <line num="4" count="0" type="stmt"/>
        <line num="5" count="0" type="stmt"/>
        <line num="12" count="0" type="stmt"/>
      </file>
      <file name="UserProfileScreen.tsx" path="/mnt/c/Users/rene_/source/repos/walkingApp/WalkingApp.Mobile/src/screens/friends/UserProfileScreen.tsx">
        <metrics statements="6" coveredstatements="0" conditionals="0" coveredconditionals="0" methods="1" coveredmethods="0"/>
        <line num="1" count="0" type="stmt"/>
        <line num="2" count="0" type="stmt"/>
        <line num="7" count="0" type="stmt"/>
        <line num="8" count="0" type="stmt"/>
        <line num="10" count="0" type="stmt"/>
        <line num="18" count="0" type="stmt"/>
      </file>
    </package>
    <package name="screens.groups">
      <metrics statements="27" coveredstatements="0" conditionals="0" coveredconditionals="0" methods="5" coveredmethods="0"/>
      <file name="CreateGroupScreen.tsx" path="/mnt/c/Users/rene_/source/repos/walkingApp/WalkingApp.Mobile/src/screens/groups/CreateGroupScreen.tsx">
        <metrics statements="5" coveredstatements="0" conditionals="0" coveredconditionals="0" methods="1" coveredmethods="0"/>
        <line num="1" count="0" type="stmt"/>
        <line num="2" count="0" type="stmt"/>
        <line num="4" count="0" type="stmt"/>
        <line num="5" count="0" type="stmt"/>
        <line num="12" count="0" type="stmt"/>
      </file>
      <file name="GroupDetailScreen.tsx" path="/mnt/c/Users/rene_/source/repos/walkingApp/WalkingApp.Mobile/src/screens/groups/GroupDetailScreen.tsx">
        <metrics statements="6" coveredstatements="0" conditionals="0" coveredconditionals="0" methods="1" coveredmethods="0"/>
        <line num="1" count="0" type="stmt"/>
        <line num="2" count="0" type="stmt"/>
        <line num="7" count="0" type="stmt"/>
        <line num="8" count="0" type="stmt"/>
        <line num="10" count="0" type="stmt"/>
        <line num="18" count="0" type="stmt"/>
      </file>
      <file name="GroupManagementScreen.tsx" path="/mnt/c/Users/rene_/source/repos/walkingApp/WalkingApp.Mobile/src/screens/groups/GroupManagementScreen.tsx">
        <metrics statements="6" coveredstatements="0" conditionals="0" coveredconditionals="0" methods="1" coveredmethods="0"/>
        <line num="1" count="0" type="stmt"/>
        <line num="2" count="0" type="stmt"/>
        <line num="7" count="0" type="stmt"/>
        <line num="8" count="0" type="stmt"/>
        <line num="10" count="0" type="stmt"/>
        <line num="18" count="0" type="stmt"/>
      </file>
      <file name="GroupsListScreen.tsx" path="/mnt/c/Users/rene_/source/repos/walkingApp/WalkingApp.Mobile/src/screens/groups/GroupsListScreen.tsx">
        <metrics statements="5" coveredstatements="0" conditionals="0" coveredconditionals="0" methods="1" coveredmethods="0"/>
        <line num="1" count="0" type="stmt"/>
        <line num="2" count="0" type="stmt"/>
        <line num="4" count="0" type="stmt"/>
        <line num="5" count="0" type="stmt"/>
        <line num="12" count="0" type="stmt"/>
      </file>
      <file name="JoinGroupScreen.tsx" path="/mnt/c/Users/rene_/source/repos/walkingApp/WalkingApp.Mobile/src/screens/groups/JoinGroupScreen.tsx">
        <metrics statements="5" coveredstatements="0" conditionals="0" coveredconditionals="0" methods="1" coveredmethods="0"/>
        <line num="1" count="0" type="stmt"/>
        <line num="2" count="0" type="stmt"/>
        <line num="4" count="0" type="stmt"/>
        <line num="5" count="0" type="stmt"/>
        <line num="12" count="0" type="stmt"/>
      </file>
    </package>
    <package name="screens.home">
      <metrics statements="5" coveredstatements="0" conditionals="0" coveredconditionals="0" methods="1" coveredmethods="0"/>
      <file name="HomeScreen.tsx" path="/mnt/c/Users/rene_/source/repos/walkingApp/WalkingApp.Mobile/src/screens/home/HomeScreen.tsx">
        <metrics statements="5" coveredstatements="0" conditionals="0" coveredconditionals="0" methods="1" coveredmethods="0"/>
        <line num="1" count="0" type="stmt"/>
        <line num="2" count="0" type="stmt"/>
        <line num="4" count="0" type="stmt"/>
        <line num="5" count="0" type="stmt"/>
        <line num="12" count="0" type="stmt"/>
      </file>
    </package>
    <package name="screens.notifications">
      <metrics statements="5" coveredstatements="0" conditionals="0" coveredconditionals="0" methods="1" coveredmethods="0"/>
      <file name="NotificationsScreen.tsx" path="/mnt/c/Users/rene_/source/repos/walkingApp/WalkingApp.Mobile/src/screens/notifications/NotificationsScreen.tsx">
        <metrics statements="5" coveredstatements="0" conditionals="0" coveredconditionals="0" methods="1" coveredmethods="0"/>
        <line num="1" count="0" type="stmt"/>
        <line num="2" count="0" type="stmt"/>
        <line num="4" count="0" type="stmt"/>
        <line num="5" count="0" type="stmt"/>
        <line num="12" count="0" type="stmt"/>
      </file>
    </package>
    <package name="screens.onboarding">
      <metrics statements="5" coveredstatements="0" conditionals="0" coveredconditionals="0" methods="1" coveredmethods="0"/>
      <file name="OnboardingScreen.tsx" path="/mnt/c/Users/rene_/source/repos/walkingApp/WalkingApp.Mobile/src/screens/onboarding/OnboardingScreen.tsx">
        <metrics statements="5" coveredstatements="0" conditionals="0" coveredconditionals="0" methods="1" coveredmethods="0"/>
        <line num="1" count="0" type="stmt"/>
        <line num="2" count="0" type="stmt"/>
        <line num="4" count="0" type="stmt"/>
        <line num="5" count="0" type="stmt"/>
        <line num="12" count="0" type="stmt"/>
      </file>
    </package>
    <package name="screens.settings">
      <metrics statements="15" coveredstatements="0" conditionals="0" coveredconditionals="0" methods="3" coveredmethods="0"/>
      <file name="EditProfileScreen.tsx" path="/mnt/c/Users/rene_/source/repos/walkingApp/WalkingApp.Mobile/src/screens/settings/EditProfileScreen.tsx">
        <metrics statements="5" coveredstatements="0" conditionals="0" coveredconditionals="0" methods="1" coveredmethods="0"/>
        <line num="1" count="0" type="stmt"/>
        <line num="2" count="0" type="stmt"/>
        <line num="4" count="0" type="stmt"/>
        <line num="5" count="0" type="stmt"/>
        <line num="12" count="0" type="stmt"/>
      </file>
      <file name="ProfileScreen.tsx" path="/mnt/c/Users/rene_/source/repos/walkingApp/WalkingApp.Mobile/src/screens/settings/ProfileScreen.tsx">
        <metrics statements="5" coveredstatements="0" conditionals="0" coveredconditionals="0" methods="1" coveredmethods="0"/>
        <line num="1" count="0" type="stmt"/>
        <line num="2" count="0" type="stmt"/>
        <line num="4" count="0" type="stmt"/>
        <line num="5" count="0" type="stmt"/>
        <line num="12" count="0" type="stmt"/>
      </file>
      <file name="SettingsScreen.tsx" path="/mnt/c/Users/rene_/source/repos/walkingApp/WalkingApp.Mobile/src/screens/settings/SettingsScreen.tsx">
        <metrics statements="5" coveredstatements="0" conditionals="0" coveredconditionals="0" methods="1" coveredmethods="0"/>
        <line num="1" count="0" type="stmt"/>
        <line num="2" count="0" type="stmt"/>
        <line num="4" count="0" type="stmt"/>
        <line num="5" count="0" type="stmt"/>
        <line num="12" count="0" type="stmt"/>
      </file>
    </package>
    <package name="screens.steps">
      <metrics statements="5" coveredstatements="0" conditionals="0" coveredconditionals="0" methods="1" coveredmethods="0"/>
      <file name="StepsHistoryScreen.tsx" path="/mnt/c/Users/rene_/source/repos/walkingApp/WalkingApp.Mobile/src/screens/steps/StepsHistoryScreen.tsx">
        <metrics statements="5" coveredstatements="0" conditionals="0" coveredconditionals="0" methods="1" coveredmethods="0"/>
        <line num="1" count="0" type="stmt"/>
        <line num="2" count="0" type="stmt"/>
        <line num="4" count="0" type="stmt"/>
        <line num="5" count="0" type="stmt"/>
        <line num="12" count="0" type="stmt"/>
      </file>
    </package>
    <package name="services">
      <metrics statements="53" coveredstatements="53" conditionals="14" coveredconditionals="14" methods="10" coveredmethods="10"/>
      <file name="secureStore.ts" path="/mnt/c/Users/rene_/source/repos/walkingApp/WalkingApp.Mobile/src/services/secureStore.ts">
        <metrics statements="23" coveredstatements="23" conditionals="2" coveredconditionals="2" methods="4" coveredmethods="4"/>
        <line num="1" count="9" type="stmt"/>
        <line num="2" count="9" type="stmt"/>
        <line num="8" count="9" type="stmt"/>
        <line num="10" count="32" type="stmt"/>
        <line num="11" count="32" type="stmt"/>
        <line num="13" count="1" type="stmt"/>
        <line num="14" count="1" type="stmt"/>
        <line num="19" count="4" type="stmt"/>
        <line num="20" count="4" type="stmt"/>
        <line num="22" count="1" type="stmt"/>
        <line num="23" count="1" type="stmt"/>
        <line num="28" count="3" type="stmt"/>
        <line num="29" count="3" type="stmt"/>
        <line num="31" count="1" type="stmt"/>
        <line num="32" count="1" type="stmt"/>
        <line num="40" count="9" type="stmt"/>
        <line num="41" count="6" type="stmt"/>
        <line num="42" count="6" type="cond" truecount="2" falsecount="0"/>
        <line num="43" count="1" type="stmt"/>
        <line num="45" count="5" type="stmt"/>
        <line num="46" count="4" type="stmt"/>
        <line num="47" count="3" type="stmt"/>
        <line num="49" count="2" type="stmt"/>
      </file>
      <file name="supabase.ts" path="/mnt/c/Users/rene_/source/repos/walkingApp/WalkingApp.Mobile/src/services/supabase.ts">
        <metrics statements="30" coveredstatements="30" conditionals="12" coveredconditionals="12" methods="6" coveredmethods="6"/>
        <line num="1" count="8" type="stmt"/>
        <line num="2" count="8" type="stmt"/>
        <line num="3" count="8" type="stmt"/>
        <line num="8" count="8" type="stmt"/>
        <line num="20" count="8" type="stmt"/>
        <line num="21" count="4" type="stmt"/>
        <line num="22" count="3" type="cond" truecount="2" falsecount="0"/>
        <line num="23" count="1" type="stmt"/>
        <line num="24" count="1" type="stmt"/>
        <line num="26" count="2" type="stmt"/>
        <line num="32" count="8" type="stmt"/>
        <line num="33" count="4" type="stmt"/>
        <line num="34" count="4" type="cond" truecount="2" falsecount="0"/>
        <line num="35" count="2" type="stmt"/>
        <line num="36" count="2" type="stmt"/>
        <line num="38" count="2" type="stmt"/>
        <line num="44" count="8" type="stmt"/>
        <line num="45" count="5" type="stmt"/>
        <line num="50" count="4" type="cond" truecount="2" falsecount="0"/>
        <line num="51" count="2" type="stmt"/>
        <line num="57" count="8" type="stmt"/>
        <line num="62" count="5" type="stmt"/>
        <line num="72" count="5" type="cond" truecount="2" falsecount="0"/>
        <line num="73" count="3" type="stmt"/>
        <line num="79" count="8" type="stmt"/>
        <line num="80" count="4" type="stmt"/>
        <line num="81" count="3" type="cond" truecount="2" falsecount="0"/>
        <line num="87" count="8" type="stmt"/>
        <line num="88" count="5" type="stmt"/>
        <line num="92" count="4" type="cond" truecount="2" falsecount="0"/>
      </file>
    </package>
    <package name="services.api">
      <metrics statements="116" coveredstatements="110" conditionals="92" coveredconditionals="87" methods="38" coveredmethods="33"/>
      <file name="friendsApi.ts" path="/mnt/c/Users/rene_/source/repos/walkingApp/WalkingApp.Mobile/src/services/api/friendsApi.ts">
        <metrics statements="16" coveredstatements="16" conditionals="16" coveredconditionals="15" methods="8" coveredmethods="8"/>
        <line num="1" count="2" type="stmt"/>
        <line num="4" count="2" type="stmt"/>
        <line num="6" count="4" type="stmt"/>
        <line num="21" count="4" type="cond" truecount="2" falsecount="0"/>
        <line num="23" count="3" type="cond" truecount="2" falsecount="0"/>
        <line num="34" count="3" type="stmt"/>
        <line num="49" count="3" type="cond" truecount="2" falsecount="0"/>
        <line num="51" count="2" type="cond" truecount="1" falsecount="1"/>
        <line num="62" count="2" type="stmt"/>
        <line num="69" count="2" type="cond" truecount="2" falsecount="0"/>
        <line num="73" count="2" type="stmt"/>
        <line num="79" count="2" type="cond" truecount="2" falsecount="0"/>
        <line num="83" count="2" type="stmt"/>
        <line num="89" count="2" type="cond" truecount="2" falsecount="0"/>
        <line num="93" count="2" type="stmt"/>
        <line num="99" count="2" type="cond" truecount="2" falsecount="0"/>
      </file>
      <file name="groupsApi.ts" path="/mnt/c/Users/rene_/source/repos/walkingApp/WalkingApp.Mobile/src/services/api/groupsApi.ts">
        <metrics statements="24" coveredstatements="24" conditionals="22" coveredconditionals="20" methods="10" coveredmethods="10"/>
        <line num="1" count="2" type="stmt"/>
        <line num="4" count="2" type="stmt"/>
        <line num="6" count="4" type="stmt"/>
        <line num="13" count="4" type="cond" truecount="2" falsecount="0"/>
        <line num="15" count="3" type="cond" truecount="2" falsecount="0"/>
        <line num="27" count="2" type="stmt"/>
        <line num="36" count="2" type="cond" truecount="2" falsecount="0"/>
        <line num="38" count="1" type="stmt"/>
        <line num="50" count="3" type="stmt"/>
        <line num="62" count="3" type="cond" truecount="2" falsecount="0"/>
        <line num="65" count="2" type="stmt"/>
        <line num="66" count="2" type="stmt"/>
        <line num="68" count="3" type="stmt"/>
        <line num="75" count="3" type="stmt"/>
        <line num="87" count="2" type="stmt"/>
        <line num="88" count="3" type="stmt"/>
        <line num="92" count="2" type="stmt"/>
        <line num="98" count="2" type="cond" truecount="2" falsecount="0"/>
        <line num="101" count="1" type="stmt"/>
        <line num="107" count="1" type="stmt"/>
        <line num="114" count="2" type="stmt"/>
        <line num="120" count="2" type="cond" truecount="2" falsecount="0"/>
        <line num="124" count="2" type="stmt"/>
        <line num="129" count="2" type="cond" truecount="2" falsecount="0"/>
      </file>
      <file name="index.ts" path="/mnt/c/Users/rene_/source/repos/walkingApp/WalkingApp.Mobile/src/services/api/index.ts">
        <metrics statements="5" coveredstatements="0" conditionals="0" coveredconditionals="0" methods="5" coveredmethods="0"/>
        <line num="2" count="0" type="stmt"/>
        <line num="3" count="0" type="stmt"/>
        <line num="4" count="0" type="stmt"/>
        <line num="5" count="0" type="stmt"/>
        <line num="6" count="0" type="stmt"/>
      </file>
      <file name="notificationsApi.ts" path="/mnt/c/Users/rene_/source/repos/walkingApp/WalkingApp.Mobile/src/services/api/notificationsApi.ts">
        <metrics statements="14" coveredstatements="14" conditionals="14" coveredconditionals="14" methods="5" coveredmethods="5"/>
        <line num="1" count="2" type="stmt"/>
        <line num="4" count="2" type="stmt"/>
        <line num="6" count="5" type="stmt"/>
        <line num="12" count="5" type="cond" truecount="2" falsecount="0"/>
        <line num="13" count="4" type="cond" truecount="2" falsecount="0"/>
        <line num="17" count="4" type="stmt"/>
        <line num="22" count="4" type="cond" truecount="2" falsecount="0"/>
        <line num="23" count="3" type="cond" truecount="2" falsecount="0"/>
        <line num="27" count="2" type="stmt"/>
        <line num="32" count="2" type="cond" truecount="2" falsecount="0"/>
        <line num="36" count="3" type="stmt"/>
        <line num="41" count="3" type="cond" truecount="2" falsecount="0"/>
        <line num="45" count="3" type="stmt"/>
        <line num="50" count="3" type="cond" truecount="2" falsecount="0"/>
      </file>
      <file name="stepsApi.ts" path="/mnt/c/Users/rene_/source/repos/walkingApp/WalkingApp.Mobile/src/services/api/stepsApi.ts">
        <metrics statements="37" coveredstatements="36" conditionals="32" coveredconditionals="30" methods="6" coveredmethods="6"/>
        <line num="1" count="2" type="stmt"/>
        <line num="4" count="2" type="stmt"/>
        <line num="6" count="3" type="stmt"/>
        <line num="8" count="3" type="stmt"/>
        <line num="18" count="3" type="cond" truecount="2" falsecount="0"/>
        <line num="19" count="2" type="stmt"/>
        <line num="23" count="3" type="stmt"/>
        <line num="25" count="3" type="stmt"/>
        <line num="31" count="3" type="cond" truecount="4" falsecount="0"/>
        <line num="33" count="1" type="stmt"/>
        <line num="36" count="2" type="cond" truecount="2" falsecount="0"/>
        <line num="40" count="2" type="stmt"/>
        <line num="41" count="2" type="stmt"/>
        <line num="42" count="2" type="stmt"/>
        <line num="44" count="2" type="stmt"/>
        <line num="50" count="2" type="stmt"/>
        <line num="55" count="2" type="stmt"/>
        <line num="60" count="7" type="cond" truecount="2" falsecount="0"/>
        <line num="61" count="30" type="cond" truecount="2" falsecount="0"/>
        <line num="64" count="2" type="stmt"/>
        <line num="69" count="2" type="stmt"/>
        <line num="70" count="2" type="cond" truecount="2" falsecount="0"/>
        <line num="71" count="1" type="stmt"/>
        <line num="72" count="1" type="stmt"/>
        <line num="73" count="1" type="stmt"/>
        <line num="74" count="1" type="stmt"/>
        <line num="75" count="1" type="cond" truecount="2" falsecount="2"/>
        <line num="76" count="0" type="stmt"/>
        <line num="78" count="1" type="stmt"/>
        <line num="83" count="2" type="stmt"/>
        <line num="93" count="5" type="stmt"/>
        <line num="94" count="5" type="cond" truecount="2" falsecount="0"/>
        <line num="95" count="5" type="cond" truecount="2" falsecount="0"/>
        <line num="97" count="5" type="stmt"/>
        <line num="99" count="5" type="stmt"/>
        <line num="105" count="5" type="cond" truecount="2" falsecount="0"/>
        <line num="106" count="4" type="cond" truecount="2" falsecount="0"/>
      </file>
      <file name="usersApi.ts" path="/mnt/c/Users/rene_/source/repos/walkingApp/WalkingApp.Mobile/src/services/api/usersApi.ts">
        <metrics statements="20" coveredstatements="20" conditionals="8" coveredconditionals="8" methods="4" coveredmethods="4"/>
        <line num="1" count="3" type="stmt"/>
        <line num="4" count="3" type="stmt"/>
        <line num="6" count="3" type="stmt"/>
        <line num="11" count="2" type="cond" truecount="2" falsecount="0"/>
        <line num="12" count="1" type="stmt"/>
        <line num="16" count="3" type="stmt"/>
        <line num="22" count="3" type="cond" truecount="2" falsecount="0"/>
        <line num="23" count="2" type="stmt"/>
        <line num="27" count="3" type="stmt"/>
        <line num="32" count="3" type="stmt"/>
        <line num="34" count="3" type="stmt"/>
        <line num="40" count="3" type="cond" truecount="2" falsecount="0"/>
        <line num="41" count="2" type="stmt"/>
        <line num="46" count="4" type="stmt"/>
        <line num="47" count="3" type="stmt"/>
        <line num="48" count="3" type="stmt"/>
        <line num="50" count="3" type="stmt"/>
        <line num="54" count="3" type="cond" truecount="2" falsecount="0"/>
        <line num="56" count="2" type="stmt"/>
        <line num="60" count="2" type="stmt"/>
      </file>
    </package>
    <package name="store">
      <metrics statements="204" coveredstatements="198" conditionals="8" coveredconditionals="8" methods="49" coveredmethods="43"/>
      <file name="authStore.ts" path="/mnt/c/Users/rene_/source/repos/walkingApp/WalkingApp.Mobile/src/store/authStore.ts">
        <metrics statements="28" coveredstatements="28" conditionals="2" coveredconditionals="2" methods="7" coveredmethods="7"/>
        <line num="1" count="2" type="stmt"/>
        <line num="3" count="2" type="stmt"/>
        <line num="26" count="2" type="stmt"/>
        <line num="34" count="5" type="stmt"/>
        <line num="35" count="5" type="stmt"/>
        <line num="36" count="5" type="stmt"/>
        <line num="37" count="3" type="stmt"/>
        <line num="44" count="2" type="stmt"/>
        <line num="48" count="2" type="stmt"/>
        <line num="53" count="4" type="stmt"/>
        <line num="54" count="4" type="stmt"/>
        <line num="55" count="4" type="stmt"/>
        <line num="56" count="3" type="stmt"/>
        <line num="63" count="1" type="stmt"/>
        <line num="67" count="1" type="stmt"/>
        <line num="72" count="3" type="stmt"/>
        <line num="73" count="3" type="stmt"/>
        <line num="74" count="3" type="stmt"/>
        <line num="75" count="1" type="stmt"/>
        <line num="82" count="2" type="stmt"/>
        <line num="90" count="3" type="stmt"/>
        <line num="91" count="3" type="stmt"/>
        <line num="92" count="3" type="stmt"/>
        <line num="93" count="2" type="stmt"/>
        <line num="95" count="1" type="stmt"/>
        <line num="99" count="1" type="stmt"/>
        <line num="104" count="3" type="stmt"/>
        <line num="111" count="2" type="stmt"/>
      </file>
      <file name="friendsStore.ts" path="/mnt/c/Users/rene_/source/repos/walkingApp/WalkingApp.Mobile/src/store/friendsStore.ts">
        <metrics statements="41" coveredstatements="41" conditionals="0" coveredconditionals="0" methods="10" coveredmethods="10"/>
        <line num="1" count="1" type="stmt"/>
        <line num="2" count="1" type="stmt"/>
        <line num="29" count="1" type="stmt"/>
        <line num="36" count="8" type="stmt"/>
        <line num="37" count="8" type="stmt"/>
        <line num="38" count="8" type="stmt"/>
        <line num="39" count="7" type="stmt"/>
        <line num="41" count="1" type="stmt"/>
        <line num="46" count="3" type="stmt"/>
        <line num="47" count="3" type="stmt"/>
        <line num="48" count="3" type="stmt"/>
        <line num="49" count="2" type="stmt"/>
        <line num="51" count="1" type="stmt"/>
        <line num="56" count="3" type="stmt"/>
        <line num="57" count="3" type="stmt"/>
        <line num="58" count="3" type="stmt"/>
        <line num="59" count="2" type="stmt"/>
        <line num="61" count="1" type="stmt"/>
        <line num="62" count="1" type="stmt"/>
        <line num="67" count="4" type="stmt"/>
        <line num="68" count="4" type="stmt"/>
        <line num="69" count="4" type="stmt"/>
        <line num="70" count="4" type="stmt"/>
        <line num="71" count="3" type="stmt"/>
        <line num="72" count="3" type="stmt"/>
        <line num="74" count="1" type="stmt"/>
        <line num="75" count="1" type="stmt"/>
        <line num="80" count="3" type="stmt"/>
        <line num="81" count="3" type="stmt"/>
        <line num="82" count="3" type="stmt"/>
        <line num="83" count="3" type="stmt"/>
        <line num="84" count="2" type="stmt"/>
        <line num="86" count="1" type="stmt"/>
        <line num="87" count="1" type="stmt"/>
        <line num="92" count="4" type="stmt"/>
        <line num="93" count="4" type="stmt"/>
        <line num="94" count="4" type="stmt"/>
        <line num="95" count="5" type="stmt"/>
        <line num="96" count="3" type="stmt"/>
        <line num="98" count="1" type="stmt"/>
        <line num="99" count="1" type="stmt"/>
      </file>
      <file name="groupsStore.ts" path="/mnt/c/Users/rene_/source/repos/walkingApp/WalkingApp.Mobile/src/store/groupsStore.ts">
        <metrics statements="37" coveredstatements="37" conditionals="0" coveredconditionals="0" methods="7" coveredmethods="7"/>
        <line num="1" count="1" type="stmt"/>
        <line num="2" count="1" type="stmt"/>
        <line num="46" count="1" type="stmt"/>
        <line num="54" count="5" type="stmt"/>
        <line num="55" count="5" type="stmt"/>
        <line num="56" count="5" type="stmt"/>
        <line num="57" count="4" type="stmt"/>
        <line num="59" count="1" type="stmt"/>
        <line num="64" count="3" type="stmt"/>
        <line num="65" count="3" type="stmt"/>
        <line num="66" count="3" type="stmt"/>
        <line num="67" count="2" type="stmt"/>
        <line num="69" count="1" type="stmt"/>
        <line num="74" count="4" type="stmt"/>
        <line num="75" count="4" type="stmt"/>
        <line num="76" count="4" type="stmt"/>
        <line num="77" count="3" type="stmt"/>
        <line num="79" count="1" type="stmt"/>
        <line num="84" count="7" type="stmt"/>
        <line num="85" count="7" type="stmt"/>
        <line num="86" count="7" type="stmt"/>
        <line num="87" count="6" type="stmt"/>
        <line num="88" count="6" type="stmt"/>
        <line num="90" count="1" type="stmt"/>
        <line num="91" count="1" type="stmt"/>
        <line num="96" count="3" type="stmt"/>
        <line num="97" count="3" type="stmt"/>
        <line num="98" count="3" type="stmt"/>
        <line num="99" count="2" type="stmt"/>
        <line num="101" count="1" type="stmt"/>
        <line num="102" count="1" type="stmt"/>
        <line num="107" count="3" type="stmt"/>
        <line num="108" count="3" type="stmt"/>
        <line num="109" count="3" type="stmt"/>
        <line num="110" count="2" type="stmt"/>
        <line num="112" count="1" type="stmt"/>
        <line num="113" count="1" type="stmt"/>
      </file>
      <file name="index.ts" path="/mnt/c/Users/rene_/source/repos/walkingApp/WalkingApp.Mobile/src/store/index.ts">
        <metrics statements="6" coveredstatements="0" conditionals="0" coveredconditionals="0" methods="6" coveredmethods="0"/>
        <line num="2" count="0" type="stmt"/>
        <line num="3" count="0" type="stmt"/>
        <line num="4" count="0" type="stmt"/>
        <line num="5" count="0" type="stmt"/>
        <line num="6" count="0" type="stmt"/>
        <line num="7" count="0" type="stmt"/>
      </file>
      <file name="notificationsStore.ts" path="/mnt/c/Users/rene_/source/repos/walkingApp/WalkingApp.Mobile/src/store/notificationsStore.ts">
        <metrics statements="36" coveredstatements="36" conditionals="2" coveredconditionals="2" methods="9" coveredmethods="9"/>
        <line num="1" count="1" type="stmt"/>
        <line num="2" count="1" type="stmt"/>
        <line num="29" count="1" type="stmt"/>
        <line num="36" count="5" type="stmt"/>
        <line num="37" count="5" type="stmt"/>
        <line num="38" count="5" type="stmt"/>
        <line num="39" count="4" type="stmt"/>
        <line num="41" count="1" type="stmt"/>
        <line num="46" count="13" type="stmt"/>
        <line num="47" count="13" type="stmt"/>
        <line num="48" count="12" type="stmt"/>
        <line num="50" count="1" type="stmt"/>
        <line num="55" count="5" type="stmt"/>
        <line num="56" count="5" type="stmt"/>
        <line num="57" count="5" type="stmt"/>
        <line num="58" count="4" type="stmt"/>
        <line num="59" count="12" type="cond" truecount="2" falsecount="0"/>
        <line num="61" count="4" type="stmt"/>
        <line num="62" count="4" type="stmt"/>
        <line num="64" count="1" type="stmt"/>
        <line num="65" count="1" type="stmt"/>
        <line num="70" count="4" type="stmt"/>
        <line num="71" count="4" type="stmt"/>
        <line num="72" count="4" type="stmt"/>
        <line num="73" count="6" type="stmt"/>
        <line num="74" count="3" type="stmt"/>
        <line num="76" count="1" type="stmt"/>
        <line num="77" count="1" type="stmt"/>
        <line num="82" count="6" type="stmt"/>
        <line num="83" count="6" type="stmt"/>
        <line num="84" count="6" type="stmt"/>
        <line num="85" count="15" type="stmt"/>
        <line num="86" count="5" type="stmt"/>
        <line num="87" count="5" type="stmt"/>
        <line num="89" count="1" type="stmt"/>
        <line num="90" count="1" type="stmt"/>
      </file>
      <file name="stepsStore.ts" path="/mnt/c/Users/rene_/source/repos/walkingApp/WalkingApp.Mobile/src/store/stepsStore.ts">
        <metrics statements="25" coveredstatements="25" conditionals="0" coveredconditionals="0" methods="5" coveredmethods="5"/>
        <line num="1" count="1" type="stmt"/>
        <line num="2" count="1" type="stmt"/>
        <line num="35" count="1" type="stmt"/>
        <line num="43" count="5" type="stmt"/>
        <line num="44" count="5" type="stmt"/>
        <line num="45" count="5" type="stmt"/>
        <line num="46" count="4" type="stmt"/>
        <line num="47" count="4" type="stmt"/>
        <line num="49" count="1" type="stmt"/>
        <line num="50" count="1" type="stmt"/>
        <line num="55" count="4" type="stmt"/>
        <line num="56" count="4" type="stmt"/>
        <line num="57" count="4" type="stmt"/>
        <line num="58" count="3" type="stmt"/>
        <line num="60" count="1" type="stmt"/>
        <line num="65" count="4" type="stmt"/>
        <line num="66" count="4" type="stmt"/>
        <line num="67" count="4" type="stmt"/>
        <line num="68" count="3" type="stmt"/>
        <line num="70" count="1" type="stmt"/>
        <line num="75" count="7" type="stmt"/>
        <line num="76" count="7" type="stmt"/>
        <line num="77" count="7" type="stmt"/>
        <line num="78" count="6" type="stmt"/>
        <line num="80" count="1" type="stmt"/>
      </file>
      <file name="userStore.ts" path="/mnt/c/Users/rene_/source/repos/walkingApp/WalkingApp.Mobile/src/store/userStore.ts">
        <metrics statements="31" coveredstatements="31" conditionals="4" coveredconditionals="4" methods="5" coveredmethods="5"/>
        <line num="1" count="2" type="stmt"/>
        <line num="2" count="2" type="stmt"/>
        <line num="50" count="2" type="stmt"/>
        <line num="56" count="4" type="stmt"/>
        <line num="57" count="4" type="stmt"/>
        <line num="58" count="4" type="stmt"/>
        <line num="59" count="3" type="stmt"/>
        <line num="61" count="1" type="stmt"/>
        <line num="66" count="4" type="stmt"/>
        <line num="67" count="4" type="stmt"/>
        <line num="68" count="4" type="stmt"/>
        <line num="69" count="3" type="stmt"/>
        <line num="71" count="1" type="stmt"/>
        <line num="72" count="1" type="stmt"/>
        <line num="77" count="5" type="stmt"/>
        <line num="78" count="5" type="stmt"/>
        <line num="79" count="5" type="stmt"/>
        <line num="80" count="5" type="cond" truecount="2" falsecount="0"/>
        <line num="82" count="4" type="stmt"/>
        <line num="83" count="3" type="stmt"/>
        <line num="88" count="2" type="stmt"/>
        <line num="89" count="2" type="stmt"/>
        <line num="94" count="5" type="stmt"/>
        <line num="95" count="5" type="stmt"/>
        <line num="96" count="5" type="stmt"/>
        <line num="97" count="4" type="stmt"/>
        <line num="98" count="4" type="cond" truecount="2" falsecount="0"/>
        <line num="99" count="3" type="stmt"/>
        <line num="104" count="1" type="stmt"/>
        <line num="107" count="1" type="stmt"/>
        <line num="108" count="1" type="stmt"/>
      </file>
    </package>
    <package name="theme">
      <metrics statements="15" coveredstatements="15" conditionals="2" coveredconditionals="2" methods="1" coveredmethods="1"/>
      <file name="ThemeProvider.tsx" path="/mnt/c/Users/rene_/source/repos/walkingApp/WalkingApp.Mobile/src/theme/ThemeProvider.tsx">
        <metrics statements="7" coveredstatements="7" conditionals="2" coveredconditionals="2" methods="1" coveredmethods="1"/>
        <line num="1" count="1" type="stmt"/>
        <line num="2" count="1" type="stmt"/>
        <line num="3" count="1" type="stmt"/>
        <line num="4" count="1" type="stmt"/>
        <line num="10" count="1" type="stmt"/>
        <line num="11" count="16" type="stmt"/>
        <line num="13" count="16" type="stmt"/>
      </file>
      <file name="colors.ts" path="/mnt/c/Users/rene_/source/repos/walkingApp/WalkingApp.Mobile/src/theme/colors.ts">
        <metrics statements="1" coveredstatements="1" conditionals="0" coveredconditionals="0" methods="0" coveredmethods="0"/>
        <line num="1" count="2" type="stmt"/>
      </file>
      <file name="theme.ts" path="/mnt/c/Users/rene_/source/repos/walkingApp/WalkingApp.Mobile/src/theme/theme.ts">
        <metrics statements="7" coveredstatements="7" conditionals="0" coveredconditionals="0" methods="0" coveredmethods="0"/>
        <line num="1" count="1" type="stmt"/>
        <line num="2" count="1" type="stmt"/>
        <line num="3" count="1" type="stmt"/>
        <line num="5" count="1" type="stmt"/>
        <line num="17" count="1" type="stmt"/>
        <line num="30" count="1" type="stmt"/>
        <line num="43" count="1" type="stmt"/>
      </file>
    </package>
  </project>
</coverage>
