{"/mnt/c/Users/rene_/source/repos/walkingApp/WalkingApp.Mobile/src/components/common/ErrorMessage.tsx": {"path":"/mnt/c/Users/rene_/source/repos/walkingApp/WalkingApp.Mobile/src/components/common/ErrorMessage.tsx","statementMap":{"0":{"start":{"line":1,"column":0},"end":{"line":1,"column":26}},"1":{"start":{"line":2,"column":0},"end":{"line":2,"column":48}},"2":{"start":{"line":3,"column":0},"end":{"line":3,"column":50}},"3":{"start":{"line":10,"column":57},"end":{"line":23,"column":1}},"4":{"start":{"line":11,"column":2},"end":{"line":22,"column":4}},"5":{"start":{"line":10,"column":13},"end":{"line":10,"column":57}},"6":{"start":{"line":25,"column":15},"end":{"line":39,"column":2}}},"fnMap":{"0":{"name":"(anonymous_1)","decl":{"start":{"line":10,"column":57},"end":{"line":10,"column":58}},"loc":{"start":{"line":10,"column":82},"end":{"line":23,"column":1}}}},"branchMap":{"0":{"loc":{"start":{"line":16,"column":7},"end":{"line":19,"column":null}},"type":"binary-expr","locations":[{"start":{"line":16,"column":7},"end":{"line":16,"column":14}},{"start":{"line":17,"column":8},"end":{"line":17,"column":null}}]}},"s":{"0":1,"1":1,"2":1,"3":1,"4":26,"5":1,"6":1},"f":{"0":26},"b":{"0":[26,10]}}
,"/mnt/c/Users/rene_/source/repos/walkingApp/WalkingApp.Mobile/src/components/common/LoadingSpinner.tsx": {"path":"/mnt/c/Users/rene_/source/repos/walkingApp/WalkingApp.Mobile/src/components/common/LoadingSpinner.tsx","statementMap":{"0":{"start":{"line":1,"column":0},"end":{"line":1,"column":26}},"1":{"start":{"line":2,"column":0},"end":{"line":2,"column":48}},"2":{"start":{"line":3,"column":0},"end":{"line":3,"column":55}},"3":{"start":{"line":5,"column":40},"end":{"line":11,"column":1}},"4":{"start":{"line":6,"column":2},"end":{"line":10,"column":4}},"5":{"start":{"line":5,"column":13},"end":{"line":5,"column":40}},"6":{"start":{"line":13,"column":15},"end":{"line":19,"column":2}}},"fnMap":{"0":{"name":"(anonymous_1)","decl":{"start":{"line":5,"column":40},"end":{"line":5,"column":43}},"loc":{"start":{"line":5,"column":45},"end":{"line":11,"column":1}}}},"branchMap":{},"s":{"0":1,"1":1,"2":1,"3":1,"4":11,"5":1,"6":1},"f":{"0":11},"b":{}}
,"/mnt/c/Users/rene_/source/repos/walkingApp/WalkingApp.Mobile/src/config/supabase.config.ts": {"path":"/mnt/c/Users/rene_/source/repos/walkingApp/WalkingApp.Mobile/src/config/supabase.config.ts","statementMap":{"0":{"start":{"line":1,"column":0},"end":{"line":1,"column":69}},"1":{"start":{"line":3,"column":13},"end":{"line":6,"column":2}},"2":{"start":{"line":8,"column":13},"end":{"line":11,"column":2}},"3":{"start":{"line":16,"column":30},"end":{"line":27,"column":1}},"4":{"start":{"line":17,"column":2},"end":{"line":20,"column":3}},"5":{"start":{"line":18,"column":4},"end":{"line":18,"column":61}},"6":{"start":{"line":19,"column":4},"end":{"line":19,"column":17}},"7":{"start":{"line":22,"column":2},"end":{"line":24,"column":3}},"8":{"start":{"line":23,"column":4},"end":{"line":23,"column":61}},"9":{"start":{"line":26,"column":2},"end":{"line":26,"column":14}},"10":{"start":{"line":16,"column":13},"end":{"line":16,"column":30}}},"fnMap":{"0":{"name":"(anonymous_0)","decl":{"start":{"line":16,"column":30},"end":{"line":16,"column":42}},"loc":{"start":{"line":16,"column":44},"end":{"line":27,"column":1}}}},"branchMap":{"0":{"loc":{"start":{"line":17,"column":2},"end":{"line":20,"column":3}},"type":"if","locations":[{"start":{"line":17,"column":2},"end":{"line":20,"column":3}},{"start":{},"end":{}}]},"1":{"loc":{"start":{"line":17,"column":6},"end":{"line":17,"column":41}},"type":"binary-expr","locations":[{"start":{"line":17,"column":6},"end":{"line":17,"column":19}},{"start":{"line":17,"column":23},"end":{"line":17,"column":41}}]},"2":{"loc":{"start":{"line":22,"column":2},"end":{"line":24,"column":3}},"type":"if","locations":[{"start":{"line":22,"column":2},"end":{"line":24,"column":3}},{"start":{},"end":{}}]}},"s":{"0":1,"1":1,"2":1,"3":1,"4":2,"5":0,"6":0,"7":2,"8":0,"9":2,"10":1},"f":{"0":2},"b":{"0":[0,2],"1":[2,2],"2":[0,2]}}
,"/mnt/c/Users/rene_/source/repos/walkingApp/WalkingApp.Mobile/src/hooks/useAppTheme.ts": {"path":"/mnt/c/Users/rene_/source/repos/walkingApp/WalkingApp.Mobile/src/hooks/useAppTheme.ts","statementMap":{"0":{"start":{"line":1,"column":0},"end":{"line":1,"column":46}},"1":{"start":{"line":2,"column":0},"end":{"line":2,"column":48}},"2":{"start":{"line":3,"column":0},"end":{"line":3,"column":96}},"3":{"start":{"line":5,"column":27},"end":{"line":22,"column":1}},"4":{"start":{"line":6,"column":28},"end":{"line":6,"column":44}},"5":{"start":{"line":7,"column":26},"end":{"line":8,"column":null}},"6":{"start":{"line":8,"column":15},"end":{"line":8,"column":64}},"7":{"start":{"line":13,"column":4},"end":{"line":13,"column":70}},"8":{"start":{"line":15,"column":17},"end":{"line":15,"column":42}},"9":{"start":{"line":17,"column":2},"end":{"line":21,"column":4}},"10":{"start":{"line":5,"column":13},"end":{"line":5,"column":27}}},"fnMap":{"0":{"name":"(anonymous_0)","decl":{"start":{"line":5,"column":27},"end":{"line":5,"column":30}},"loc":{"start":{"line":5,"column":32},"end":{"line":22,"column":1}}},"1":{"name":"(anonymous_1)","decl":{"start":{"line":8,"column":4},"end":{"line":8,"column":5}},"loc":{"start":{"line":8,"column":15},"end":{"line":8,"column":64}}}},"branchMap":{"0":{"loc":{"start":{"line":8,"column":15},"end":{"line":8,"column":64}},"type":"binary-expr","locations":[{"start":{"line":8,"column":15},"end":{"line":8,"column":52}},{"start":{"line":8,"column":56},"end":{"line":8,"column":64}}]},"1":{"loc":{"start":{"line":13,"column":4},"end":{"line":13,"column":70}},"type":"cond-expr","locations":[{"start":{"line":13,"column":35},"end":{"line":13,"column":52}},{"start":{"line":13,"column":55},"end":{"line":13,"column":70}}]},"2":{"loc":{"start":{"line":18,"column":16},"end":{"line":18,"column":47}},"type":"cond-expr","locations":[{"start":{"line":18,"column":25},"end":{"line":18,"column":34}},{"start":{"line":18,"column":37},"end":{"line":18,"column":47}}]},"3":{"loc":{"start":{"line":19,"column":21},"end":{"line":19,"column":72}},"type":"cond-expr","locations":[{"start":{"line":19,"column":30},"end":{"line":19,"column":49}},{"start":{"line":19,"column":52},"end":{"line":19,"column":72}}]}},"s":{"0":2,"1":2,"2":2,"3":2,"4":19,"5":19,"6":19,"7":19,"8":19,"9":19,"10":2},"f":{"0":19,"1":19},"b":{"0":[19,4],"1":[13,6],"2":[7,12],"3":[7,12]}}
,"/mnt/c/Users/rene_/source/repos/walkingApp/WalkingApp.Mobile/src/hooks/useSupabaseAuth.ts": {"path":"/mnt/c/Users/rene_/source/repos/walkingApp/WalkingApp.Mobile/src/hooks/useSupabaseAuth.ts","statementMap":{"0":{"start":{"line":1,"column":0},"end":{"line":1,"column":44}},"1":{"start":{"line":3,"column":0},"end":{"line":3,"column":46}},"2":{"start":{"line":5,"column":31},"end":{"line":35,"column":1}},"3":{"start":{"line":6,"column":32},"end":{"line":6,"column":62}},"4":{"start":{"line":7,"column":26},"end":{"line":7,"column":53}},"5":{"start":{"line":8,"column":32},"end":{"line":8,"column":46}},"6":{"start":{"line":10,"column":2},"end":{"line":27,"column":9}},"7":{"start":{"line":12,"column":4},"end":{"line":16,"column":7}},"8":{"start":{"line":13,"column":6},"end":{"line":13,"column":26}},"9":{"start":{"line":14,"column":6},"end":{"line":14,"column":37}},"10":{"start":{"line":15,"column":6},"end":{"line":15,"column":24}},"11":{"start":{"line":21,"column":8},"end":{"line":24,"column":6}},"12":{"start":{"line":22,"column":6},"end":{"line":22,"column":26}},"13":{"start":{"line":23,"column":6},"end":{"line":23,"column":37}},"14":{"start":{"line":26,"column":4},"end":{"line":26,"column":44}},"15":{"start":{"line":26,"column":17},"end":{"line":26,"column":43}},"16":{"start":{"line":29,"column":2},"end":{"line":34,"column":4}},"17":{"start":{"line":33,"column":19},"end":{"line":33,"column":42}},"18":{"start":{"line":5,"column":13},"end":{"line":5,"column":31}}},"fnMap":{"0":{"name":"(anonymous_0)","decl":{"start":{"line":5,"column":31},"end":{"line":5,"column":34}},"loc":{"start":{"line":5,"column":36},"end":{"line":35,"column":1}}},"1":{"name":"(anonymous_1)","decl":{"start":{"line":10,"column":12},"end":{"line":10,"column":15}},"loc":{"start":{"line":10,"column":17},"end":{"line":27,"column":3}}},"2":{"name":"(anonymous_2)","decl":{"start":{"line":12,"column":36},"end":{"line":12,"column":37}},"loc":{"start":{"line":12,"column":62},"end":{"line":16,"column":5}}},"3":{"name":"(anonymous_3)","decl":{"start":{"line":21,"column":40},"end":{"line":21,"column":41}},"loc":{"start":{"line":21,"column":60},"end":{"line":24,"column":5}}},"4":{"name":"(anonymous_4)","decl":{"start":{"line":26,"column":11},"end":{"line":26,"column":14}},"loc":{"start":{"line":26,"column":17},"end":{"line":26,"column":43}}},"5":{"name":"(anonymous_5)","decl":{"start":{"line":33,"column":13},"end":{"line":33,"column":16}},"loc":{"start":{"line":33,"column":19},"end":{"line":33,"column":42}}}},"branchMap":{"0":{"loc":{"start":{"line":14,"column":14},"end":{"line":14,"column":35}},"type":"binary-expr","locations":[{"start":{"line":14,"column":14},"end":{"line":14,"column":27}},{"start":{"line":14,"column":31},"end":{"line":14,"column":35}}]},"1":{"loc":{"start":{"line":23,"column":14},"end":{"line":23,"column":35}},"type":"binary-expr","locations":[{"start":{"line":23,"column":14},"end":{"line":23,"column":27}},{"start":{"line":23,"column":31},"end":{"line":23,"column":35}}]}},"s":{"0":1,"1":1,"2":1,"3":35,"4":35,"5":35,"6":35,"7":15,"8":14,"9":14,"10":14,"11":15,"12":6,"13":6,"14":15,"15":15,"16":35,"17":1,"18":1},"f":{"0":35,"1":15,"2":14,"3":6,"4":15,"5":1},"b":{"0":[14,12],"1":[6,2]}}
,"/mnt/c/Users/rene_/source/repos/walkingApp/WalkingApp.Mobile/src/navigation/AuthNavigator.tsx": {"path":"/mnt/c/Users/rene_/source/repos/walkingApp/WalkingApp.Mobile/src/navigation/AuthNavigator.tsx","statementMap":{"0":{"start":{"line":11,"column":0},"end":{"line":11,"column":24}},"1":{"start":{"line":1,"column":0},"end":{"line":1,"column":26}},"2":{"start":{"line":2,"column":0},"end":{"line":2,"column":76}},"3":{"start":{"line":5,"column":0},"end":{"line":5,"column":52}},"4":{"start":{"line":6,"column":0},"end":{"line":6,"column":58}},"5":{"start":{"line":7,"column":0},"end":{"line":7,"column":70}},"6":{"start":{"line":9,"column":14},"end":{"line":9,"column":62}},"7":{"start":{"line":12,"column":2},"end":{"line":23,"column":4}}},"fnMap":{"0":{"name":"AuthNavigator","decl":{"start":{"line":11,"column":24},"end":{"line":11,"column":37}},"loc":{"start":{"line":11,"column":37},"end":{"line":24,"column":1}}}},"branchMap":{},"s":{"0":1,"1":1,"2":1,"3":1,"4":1,"5":1,"6":1,"7":3},"f":{"0":3},"b":{}}
,"/mnt/c/Users/rene_/source/repos/walkingApp/WalkingApp.Mobile/src/navigation/MainNavigator.tsx": {"path":"/mnt/c/Users/rene_/source/repos/walkingApp/WalkingApp.Mobile/src/navigation/MainNavigator.tsx","statementMap":{"0":{"start":{"line":10,"column":0},"end":{"line":10,"column":24}},"1":{"start":{"line":1,"column":0},"end":{"line":1,"column":26}},"2":{"start":{"line":2,"column":0},"end":{"line":2,"column":76}},"3":{"start":{"line":5,"column":0},"end":{"line":5,"column":42}},"4":{"start":{"line":6,"column":0},"end":{"line":6,"column":77}},"5":{"start":{"line":8,"column":14},"end":{"line":8,"column":62}},"6":{"start":{"line":11,"column":2},"end":{"line":22,"column":4}}},"fnMap":{"0":{"name":"MainNavigator","decl":{"start":{"line":10,"column":24},"end":{"line":10,"column":37}},"loc":{"start":{"line":10,"column":37},"end":{"line":23,"column":1}}}},"branchMap":{},"s":{"0":1,"1":1,"2":1,"3":1,"4":1,"5":1,"6":2},"f":{"0":2},"b":{}}
,"/mnt/c/Users/rene_/source/repos/walkingApp/WalkingApp.Mobile/src/navigation/RootNavigator.tsx": {"path":"/mnt/c/Users/rene_/source/repos/walkingApp/WalkingApp.Mobile/src/navigation/RootNavigator.tsx","statementMap":{"0":{"start":{"line":12,"column":0},"end":{"line":12,"column":24}},"1":{"start":{"line":1,"column":0},"end":{"line":1,"column":51}},"2":{"start":{"line":2,"column":0},"end":{"line":2,"column":76}},"3":{"start":{"line":4,"column":0},"end":{"line":4,"column":44}},"4":{"start":{"line":5,"column":0},"end":{"line":5,"column":44}},"5":{"start":{"line":6,"column":0},"end":{"line":6,"column":68}},"6":{"start":{"line":7,"column":0},"end":{"line":7,"column":48}},"7":{"start":{"line":10,"column":14},"end":{"line":10,"column":62}},"8":{"start":{"line":13,"column":26},"end":{"line":13,"column":72}},"9":{"start":{"line":13,"column":50},"end":{"line":13,"column":71}},"10":{"start":{"line":14,"column":48},"end":{"line":14,"column":63}},"11":{"start":{"line":16,"column":2},"end":{"line":24,"column":24}},"12":{"start":{"line":18,"column":20},"end":{"line":18,"column":51}},"13":{"start":{"line":19,"column":4},"end":{"line":23,"column":5}},"14":{"start":{"line":20,"column":6},"end":{"line":20,"column":31}},"15":{"start":{"line":22,"column":6},"end":{"line":22,"column":32}},"16":{"start":{"line":26,"column":2},"end":{"line":36,"column":4}}},"fnMap":{"0":{"name":"RootNavigator","decl":{"start":{"line":12,"column":24},"end":{"line":12,"column":37}},"loc":{"start":{"line":12,"column":37},"end":{"line":37,"column":1}}},"1":{"name":"(anonymous_11)","decl":{"start":{"line":13,"column":39},"end":{"line":13,"column":40}},"loc":{"start":{"line":13,"column":50},"end":{"line":13,"column":71}}},"2":{"name":"(anonymous_12)","decl":{"start":{"line":16,"column":12},"end":{"line":16,"column":15}},"loc":{"start":{"line":16,"column":17},"end":{"line":24,"column":3}}}},"branchMap":{"0":{"loc":{"start":{"line":19,"column":4},"end":{"line":23,"column":5}},"type":"if","locations":[{"start":{"line":19,"column":4},"end":{"line":23,"column":5}},{"start":{"line":21,"column":11},"end":{"line":23,"column":5}}]},"1":{"loc":{"start":{"line":28,"column":7},"end":{"line":33,"column":null}},"type":"cond-expr","locations":[{"start":{"line":29,"column":8},"end":{"line":29,"column":62}},{"start":{"line":30,"column":10},"end":{"line":33,"column":null}}]},"2":{"loc":{"start":{"line":30,"column":10},"end":{"line":33,"column":null}},"type":"cond-expr","locations":[{"start":{"line":31,"column":8},"end":{"line":31,"column":71}},{"start":{"line":33,"column":8},"end":{"line":33,"column":62}}]}},"s":{"0":1,"1":1,"2":1,"3":1,"4":1,"5":1,"6":1,"7":1,"8":9,"9":27,"10":9,"11":9,"12":9,"13":9,"14":0,"15":9,"16":9},"f":{"0":9,"1":27,"2":9},"b":{"0":[0,9],"1":[9,0],"2":[0,0]}}
,"/mnt/c/Users/rene_/source/repos/walkingApp/WalkingApp.Mobile/src/navigation/TabNavigator.tsx": {"path":"/mnt/c/Users/rene_/source/repos/walkingApp/WalkingApp.Mobile/src/navigation/TabNavigator.tsx","statementMap":{"0":{"start":{"line":14,"column":0},"end":{"line":14,"column":24}},"1":{"start":{"line":1,"column":0},"end":{"line":1,"column":26}},"2":{"start":{"line":2,"column":0},"end":{"line":2,"column":73}},"3":{"start":{"line":3,"column":0},"end":{"line":3,"column":60}},"4":{"start":{"line":6,"column":0},"end":{"line":6,"column":61}},"5":{"start":{"line":7,"column":0},"end":{"line":7,"column":63}},"6":{"start":{"line":8,"column":0},"end":{"line":8,"column":67}},"7":{"start":{"line":9,"column":0},"end":{"line":9,"column":65}},"8":{"start":{"line":10,"column":0},"end":{"line":10,"column":69}},"9":{"start":{"line":12,"column":12},"end":{"line":12,"column":52}},"10":{"start":{"line":15,"column":2},"end":{"line":74,"column":4}},"11":{"start":{"line":29,"column":12},"end":{"line":29,"column":76}},"12":{"start":{"line":39,"column":12},"end":{"line":39,"column":76}},"13":{"start":{"line":49,"column":12},"end":{"line":49,"column":85}},"14":{"start":{"line":59,"column":12},"end":{"line":59,"column":78}},"15":{"start":{"line":69,"column":12},"end":{"line":69,"column":75}}},"fnMap":{"0":{"name":"TabNavigator","decl":{"start":{"line":14,"column":24},"end":{"line":14,"column":36}},"loc":{"start":{"line":14,"column":36},"end":{"line":75,"column":1}}},"1":{"name":"(anonymous_2)","decl":{"start":{"line":28,"column":22},"end":{"line":28,"column":23}},"loc":{"start":{"line":29,"column":12},"end":{"line":29,"column":76}}},"2":{"name":"(anonymous_3)","decl":{"start":{"line":38,"column":22},"end":{"line":38,"column":23}},"loc":{"start":{"line":39,"column":12},"end":{"line":39,"column":76}}},"3":{"name":"(anonymous_4)","decl":{"start":{"line":48,"column":22},"end":{"line":48,"column":23}},"loc":{"start":{"line":49,"column":12},"end":{"line":49,"column":85}}},"4":{"name":"(anonymous_5)","decl":{"start":{"line":58,"column":22},"end":{"line":58,"column":23}},"loc":{"start":{"line":59,"column":12},"end":{"line":59,"column":78}}},"5":{"name":"(anonymous_6)","decl":{"start":{"line":68,"column":22},"end":{"line":68,"column":23}},"loc":{"start":{"line":69,"column":12},"end":{"line":69,"column":75}}}},"branchMap":{},"s":{"0":1,"1":1,"2":1,"3":1,"4":1,"5":1,"6":1,"7":1,"8":1,"9":1,"10":5,"11":0,"12":0,"13":0,"14":0,"15":0},"f":{"0":5,"1":0,"2":0,"3":0,"4":0,"5":0},"b":{}}
,"/mnt/c/Users/rene_/source/repos/walkingApp/WalkingApp.Mobile/src/navigation/stacks/FriendsStackNavigator.tsx": {"path":"/mnt/c/Users/rene_/source/repos/walkingApp/WalkingApp.Mobile/src/navigation/stacks/FriendsStackNavigator.tsx","statementMap":{"0":{"start":{"line":11,"column":0},"end":{"line":11,"column":24}},"1":{"start":{"line":1,"column":0},"end":{"line":1,"column":26}},"2":{"start":{"line":2,"column":0},"end":{"line":2,"column":76}},"3":{"start":{"line":5,"column":0},"end":{"line":5,"column":67}},"4":{"start":{"line":6,"column":0},"end":{"line":6,"column":75}},"5":{"start":{"line":7,"column":0},"end":{"line":7,"column":67}},"6":{"start":{"line":9,"column":14},"end":{"line":9,"column":65}},"7":{"start":{"line":12,"column":2},"end":{"line":30,"column":4}}},"fnMap":{"0":{"name":"FriendsStackNavigator","decl":{"start":{"line":11,"column":24},"end":{"line":11,"column":45}},"loc":{"start":{"line":11,"column":45},"end":{"line":31,"column":1}}}},"branchMap":{},"s":{"0":1,"1":1,"2":1,"3":1,"4":1,"5":1,"6":1,"7":3},"f":{"0":3},"b":{}}
,"/mnt/c/Users/rene_/source/repos/walkingApp/WalkingApp.Mobile/src/navigation/stacks/GroupsStackNavigator.tsx": {"path":"/mnt/c/Users/rene_/source/repos/walkingApp/WalkingApp.Mobile/src/navigation/stacks/GroupsStackNavigator.tsx","statementMap":{"0":{"start":{"line":13,"column":0},"end":{"line":13,"column":24}},"1":{"start":{"line":1,"column":0},"end":{"line":1,"column":26}},"2":{"start":{"line":2,"column":0},"end":{"line":2,"column":76}},"3":{"start":{"line":5,"column":0},"end":{"line":5,"column":64}},"4":{"start":{"line":6,"column":0},"end":{"line":6,"column":66}},"5":{"start":{"line":7,"column":0},"end":{"line":7,"column":74}},"6":{"start":{"line":8,"column":0},"end":{"line":8,"column":66}},"7":{"start":{"line":9,"column":0},"end":{"line":9,"column":62}},"8":{"start":{"line":11,"column":14},"end":{"line":11,"column":64}},"9":{"start":{"line":14,"column":2},"end":{"line":42,"column":4}}},"fnMap":{"0":{"name":"GroupsStackNavigator","decl":{"start":{"line":13,"column":24},"end":{"line":13,"column":44}},"loc":{"start":{"line":13,"column":44},"end":{"line":43,"column":1}}}},"branchMap":{},"s":{"0":1,"1":1,"2":1,"3":1,"4":1,"5":1,"6":1,"7":1,"8":1,"9":5},"f":{"0":5},"b":{}}
,"/mnt/c/Users/rene_/source/repos/walkingApp/WalkingApp.Mobile/src/navigation/stacks/HomeStackNavigator.tsx": {"path":"/mnt/c/Users/rene_/source/repos/walkingApp/WalkingApp.Mobile/src/navigation/stacks/HomeStackNavigator.tsx","statementMap":{"0":{"start":{"line":9,"column":0},"end":{"line":9,"column":24}},"1":{"start":{"line":1,"column":0},"end":{"line":1,"column":26}},"2":{"start":{"line":2,"column":0},"end":{"line":2,"column":76}},"3":{"start":{"line":5,"column":0},"end":{"line":5,"column":50}},"4":{"start":{"line":7,"column":14},"end":{"line":7,"column":62}},"5":{"start":{"line":10,"column":2},"end":{"line":18,"column":4}}},"fnMap":{"0":{"name":"HomeStackNavigator","decl":{"start":{"line":9,"column":24},"end":{"line":9,"column":42}},"loc":{"start":{"line":9,"column":42},"end":{"line":19,"column":1}}}},"branchMap":{},"s":{"0":1,"1":1,"2":1,"3":1,"4":1,"5":1},"f":{"0":1},"b":{}}
,"/mnt/c/Users/rene_/source/repos/walkingApp/WalkingApp.Mobile/src/navigation/stacks/SettingsStackNavigator.tsx": {"path":"/mnt/c/Users/rene_/source/repos/walkingApp/WalkingApp.Mobile/src/navigation/stacks/SettingsStackNavigator.tsx","statementMap":{"0":{"start":{"line":11,"column":0},"end":{"line":11,"column":24}},"1":{"start":{"line":1,"column":0},"end":{"line":1,"column":26}},"2":{"start":{"line":2,"column":0},"end":{"line":2,"column":76}},"3":{"start":{"line":5,"column":0},"end":{"line":5,"column":62}},"4":{"start":{"line":6,"column":0},"end":{"line":6,"column":60}},"5":{"start":{"line":7,"column":0},"end":{"line":7,"column":68}},"6":{"start":{"line":9,"column":14},"end":{"line":9,"column":66}},"7":{"start":{"line":12,"column":2},"end":{"line":30,"column":4}}},"fnMap":{"0":{"name":"SettingsStackNavigator","decl":{"start":{"line":11,"column":24},"end":{"line":11,"column":46}},"loc":{"start":{"line":11,"column":46},"end":{"line":31,"column":1}}}},"branchMap":{},"s":{"0":1,"1":1,"2":1,"3":1,"4":1,"5":1,"6":1,"7":3},"f":{"0":3},"b":{}}
,"/mnt/c/Users/rene_/source/repos/walkingApp/WalkingApp.Mobile/src/navigation/stacks/StepsStackNavigator.tsx": {"path":"/mnt/c/Users/rene_/source/repos/walkingApp/WalkingApp.Mobile/src/navigation/stacks/StepsStackNavigator.tsx","statementMap":{"0":{"start":{"line":9,"column":0},"end":{"line":9,"column":24}},"1":{"start":{"line":1,"column":0},"end":{"line":1,"column":26}},"2":{"start":{"line":2,"column":0},"end":{"line":2,"column":76}},"3":{"start":{"line":5,"column":0},"end":{"line":5,"column":67}},"4":{"start":{"line":7,"column":14},"end":{"line":7,"column":63}},"5":{"start":{"line":10,"column":2},"end":{"line":18,"column":4}}},"fnMap":{"0":{"name":"StepsStackNavigator","decl":{"start":{"line":9,"column":24},"end":{"line":9,"column":43}},"loc":{"start":{"line":9,"column":43},"end":{"line":19,"column":1}}}},"branchMap":{},"s":{"0":1,"1":1,"2":1,"3":1,"4":1,"5":1},"f":{"0":1},"b":{}}
,"/mnt/c/Users/rene_/source/repos/walkingApp/WalkingApp.Mobile/src/screens/auth/ForgotPasswordScreen.tsx": {"path":"/mnt/c/Users/rene_/source/repos/walkingApp/WalkingApp.Mobile/src/screens/auth/ForgotPasswordScreen.tsx","statementMap":{"0":{"start":{"line":4,"column":0},"end":{"line":4,"column":24}},"1":{"start":{"line":1,"column":0},"end":{"line":1,"column":26}},"2":{"start":{"line":2,"column":0},"end":{"line":2,"column":54}},"3":{"start":{"line":5,"column":2},"end":{"line":9,"column":4}},"4":{"start":{"line":12,"column":15},"end":{"line":23,"column":2}}},"fnMap":{"0":{"name":"ForgotPasswordScreen","decl":{"start":{"line":4,"column":24},"end":{"line":4,"column":44}},"loc":{"start":{"line":4,"column":44},"end":{"line":10,"column":1}}}},"branchMap":{},"s":{"0":0,"1":0,"2":0,"3":0,"4":0},"f":{"0":0},"b":{}}
,"/mnt/c/Users/rene_/source/repos/walkingApp/WalkingApp.Mobile/src/screens/auth/LoginScreen.tsx": {"path":"/mnt/c/Users/rene_/source/repos/walkingApp/WalkingApp.Mobile/src/screens/auth/LoginScreen.tsx","statementMap":{"0":{"start":{"line":4,"column":0},"end":{"line":4,"column":24}},"1":{"start":{"line":1,"column":0},"end":{"line":1,"column":26}},"2":{"start":{"line":2,"column":0},"end":{"line":2,"column":54}},"3":{"start":{"line":5,"column":2},"end":{"line":9,"column":4}},"4":{"start":{"line":12,"column":15},"end":{"line":23,"column":2}}},"fnMap":{"0":{"name":"LoginScreen","decl":{"start":{"line":4,"column":24},"end":{"line":4,"column":35}},"loc":{"start":{"line":4,"column":35},"end":{"line":10,"column":1}}}},"branchMap":{},"s":{"0":0,"1":0,"2":0,"3":0,"4":0},"f":{"0":0},"b":{}}
,"/mnt/c/Users/rene_/source/repos/walkingApp/WalkingApp.Mobile/src/screens/auth/RegisterScreen.tsx": {"path":"/mnt/c/Users/rene_/source/repos/walkingApp/WalkingApp.Mobile/src/screens/auth/RegisterScreen.tsx","statementMap":{"0":{"start":{"line":4,"column":0},"end":{"line":4,"column":24}},"1":{"start":{"line":1,"column":0},"end":{"line":1,"column":26}},"2":{"start":{"line":2,"column":0},"end":{"line":2,"column":54}},"3":{"start":{"line":5,"column":2},"end":{"line":9,"column":4}},"4":{"start":{"line":12,"column":15},"end":{"line":23,"column":2}}},"fnMap":{"0":{"name":"RegisterScreen","decl":{"start":{"line":4,"column":24},"end":{"line":4,"column":38}},"loc":{"start":{"line":4,"column":38},"end":{"line":10,"column":1}}}},"branchMap":{},"s":{"0":0,"1":0,"2":0,"3":0,"4":0},"f":{"0":0},"b":{}}
,"/mnt/c/Users/rene_/source/repos/walkingApp/WalkingApp.Mobile/src/screens/friends/FriendDiscoveryScreen.tsx": {"path":"/mnt/c/Users/rene_/source/repos/walkingApp/WalkingApp.Mobile/src/screens/friends/FriendDiscoveryScreen.tsx","statementMap":{"0":{"start":{"line":4,"column":0},"end":{"line":4,"column":24}},"1":{"start":{"line":1,"column":0},"end":{"line":1,"column":26}},"2":{"start":{"line":2,"column":0},"end":{"line":2,"column":54}},"3":{"start":{"line":5,"column":2},"end":{"line":9,"column":4}},"4":{"start":{"line":12,"column":15},"end":{"line":23,"column":2}}},"fnMap":{"0":{"name":"FriendDiscoveryScreen","decl":{"start":{"line":4,"column":24},"end":{"line":4,"column":45}},"loc":{"start":{"line":4,"column":45},"end":{"line":10,"column":1}}}},"branchMap":{},"s":{"0":0,"1":0,"2":0,"3":0,"4":0},"f":{"0":0},"b":{}}
,"/mnt/c/Users/rene_/source/repos/walkingApp/WalkingApp.Mobile/src/screens/friends/FriendsListScreen.tsx": {"path":"/mnt/c/Users/rene_/source/repos/walkingApp/WalkingApp.Mobile/src/screens/friends/FriendsListScreen.tsx","statementMap":{"0":{"start":{"line":4,"column":0},"end":{"line":4,"column":24}},"1":{"start":{"line":1,"column":0},"end":{"line":1,"column":26}},"2":{"start":{"line":2,"column":0},"end":{"line":2,"column":54}},"3":{"start":{"line":5,"column":2},"end":{"line":9,"column":4}},"4":{"start":{"line":12,"column":15},"end":{"line":23,"column":2}}},"fnMap":{"0":{"name":"FriendsListScreen","decl":{"start":{"line":4,"column":24},"end":{"line":4,"column":41}},"loc":{"start":{"line":4,"column":41},"end":{"line":10,"column":1}}}},"branchMap":{},"s":{"0":0,"1":0,"2":0,"3":0,"4":0},"f":{"0":0},"b":{}}
,"/mnt/c/Users/rene_/source/repos/walkingApp/WalkingApp.Mobile/src/screens/friends/UserProfileScreen.tsx": {"path":"/mnt/c/Users/rene_/source/repos/walkingApp/WalkingApp.Mobile/src/screens/friends/UserProfileScreen.tsx","statementMap":{"0":{"start":{"line":7,"column":0},"end":{"line":7,"column":24}},"1":{"start":{"line":1,"column":0},"end":{"line":1,"column":26}},"2":{"start":{"line":2,"column":0},"end":{"line":2,"column":54}},"3":{"start":{"line":8,"column":21},"end":{"line":8,"column":33}},"4":{"start":{"line":10,"column":2},"end":{"line":15,"column":4}},"5":{"start":{"line":18,"column":15},"end":{"line":34,"column":2}}},"fnMap":{"0":{"name":"UserProfileScreen","decl":{"start":{"line":7,"column":24},"end":{"line":7,"column":41}},"loc":{"start":{"line":7,"column":58},"end":{"line":16,"column":1}}}},"branchMap":{},"s":{"0":0,"1":0,"2":0,"3":0,"4":0,"5":0},"f":{"0":0},"b":{}}
,"/mnt/c/Users/rene_/source/repos/walkingApp/WalkingApp.Mobile/src/screens/groups/CreateGroupScreen.tsx": {"path":"/mnt/c/Users/rene_/source/repos/walkingApp/WalkingApp.Mobile/src/screens/groups/CreateGroupScreen.tsx","statementMap":{"0":{"start":{"line":4,"column":0},"end":{"line":4,"column":24}},"1":{"start":{"line":1,"column":0},"end":{"line":1,"column":26}},"2":{"start":{"line":2,"column":0},"end":{"line":2,"column":54}},"3":{"start":{"line":5,"column":2},"end":{"line":9,"column":4}},"4":{"start":{"line":12,"column":15},"end":{"line":23,"column":2}}},"fnMap":{"0":{"name":"CreateGroupScreen","decl":{"start":{"line":4,"column":24},"end":{"line":4,"column":41}},"loc":{"start":{"line":4,"column":41},"end":{"line":10,"column":1}}}},"branchMap":{},"s":{"0":0,"1":0,"2":0,"3":0,"4":0},"f":{"0":0},"b":{}}
,"/mnt/c/Users/rene_/source/repos/walkingApp/WalkingApp.Mobile/src/screens/groups/GroupDetailScreen.tsx": {"path":"/mnt/c/Users/rene_/source/repos/walkingApp/WalkingApp.Mobile/src/screens/groups/GroupDetailScreen.tsx","statementMap":{"0":{"start":{"line":7,"column":0},"end":{"line":7,"column":24}},"1":{"start":{"line":1,"column":0},"end":{"line":1,"column":26}},"2":{"start":{"line":2,"column":0},"end":{"line":2,"column":54}},"3":{"start":{"line":8,"column":22},"end":{"line":8,"column":34}},"4":{"start":{"line":10,"column":2},"end":{"line":15,"column":4}},"5":{"start":{"line":18,"column":15},"end":{"line":34,"column":2}}},"fnMap":{"0":{"name":"GroupDetailScreen","decl":{"start":{"line":7,"column":24},"end":{"line":7,"column":41}},"loc":{"start":{"line":7,"column":58},"end":{"line":16,"column":1}}}},"branchMap":{},"s":{"0":0,"1":0,"2":0,"3":0,"4":0,"5":0},"f":{"0":0},"b":{}}
,"/mnt/c/Users/rene_/source/repos/walkingApp/WalkingApp.Mobile/src/screens/groups/GroupManagementScreen.tsx": {"path":"/mnt/c/Users/rene_/source/repos/walkingApp/WalkingApp.Mobile/src/screens/groups/GroupManagementScreen.tsx","statementMap":{"0":{"start":{"line":7,"column":0},"end":{"line":7,"column":24}},"1":{"start":{"line":1,"column":0},"end":{"line":1,"column":26}},"2":{"start":{"line":2,"column":0},"end":{"line":2,"column":54}},"3":{"start":{"line":8,"column":22},"end":{"line":8,"column":34}},"4":{"start":{"line":10,"column":2},"end":{"line":15,"column":4}},"5":{"start":{"line":18,"column":15},"end":{"line":34,"column":2}}},"fnMap":{"0":{"name":"GroupManagementScreen","decl":{"start":{"line":7,"column":24},"end":{"line":7,"column":45}},"loc":{"start":{"line":7,"column":62},"end":{"line":16,"column":1}}}},"branchMap":{},"s":{"0":0,"1":0,"2":0,"3":0,"4":0,"5":0},"f":{"0":0},"b":{}}
,"/mnt/c/Users/rene_/source/repos/walkingApp/WalkingApp.Mobile/src/screens/groups/GroupsListScreen.tsx": {"path":"/mnt/c/Users/rene_/source/repos/walkingApp/WalkingApp.Mobile/src/screens/groups/GroupsListScreen.tsx","statementMap":{"0":{"start":{"line":4,"column":0},"end":{"line":4,"column":24}},"1":{"start":{"line":1,"column":0},"end":{"line":1,"column":26}},"2":{"start":{"line":2,"column":0},"end":{"line":2,"column":54}},"3":{"start":{"line":5,"column":2},"end":{"line":9,"column":4}},"4":{"start":{"line":12,"column":15},"end":{"line":23,"column":2}}},"fnMap":{"0":{"name":"GroupsListScreen","decl":{"start":{"line":4,"column":24},"end":{"line":4,"column":40}},"loc":{"start":{"line":4,"column":40},"end":{"line":10,"column":1}}}},"branchMap":{},"s":{"0":0,"1":0,"2":0,"3":0,"4":0},"f":{"0":0},"b":{}}
,"/mnt/c/Users/rene_/source/repos/walkingApp/WalkingApp.Mobile/src/screens/groups/JoinGroupScreen.tsx": {"path":"/mnt/c/Users/rene_/source/repos/walkingApp/WalkingApp.Mobile/src/screens/groups/JoinGroupScreen.tsx","statementMap":{"0":{"start":{"line":4,"column":0},"end":{"line":4,"column":24}},"1":{"start":{"line":1,"column":0},"end":{"line":1,"column":26}},"2":{"start":{"line":2,"column":0},"end":{"line":2,"column":54}},"3":{"start":{"line":5,"column":2},"end":{"line":9,"column":4}},"4":{"start":{"line":12,"column":15},"end":{"line":23,"column":2}}},"fnMap":{"0":{"name":"JoinGroupScreen","decl":{"start":{"line":4,"column":24},"end":{"line":4,"column":39}},"loc":{"start":{"line":4,"column":39},"end":{"line":10,"column":1}}}},"branchMap":{},"s":{"0":0,"1":0,"2":0,"3":0,"4":0},"f":{"0":0},"b":{}}
,"/mnt/c/Users/rene_/source/repos/walkingApp/WalkingApp.Mobile/src/screens/home/HomeScreen.tsx": {"path":"/mnt/c/Users/rene_/source/repos/walkingApp/WalkingApp.Mobile/src/screens/home/HomeScreen.tsx","statementMap":{"0":{"start":{"line":4,"column":0},"end":{"line":4,"column":24}},"1":{"start":{"line":1,"column":0},"end":{"line":1,"column":26}},"2":{"start":{"line":2,"column":0},"end":{"line":2,"column":54}},"3":{"start":{"line":5,"column":2},"end":{"line":9,"column":4}},"4":{"start":{"line":12,"column":15},"end":{"line":23,"column":2}}},"fnMap":{"0":{"name":"HomeScreen","decl":{"start":{"line":4,"column":24},"end":{"line":4,"column":34}},"loc":{"start":{"line":4,"column":34},"end":{"line":10,"column":1}}}},"branchMap":{},"s":{"0":0,"1":0,"2":0,"3":0,"4":0},"f":{"0":0},"b":{}}
,"/mnt/c/Users/rene_/source/repos/walkingApp/WalkingApp.Mobile/src/screens/notifications/NotificationsScreen.tsx": {"path":"/mnt/c/Users/rene_/source/repos/walkingApp/WalkingApp.Mobile/src/screens/notifications/NotificationsScreen.tsx","statementMap":{"0":{"start":{"line":4,"column":0},"end":{"line":4,"column":24}},"1":{"start":{"line":1,"column":0},"end":{"line":1,"column":26}},"2":{"start":{"line":2,"column":0},"end":{"line":2,"column":54}},"3":{"start":{"line":5,"column":2},"end":{"line":9,"column":4}},"4":{"start":{"line":12,"column":15},"end":{"line":23,"column":2}}},"fnMap":{"0":{"name":"NotificationsScreen","decl":{"start":{"line":4,"column":24},"end":{"line":4,"column":43}},"loc":{"start":{"line":4,"column":43},"end":{"line":10,"column":1}}}},"branchMap":{},"s":{"0":0,"1":0,"2":0,"3":0,"4":0},"f":{"0":0},"b":{}}
,"/mnt/c/Users/rene_/source/repos/walkingApp/WalkingApp.Mobile/src/screens/onboarding/OnboardingScreen.tsx": {"path":"/mnt/c/Users/rene_/source/repos/walkingApp/WalkingApp.Mobile/src/screens/onboarding/OnboardingScreen.tsx","statementMap":{"0":{"start":{"line":4,"column":0},"end":{"line":4,"column":24}},"1":{"start":{"line":1,"column":0},"end":{"line":1,"column":26}},"2":{"start":{"line":2,"column":0},"end":{"line":2,"column":54}},"3":{"start":{"line":5,"column":2},"end":{"line":9,"column":4}},"4":{"start":{"line":12,"column":15},"end":{"line":23,"column":2}}},"fnMap":{"0":{"name":"OnboardingScreen","decl":{"start":{"line":4,"column":24},"end":{"line":4,"column":40}},"loc":{"start":{"line":4,"column":40},"end":{"line":10,"column":1}}}},"branchMap":{},"s":{"0":0,"1":0,"2":0,"3":0,"4":0},"f":{"0":0},"b":{}}
,"/mnt/c/Users/rene_/source/repos/walkingApp/WalkingApp.Mobile/src/screens/settings/EditProfileScreen.tsx": {"path":"/mnt/c/Users/rene_/source/repos/walkingApp/WalkingApp.Mobile/src/screens/settings/EditProfileScreen.tsx","statementMap":{"0":{"start":{"line":4,"column":0},"end":{"line":4,"column":24}},"1":{"start":{"line":1,"column":0},"end":{"line":1,"column":26}},"2":{"start":{"line":2,"column":0},"end":{"line":2,"column":54}},"3":{"start":{"line":5,"column":2},"end":{"line":9,"column":4}},"4":{"start":{"line":12,"column":15},"end":{"line":23,"column":2}}},"fnMap":{"0":{"name":"EditProfileScreen","decl":{"start":{"line":4,"column":24},"end":{"line":4,"column":41}},"loc":{"start":{"line":4,"column":41},"end":{"line":10,"column":1}}}},"branchMap":{},"s":{"0":0,"1":0,"2":0,"3":0,"4":0},"f":{"0":0},"b":{}}
,"/mnt/c/Users/rene_/source/repos/walkingApp/WalkingApp.Mobile/src/screens/settings/ProfileScreen.tsx": {"path":"/mnt/c/Users/rene_/source/repos/walkingApp/WalkingApp.Mobile/src/screens/settings/ProfileScreen.tsx","statementMap":{"0":{"start":{"line":4,"column":0},"end":{"line":4,"column":24}},"1":{"start":{"line":1,"column":0},"end":{"line":1,"column":26}},"2":{"start":{"line":2,"column":0},"end":{"line":2,"column":54}},"3":{"start":{"line":5,"column":2},"end":{"line":9,"column":4}},"4":{"start":{"line":12,"column":15},"end":{"line":23,"column":2}}},"fnMap":{"0":{"name":"ProfileScreen","decl":{"start":{"line":4,"column":24},"end":{"line":4,"column":37}},"loc":{"start":{"line":4,"column":37},"end":{"line":10,"column":1}}}},"branchMap":{},"s":{"0":0,"1":0,"2":0,"3":0,"4":0},"f":{"0":0},"b":{}}
,"/mnt/c/Users/rene_/source/repos/walkingApp/WalkingApp.Mobile/src/screens/settings/SettingsScreen.tsx": {"path":"/mnt/c/Users/rene_/source/repos/walkingApp/WalkingApp.Mobile/src/screens/settings/SettingsScreen.tsx","statementMap":{"0":{"start":{"line":4,"column":0},"end":{"line":4,"column":24}},"1":{"start":{"line":1,"column":0},"end":{"line":1,"column":26}},"2":{"start":{"line":2,"column":0},"end":{"line":2,"column":54}},"3":{"start":{"line":5,"column":2},"end":{"line":9,"column":4}},"4":{"start":{"line":12,"column":15},"end":{"line":23,"column":2}}},"fnMap":{"0":{"name":"SettingsScreen","decl":{"start":{"line":4,"column":24},"end":{"line":4,"column":38}},"loc":{"start":{"line":4,"column":38},"end":{"line":10,"column":1}}}},"branchMap":{},"s":{"0":0,"1":0,"2":0,"3":0,"4":0},"f":{"0":0},"b":{}}
,"/mnt/c/Users/rene_/source/repos/walkingApp/WalkingApp.Mobile/src/screens/steps/StepsHistoryScreen.tsx": {"path":"/mnt/c/Users/rene_/source/repos/walkingApp/WalkingApp.Mobile/src/screens/steps/StepsHistoryScreen.tsx","statementMap":{"0":{"start":{"line":4,"column":0},"end":{"line":4,"column":24}},"1":{"start":{"line":1,"column":0},"end":{"line":1,"column":26}},"2":{"start":{"line":2,"column":0},"end":{"line":2,"column":54}},"3":{"start":{"line":5,"column":2},"end":{"line":9,"column":4}},"4":{"start":{"line":12,"column":15},"end":{"line":23,"column":2}}},"fnMap":{"0":{"name":"StepsHistoryScreen","decl":{"start":{"line":4,"column":24},"end":{"line":4,"column":42}},"loc":{"start":{"line":4,"column":42},"end":{"line":10,"column":1}}}},"branchMap":{},"s":{"0":0,"1":0,"2":0,"3":0,"4":0},"f":{"0":0},"b":{}}
,"/mnt/c/Users/rene_/source/repos/walkingApp/WalkingApp.Mobile/src/services/secureStore.ts": {"path":"/mnt/c/Users/rene_/source/repos/walkingApp/WalkingApp.Mobile/src/services/secureStore.ts","statementMap":{"0":{"start":{"line":1,"column":0},"end":{"line":1,"column":49}},"1":{"start":{"line":2,"column":0},"end":{"line":2,"column":40}},"2":{"start":{"line":8,"column":13},"end":{"line":35,"column":2}},"3":{"start":{"line":10,"column":4},"end":{"line":15,"column":5}},"4":{"start":{"line":11,"column":6},"end":{"line":11,"column":49}},"5":{"start":{"line":13,"column":6},"end":{"line":13,"column":57}},"6":{"start":{"line":14,"column":6},"end":{"line":14,"column":18}},"7":{"start":{"line":19,"column":4},"end":{"line":24,"column":5}},"8":{"start":{"line":20,"column":6},"end":{"line":20,"column":49}},"9":{"start":{"line":22,"column":6},"end":{"line":22,"column":57}},"10":{"start":{"line":23,"column":6},"end":{"line":23,"column":18}},"11":{"start":{"line":28,"column":4},"end":{"line":33,"column":5}},"12":{"start":{"line":29,"column":6},"end":{"line":29,"column":45}},"13":{"start":{"line":31,"column":6},"end":{"line":31,"column":60}},"14":{"start":{"line":32,"column":6},"end":{"line":32,"column":18}},"15":{"start":{"line":40,"column":38},"end":{"line":51,"column":1}},"16":{"start":{"line":41,"column":2},"end":{"line":50,"column":3}},"17":{"start":{"line":42,"column":4},"end":{"line":44,"column":5}},"18":{"start":{"line":43,"column":6},"end":{"line":43,"column":19}},"19":{"start":{"line":45,"column":4},"end":{"line":45,"column":51}},"20":{"start":{"line":46,"column":4},"end":{"line":46,"column":46}},"21":{"start":{"line":47,"column":4},"end":{"line":47,"column":16}},"22":{"start":{"line":49,"column":4},"end":{"line":49,"column":17}},"23":{"start":{"line":40,"column":13},"end":{"line":40,"column":38}}},"fnMap":{"0":{"name":"(anonymous_9)","decl":{"start":{"line":9,"column":11},"end":{"line":9,"column":16}},"loc":{"start":{"line":9,"column":57},"end":{"line":16,"column":3}}},"1":{"name":"(anonymous_10)","decl":{"start":{"line":18,"column":11},"end":{"line":18,"column":16}},"loc":{"start":{"line":18,"column":63},"end":{"line":25,"column":3}}},"2":{"name":"(anonymous_11)","decl":{"start":{"line":27,"column":14},"end":{"line":27,"column":19}},"loc":{"start":{"line":27,"column":51},"end":{"line":34,"column":3}}},"3":{"name":"(anonymous_12)","decl":{"start":{"line":40,"column":38},"end":{"line":40,"column":43}},"loc":{"start":{"line":40,"column":67},"end":{"line":51,"column":1}}}},"branchMap":{"0":{"loc":{"start":{"line":42,"column":4},"end":{"line":44,"column":5}},"type":"if","locations":[{"start":{"line":42,"column":4},"end":{"line":44,"column":5}},{"start":{},"end":{}}]}},"s":{"0":9,"1":9,"2":9,"3":32,"4":32,"5":1,"6":1,"7":4,"8":4,"9":1,"10":1,"11":3,"12":3,"13":1,"14":1,"15":9,"16":6,"17":6,"18":1,"19":5,"20":4,"21":3,"22":2,"23":9},"f":{"0":32,"1":4,"2":3,"3":6},"b":{"0":[1,5]}}
,"/mnt/c/Users/rene_/source/repos/walkingApp/WalkingApp.Mobile/src/services/supabase.ts": {"path":"/mnt/c/Users/rene_/source/repos/walkingApp/WalkingApp.Mobile/src/services/supabase.ts","statementMap":{"0":{"start":{"line":1,"column":0},"end":{"line":1,"column":53}},"1":{"start":{"line":2,"column":0},"end":{"line":2,"column":55}},"2":{"start":{"line":3,"column":0},"end":{"line":3,"column":55}},"3":{"start":{"line":8,"column":13},"end":{"line":15,"column":3}},"4":{"start":{"line":20,"column":26},"end":{"line":27,"column":1}},"5":{"start":{"line":21,"column":26},"end":{"line":21,"column":58}},"6":{"start":{"line":22,"column":2},"end":{"line":25,"column":3}},"7":{"start":{"line":23,"column":4},"end":{"line":23,"column":51}},"8":{"start":{"line":24,"column":4},"end":{"line":24,"column":16}},"9":{"start":{"line":26,"column":2},"end":{"line":26,"column":22}},"10":{"start":{"line":20,"column":13},"end":{"line":20,"column":26}},"11":{"start":{"line":32,"column":30},"end":{"line":39,"column":1}},"12":{"start":{"line":33,"column":26},"end":{"line":33,"column":55}},"13":{"start":{"line":34,"column":2},"end":{"line":37,"column":3}},"14":{"start":{"line":35,"column":4},"end":{"line":35,"column":48}},"15":{"start":{"line":36,"column":4},"end":{"line":36,"column":16}},"16":{"start":{"line":38,"column":2},"end":{"line":38,"column":19}},"17":{"start":{"line":32,"column":13},"end":{"line":32,"column":30}},"18":{"start":{"line":44,"column":31},"end":{"line":52,"column":1}},"19":{"start":{"line":45,"column":26},"end":{"line":48,"column":4}},"20":{"start":{"line":50,"column":2},"end":{"line":50,"column":25}},"21":{"start":{"line":50,"column":13},"end":{"line":50,"column":25}},"22":{"start":{"line":51,"column":2},"end":{"line":51,"column":14}},"23":{"start":{"line":44,"column":13},"end":{"line":44,"column":31}},"24":{"start":{"line":57,"column":31},"end":{"line":74,"column":1}},"25":{"start":{"line":62,"column":26},"end":{"line":70,"column":4}},"26":{"start":{"line":72,"column":2},"end":{"line":72,"column":25}},"27":{"start":{"line":72,"column":13},"end":{"line":72,"column":25}},"28":{"start":{"line":73,"column":2},"end":{"line":73,"column":14}},"29":{"start":{"line":57,"column":13},"end":{"line":57,"column":31}},"30":{"start":{"line":79,"column":23},"end":{"line":82,"column":1}},"31":{"start":{"line":80,"column":20},"end":{"line":80,"column":49}},"32":{"start":{"line":81,"column":2},"end":{"line":81,"column":25}},"33":{"start":{"line":81,"column":13},"end":{"line":81,"column":25}},"34":{"start":{"line":79,"column":13},"end":{"line":79,"column":23}},"35":{"start":{"line":87,"column":29},"end":{"line":93,"column":1}},"36":{"start":{"line":88,"column":20},"end":{"line":90,"column":4}},"37":{"start":{"line":92,"column":2},"end":{"line":92,"column":25}},"38":{"start":{"line":92,"column":13},"end":{"line":92,"column":25}},"39":{"start":{"line":87,"column":13},"end":{"line":87,"column":29}}},"fnMap":{"0":{"name":"(anonymous_0)","decl":{"start":{"line":20,"column":26},"end":{"line":20,"column":31}},"loc":{"start":{"line":20,"column":37},"end":{"line":27,"column":1}}},"1":{"name":"(anonymous_1)","decl":{"start":{"line":32,"column":30},"end":{"line":32,"column":35}},"loc":{"start":{"line":32,"column":41},"end":{"line":39,"column":1}}},"2":{"name":"(anonymous_2)","decl":{"start":{"line":44,"column":31},"end":{"line":44,"column":36}},"loc":{"start":{"line":44,"column":73},"end":{"line":52,"column":1}}},"3":{"name":"(anonymous_3)","decl":{"start":{"line":57,"column":31},"end":{"line":57,"column":36}},"loc":{"start":{"line":61,"column":4},"end":{"line":74,"column":1}}},"4":{"name":"(anonymous_4)","decl":{"start":{"line":79,"column":23},"end":{"line":79,"column":28}},"loc":{"start":{"line":79,"column":34},"end":{"line":82,"column":1}}},"5":{"name":"(anonymous_5)","decl":{"start":{"line":87,"column":29},"end":{"line":87,"column":34}},"loc":{"start":{"line":87,"column":53},"end":{"line":93,"column":1}}}},"branchMap":{"0":{"loc":{"start":{"line":22,"column":2},"end":{"line":25,"column":3}},"type":"if","locations":[{"start":{"line":22,"column":2},"end":{"line":25,"column":3}},{"start":{},"end":{}}]},"1":{"loc":{"start":{"line":34,"column":2},"end":{"line":37,"column":3}},"type":"if","locations":[{"start":{"line":34,"column":2},"end":{"line":37,"column":3}},{"start":{},"end":{}}]},"2":{"loc":{"start":{"line":50,"column":2},"end":{"line":50,"column":25}},"type":"if","locations":[{"start":{"line":50,"column":2},"end":{"line":50,"column":25}},{"start":{},"end":{}}]},"3":{"loc":{"start":{"line":72,"column":2},"end":{"line":72,"column":25}},"type":"if","locations":[{"start":{"line":72,"column":2},"end":{"line":72,"column":25}},{"start":{},"end":{}}]},"4":{"loc":{"start":{"line":81,"column":2},"end":{"line":81,"column":25}},"type":"if","locations":[{"start":{"line":81,"column":2},"end":{"line":81,"column":25}},{"start":{},"end":{}}]},"5":{"loc":{"start":{"line":92,"column":2},"end":{"line":92,"column":25}},"type":"if","locations":[{"start":{"line":92,"column":2},"end":{"line":92,"column":25}},{"start":{},"end":{}}]}},"s":{"0":8,"1":8,"2":8,"3":8,"4":8,"5":4,"6":3,"7":1,"8":1,"9":2,"10":8,"11":8,"12":4,"13":4,"14":2,"15":2,"16":2,"17":8,"18":8,"19":5,"20":4,"21":2,"22":2,"23":8,"24":8,"25":5,"26":5,"27":2,"28":3,"29":8,"30":8,"31":4,"32":3,"33":1,"34":8,"35":8,"36":5,"37":4,"38":2,"39":8},"f":{"0":4,"1":4,"2":5,"3":5,"4":4,"5":5},"b":{"0":[1,2],"1":[2,2],"2":[2,2],"3":[2,3],"4":[1,2],"5":[2,2]}}
,"/mnt/c/Users/rene_/source/repos/walkingApp/WalkingApp.Mobile/src/services/api/friendsApi.ts": {"path":"/mnt/c/Users/rene_/source/repos/walkingApp/WalkingApp.Mobile/src/services/api/friendsApi.ts","statementMap":{"0":{"start":{"line":1,"column":0},"end":{"line":1,"column":39}},"1":{"start":{"line":4,"column":13},"end":{"line":101,"column":2}},"2":{"start":{"line":6,"column":28},"end":{"line":19,"column":31}},"3":{"start":{"line":21,"column":4},"end":{"line":21,"column":27}},"4":{"start":{"line":21,"column":15},"end":{"line":21,"column":27}},"5":{"start":{"line":23,"column":4},"end":{"line":30,"column":14}},"6":{"start":{"line":23,"column":43},"end":{"line":30,"column":6}},"7":{"start":{"line":34,"column":28},"end":{"line":47,"column":30}},"8":{"start":{"line":49,"column":4},"end":{"line":49,"column":27}},"9":{"start":{"line":49,"column":15},"end":{"line":49,"column":27}},"10":{"start":{"line":51,"column":4},"end":{"line":58,"column":14}},"11":{"start":{"line":51,"column":43},"end":{"line":58,"column":6}},"12":{"start":{"line":62,"column":22},"end":{"line":67,"column":8}},"13":{"start":{"line":69,"column":4},"end":{"line":69,"column":27}},"14":{"start":{"line":69,"column":15},"end":{"line":69,"column":27}},"15":{"start":{"line":73,"column":22},"end":{"line":77,"column":30}},"16":{"start":{"line":79,"column":4},"end":{"line":79,"column":27}},"17":{"start":{"line":79,"column":15},"end":{"line":79,"column":27}},"18":{"start":{"line":83,"column":22},"end":{"line":87,"column":30}},"19":{"start":{"line":89,"column":4},"end":{"line":89,"column":27}},"20":{"start":{"line":89,"column":15},"end":{"line":89,"column":27}},"21":{"start":{"line":93,"column":22},"end":{"line":97,"column":31}},"22":{"start":{"line":99,"column":4},"end":{"line":99,"column":27}},"23":{"start":{"line":99,"column":15},"end":{"line":99,"column":27}}},"fnMap":{"0":{"name":"(anonymous_0)","decl":{"start":{"line":5,"column":14},"end":{"line":5,"column":19}},"loc":{"start":{"line":5,"column":44},"end":{"line":31,"column":3}}},"1":{"name":"(anonymous_1)","decl":{"start":{"line":23,"column":21},"end":{"line":23,"column":22}},"loc":{"start":{"line":23,"column":43},"end":{"line":30,"column":6}}},"2":{"name":"(anonymous_2)","decl":{"start":{"line":33,"column":15},"end":{"line":33,"column":20}},"loc":{"start":{"line":33,"column":45},"end":{"line":59,"column":3}}},"3":{"name":"(anonymous_3)","decl":{"start":{"line":51,"column":21},"end":{"line":51,"column":22}},"loc":{"start":{"line":51,"column":43},"end":{"line":58,"column":6}}},"4":{"name":"(anonymous_4)","decl":{"start":{"line":61,"column":15},"end":{"line":61,"column":20}},"loc":{"start":{"line":61,"column":55},"end":{"line":70,"column":3}}},"5":{"name":"(anonymous_5)","decl":{"start":{"line":72,"column":17},"end":{"line":72,"column":22}},"loc":{"start":{"line":72,"column":57},"end":{"line":80,"column":3}}},"6":{"name":"(anonymous_6)","decl":{"start":{"line":82,"column":18},"end":{"line":82,"column":23}},"loc":{"start":{"line":82,"column":58},"end":{"line":90,"column":3}}},"7":{"name":"(anonymous_7)","decl":{"start":{"line":92,"column":16},"end":{"line":92,"column":21}},"loc":{"start":{"line":92,"column":56},"end":{"line":100,"column":3}}}},"branchMap":{"0":{"loc":{"start":{"line":21,"column":4},"end":{"line":21,"column":27}},"type":"if","locations":[{"start":{"line":21,"column":4},"end":{"line":21,"column":27}},{"start":{},"end":{}}]},"1":{"loc":{"start":{"line":23,"column":11},"end":{"line":30,"column":13}},"type":"binary-expr","locations":[{"start":{"line":23,"column":11},"end":{"line":30,"column":7}},{"start":{"line":30,"column":11},"end":{"line":30,"column":13}}]},"2":{"loc":{"start":{"line":49,"column":4},"end":{"line":49,"column":27}},"type":"if","locations":[{"start":{"line":49,"column":4},"end":{"line":49,"column":27}},{"start":{},"end":{}}]},"3":{"loc":{"start":{"line":51,"column":11},"end":{"line":58,"column":13}},"type":"binary-expr","locations":[{"start":{"line":51,"column":11},"end":{"line":58,"column":7}},{"start":{"line":58,"column":11},"end":{"line":58,"column":13}}]},"4":{"loc":{"start":{"line":69,"column":4},"end":{"line":69,"column":27}},"type":"if","locations":[{"start":{"line":69,"column":4},"end":{"line":69,"column":27}},{"start":{},"end":{}}]},"5":{"loc":{"start":{"line":79,"column":4},"end":{"line":79,"column":27}},"type":"if","locations":[{"start":{"line":79,"column":4},"end":{"line":79,"column":27}},{"start":{},"end":{}}]},"6":{"loc":{"start":{"line":89,"column":4},"end":{"line":89,"column":27}},"type":"if","locations":[{"start":{"line":89,"column":4},"end":{"line":89,"column":27}},{"start":{},"end":{}}]},"7":{"loc":{"start":{"line":99,"column":4},"end":{"line":99,"column":27}},"type":"if","locations":[{"start":{"line":99,"column":4},"end":{"line":99,"column":27}},{"start":{},"end":{}}]}},"s":{"0":2,"1":2,"2":4,"3":4,"4":1,"5":3,"6":3,"7":3,"8":3,"9":1,"10":2,"11":1,"12":2,"13":2,"14":1,"15":2,"16":2,"17":1,"18":2,"19":2,"20":1,"21":2,"22":2,"23":1},"f":{"0":4,"1":3,"2":3,"3":1,"4":2,"5":2,"6":2,"7":2},"b":{"0":[1,3],"1":[3,1],"2":[1,2],"3":[2,0],"4":[1,1],"5":[1,1],"6":[1,1],"7":[1,1]}}
,"/mnt/c/Users/rene_/source/repos/walkingApp/WalkingApp.Mobile/src/services/api/groupsApi.ts": {"path":"/mnt/c/Users/rene_/source/repos/walkingApp/WalkingApp.Mobile/src/services/api/groupsApi.ts","statementMap":{"0":{"start":{"line":1,"column":0},"end":{"line":1,"column":39}},"1":{"start":{"line":4,"column":13},"end":{"line":131,"column":2}},"2":{"start":{"line":6,"column":28},"end":{"line":11,"column":8}},"3":{"start":{"line":13,"column":4},"end":{"line":13,"column":27}},"4":{"start":{"line":13,"column":15},"end":{"line":13,"column":27}},"5":{"start":{"line":15,"column":4},"end":{"line":23,"column":14}},"6":{"start":{"line":15,"column":38},"end":{"line":23,"column":6}},"7":{"start":{"line":27,"column":28},"end":{"line":34,"column":15}},"8":{"start":{"line":36,"column":4},"end":{"line":36,"column":27}},"9":{"start":{"line":36,"column":15},"end":{"line":36,"column":27}},"10":{"start":{"line":38,"column":4},"end":{"line":46,"column":6}},"11":{"start":{"line":50,"column":28},"end":{"line":60,"column":30}},"12":{"start":{"line":62,"column":4},"end":{"line":62,"column":27}},"13":{"start":{"line":62,"column":15},"end":{"line":62,"column":27}},"14":{"start":{"line":65,"column":18},"end":{"line":65,"column":56}},"15":{"start":{"line":66,"column":29},"end":{"line":83,"column":null}},"16":{"start":{"line":68,"column":35},"end":{"line":73,"column":19}},"17":{"start":{"line":75,"column":8},"end":{"line":82,"column":10}},"18":{"start":{"line":87,"column":19},"end":{"line":87,"column":69}},"19":{"start":{"line":87,"column":51},"end":{"line":87,"column":68}},"20":{"start":{"line":88,"column":4},"end":{"line":88,"column":75}},"21":{"start":{"line":88,"column":42},"end":{"line":88,"column":72}},"22":{"start":{"line":92,"column":35},"end":{"line":96,"column":15}},"23":{"start":{"line":98,"column":4},"end":{"line":98,"column":27}},"24":{"start":{"line":98,"column":15},"end":{"line":98,"column":27}},"25":{"start":{"line":101,"column":4},"end":{"line":105,"column":9}},"26":{"start":{"line":107,"column":4},"end":{"line":110,"column":6}},"27":{"start":{"line":114,"column":22},"end":{"line":118,"column":8}},"28":{"start":{"line":120,"column":4},"end":{"line":120,"column":27}},"29":{"start":{"line":120,"column":15},"end":{"line":120,"column":27}},"30":{"start":{"line":124,"column":22},"end":{"line":127,"column":30}},"31":{"start":{"line":129,"column":4},"end":{"line":129,"column":27}},"32":{"start":{"line":129,"column":15},"end":{"line":129,"column":27}}},"fnMap":{"0":{"name":"(anonymous_0)","decl":{"start":{"line":5,"column":13},"end":{"line":5,"column":18}},"loc":{"start":{"line":5,"column":42},"end":{"line":24,"column":3}}},"1":{"name":"(anonymous_1)","decl":{"start":{"line":15,"column":21},"end":{"line":15,"column":22}},"loc":{"start":{"line":15,"column":38},"end":{"line":23,"column":6}}},"2":{"name":"(anonymous_2)","decl":{"start":{"line":26,"column":12},"end":{"line":26,"column":17}},"loc":{"start":{"line":26,"column":54},"end":{"line":47,"column":3}}},"3":{"name":"(anonymous_3)","decl":{"start":{"line":49,"column":18},"end":{"line":49,"column":23}},"loc":{"start":{"line":49,"column":68},"end":{"line":89,"column":3}}},"4":{"name":"(anonymous_4)","decl":{"start":{"line":67,"column":23},"end":{"line":67,"column":28}},"loc":{"start":{"line":67,"column":60},"end":{"line":83,"column":7}}},"5":{"name":"(anonymous_5)","decl":{"start":{"line":87,"column":41},"end":{"line":87,"column":42}},"loc":{"start":{"line":87,"column":51},"end":{"line":87,"column":68}}},"6":{"name":"(anonymous_6)","decl":{"start":{"line":88,"column":22},"end":{"line":88,"column":23}},"loc":{"start":{"line":88,"column":42},"end":{"line":88,"column":72}}},"7":{"name":"(anonymous_7)","decl":{"start":{"line":91,"column":15},"end":{"line":91,"column":20}},"loc":{"start":{"line":91,"column":63},"end":{"line":111,"column":3}}},"8":{"name":"(anonymous_8)","decl":{"start":{"line":113,"column":13},"end":{"line":113,"column":18}},"loc":{"start":{"line":113,"column":54},"end":{"line":121,"column":3}}},"9":{"name":"(anonymous_9)","decl":{"start":{"line":123,"column":14},"end":{"line":123,"column":19}},"loc":{"start":{"line":123,"column":55},"end":{"line":130,"column":3}}}},"branchMap":{"0":{"loc":{"start":{"line":13,"column":4},"end":{"line":13,"column":27}},"type":"if","locations":[{"start":{"line":13,"column":4},"end":{"line":13,"column":27}},{"start":{},"end":{}}]},"1":{"loc":{"start":{"line":15,"column":11},"end":{"line":23,"column":13}},"type":"binary-expr","locations":[{"start":{"line":15,"column":11},"end":{"line":23,"column":7}},{"start":{"line":23,"column":11},"end":{"line":23,"column":13}}]},"2":{"loc":{"start":{"line":21,"column":20},"end":{"line":21,"column":60}},"type":"binary-expr","locations":[{"start":{"line":21,"column":20},"end":{"line":21,"column":55}},{"start":{"line":21,"column":59},"end":{"line":21,"column":60}}]},"3":{"loc":{"start":{"line":36,"column":4},"end":{"line":36,"column":27}},"type":"if","locations":[{"start":{"line":36,"column":4},"end":{"line":36,"column":27}},{"start":{},"end":{}}]},"4":{"loc":{"start":{"line":44,"column":20},"end":{"line":44,"column":59}},"type":"binary-expr","locations":[{"start":{"line":44,"column":20},"end":{"line":44,"column":54}},{"start":{"line":44,"column":58},"end":{"line":44,"column":59}}]},"5":{"loc":{"start":{"line":62,"column":4},"end":{"line":62,"column":27}},"type":"if","locations":[{"start":{"line":62,"column":4},"end":{"line":62,"column":27}},{"start":{},"end":{}}]},"6":{"loc":{"start":{"line":67,"column":7},"end":{"line":67,"column":17}},"type":"binary-expr","locations":[{"start":{"line":67,"column":7},"end":{"line":67,"column":11}},{"start":{"line":67,"column":15},"end":{"line":67,"column":17}}]},"7":{"loc":{"start":{"line":80,"column":17},"end":{"line":80,"column":37}},"type":"binary-expr","locations":[{"start":{"line":80,"column":17},"end":{"line":80,"column":32}},{"start":{"line":80,"column":36},"end":{"line":80,"column":37}}]},"8":{"loc":{"start":{"line":98,"column":4},"end":{"line":98,"column":27}},"type":"if","locations":[{"start":{"line":98,"column":4},"end":{"line":98,"column":27}},{"start":{},"end":{}}]},"9":{"loc":{"start":{"line":120,"column":4},"end":{"line":120,"column":27}},"type":"if","locations":[{"start":{"line":120,"column":4},"end":{"line":120,"column":27}},{"start":{},"end":{}}]},"10":{"loc":{"start":{"line":129,"column":4},"end":{"line":129,"column":27}},"type":"if","locations":[{"start":{"line":129,"column":4},"end":{"line":129,"column":27}},{"start":{},"end":{}}]}},"s":{"0":2,"1":2,"2":4,"3":4,"4":1,"5":3,"6":3,"7":2,"8":2,"9":1,"10":1,"11":3,"12":3,"13":1,"14":2,"15":2,"16":3,"17":3,"18":2,"19":1,"20":2,"21":3,"22":2,"23":2,"24":1,"25":1,"26":1,"27":2,"28":2,"29":1,"30":2,"31":2,"32":1},"f":{"0":4,"1":3,"2":2,"3":3,"4":3,"5":1,"6":3,"7":2,"8":2,"9":2},"b":{"0":[1,3],"1":[3,1],"2":[3,1],"3":[1,1],"4":[1,0],"5":[1,2],"6":[2,0],"7":[3,1],"8":[1,1],"9":[1,1],"10":[1,1]}}
,"/mnt/c/Users/rene_/source/repos/walkingApp/WalkingApp.Mobile/src/services/api/index.ts": {"path":"/mnt/c/Users/rene_/source/repos/walkingApp/WalkingApp.Mobile/src/services/api/index.ts","statementMap":{"0":{"start":{"line":2,"column":0},"end":{"line":2,"column":9}},"1":{"start":{"line":2,"column":9},"end":{"line":2,"column":38}},"2":{"start":{"line":3,"column":0},"end":{"line":3,"column":9}},"3":{"start":{"line":3,"column":9},"end":{"line":3,"column":38}},"4":{"start":{"line":4,"column":0},"end":{"line":4,"column":9}},"5":{"start":{"line":4,"column":9},"end":{"line":4,"column":42}},"6":{"start":{"line":5,"column":0},"end":{"line":5,"column":9}},"7":{"start":{"line":5,"column":9},"end":{"line":5,"column":40}},"8":{"start":{"line":6,"column":0},"end":{"line":6,"column":9}},"9":{"start":{"line":6,"column":9},"end":{"line":6,"column":54}}},"fnMap":{"0":{"name":"(anonymous_0)","decl":{"start":{"line":2,"column":9},"end":{"line":2,"column":17}},"loc":{"start":{"line":2,"column":9},"end":{"line":2,"column":38}}},"1":{"name":"(anonymous_1)","decl":{"start":{"line":3,"column":9},"end":{"line":3,"column":17}},"loc":{"start":{"line":3,"column":9},"end":{"line":3,"column":38}}},"2":{"name":"(anonymous_2)","decl":{"start":{"line":4,"column":9},"end":{"line":4,"column":19}},"loc":{"start":{"line":4,"column":9},"end":{"line":4,"column":42}}},"3":{"name":"(anonymous_3)","decl":{"start":{"line":5,"column":9},"end":{"line":5,"column":18}},"loc":{"start":{"line":5,"column":9},"end":{"line":5,"column":40}}},"4":{"name":"(anonymous_4)","decl":{"start":{"line":6,"column":9},"end":{"line":6,"column":25}},"loc":{"start":{"line":6,"column":9},"end":{"line":6,"column":54}}}},"branchMap":{},"s":{"0":0,"1":0,"2":0,"3":0,"4":0,"5":0,"6":0,"7":0,"8":0,"9":0},"f":{"0":0,"1":0,"2":0,"3":0,"4":0},"b":{}}
,"/mnt/c/Users/rene_/source/repos/walkingApp/WalkingApp.Mobile/src/services/api/notificationsApi.ts": {"path":"/mnt/c/Users/rene_/source/repos/walkingApp/WalkingApp.Mobile/src/services/api/notificationsApi.ts","statementMap":{"0":{"start":{"line":1,"column":0},"end":{"line":1,"column":39}},"1":{"start":{"line":4,"column":13},"end":{"line":52,"column":2}},"2":{"start":{"line":6,"column":28},"end":{"line":10,"column":16}},"3":{"start":{"line":12,"column":4},"end":{"line":12,"column":27}},"4":{"start":{"line":12,"column":15},"end":{"line":12,"column":27}},"5":{"start":{"line":13,"column":4},"end":{"line":13,"column":22}},"6":{"start":{"line":17,"column":29},"end":{"line":20,"column":27}},"7":{"start":{"line":22,"column":4},"end":{"line":22,"column":27}},"8":{"start":{"line":22,"column":15},"end":{"line":22,"column":27}},"9":{"start":{"line":23,"column":4},"end":{"line":23,"column":22}},"10":{"start":{"line":27,"column":22},"end":{"line":30,"column":31}},"11":{"start":{"line":32,"column":4},"end":{"line":32,"column":27}},"12":{"start":{"line":32,"column":15},"end":{"line":32,"column":27}},"13":{"start":{"line":36,"column":22},"end":{"line":39,"column":27}},"14":{"start":{"line":41,"column":4},"end":{"line":41,"column":27}},"15":{"start":{"line":41,"column":15},"end":{"line":41,"column":27}},"16":{"start":{"line":45,"column":22},"end":{"line":48,"column":31}},"17":{"start":{"line":50,"column":4},"end":{"line":50,"column":27}},"18":{"start":{"line":50,"column":15},"end":{"line":50,"column":27}}},"fnMap":{"0":{"name":"(anonymous_0)","decl":{"start":{"line":5,"column":20},"end":{"line":5,"column":25}},"loc":{"start":{"line":5,"column":56},"end":{"line":14,"column":3}}},"1":{"name":"(anonymous_1)","decl":{"start":{"line":16,"column":18},"end":{"line":16,"column":23}},"loc":{"start":{"line":16,"column":46},"end":{"line":24,"column":3}}},"2":{"name":"(anonymous_2)","decl":{"start":{"line":26,"column":14},"end":{"line":26,"column":19}},"loc":{"start":{"line":26,"column":62},"end":{"line":33,"column":3}}},"3":{"name":"(anonymous_3)","decl":{"start":{"line":35,"column":17},"end":{"line":35,"column":22}},"loc":{"start":{"line":35,"column":43},"end":{"line":42,"column":3}}},"4":{"name":"(anonymous_4)","decl":{"start":{"line":44,"column":22},"end":{"line":44,"column":27}},"loc":{"start":{"line":44,"column":70},"end":{"line":51,"column":3}}}},"branchMap":{"0":{"loc":{"start":{"line":12,"column":4},"end":{"line":12,"column":27}},"type":"if","locations":[{"start":{"line":12,"column":4},"end":{"line":12,"column":27}},{"start":{},"end":{}}]},"1":{"loc":{"start":{"line":13,"column":11},"end":{"line":13,"column":21}},"type":"binary-expr","locations":[{"start":{"line":13,"column":11},"end":{"line":13,"column":15}},{"start":{"line":13,"column":19},"end":{"line":13,"column":21}}]},"2":{"loc":{"start":{"line":22,"column":4},"end":{"line":22,"column":27}},"type":"if","locations":[{"start":{"line":22,"column":4},"end":{"line":22,"column":27}},{"start":{},"end":{}}]},"3":{"loc":{"start":{"line":23,"column":11},"end":{"line":23,"column":21}},"type":"binary-expr","locations":[{"start":{"line":23,"column":11},"end":{"line":23,"column":16}},{"start":{"line":23,"column":20},"end":{"line":23,"column":21}}]},"4":{"loc":{"start":{"line":32,"column":4},"end":{"line":32,"column":27}},"type":"if","locations":[{"start":{"line":32,"column":4},"end":{"line":32,"column":27}},{"start":{},"end":{}}]},"5":{"loc":{"start":{"line":41,"column":4},"end":{"line":41,"column":27}},"type":"if","locations":[{"start":{"line":41,"column":4},"end":{"line":41,"column":27}},{"start":{},"end":{}}]},"6":{"loc":{"start":{"line":50,"column":4},"end":{"line":50,"column":27}},"type":"if","locations":[{"start":{"line":50,"column":4},"end":{"line":50,"column":27}},{"start":{},"end":{}}]}},"s":{"0":2,"1":2,"2":5,"3":5,"4":1,"5":4,"6":4,"7":4,"8":1,"9":3,"10":2,"11":2,"12":1,"13":3,"14":3,"15":1,"16":3,"17":3,"18":1},"f":{"0":5,"1":4,"2":2,"3":3,"4":3},"b":{"0":[1,4],"1":[4,1],"2":[1,3],"3":[3,2],"4":[1,1],"5":[1,2],"6":[1,2]}}
,"/mnt/c/Users/rene_/source/repos/walkingApp/WalkingApp.Mobile/src/services/api/stepsApi.ts": {"path":"/mnt/c/Users/rene_/source/repos/walkingApp/WalkingApp.Mobile/src/services/api/stepsApi.ts","statementMap":{"0":{"start":{"line":1,"column":0},"end":{"line":1,"column":39}},"1":{"start":{"line":4,"column":13},"end":{"line":108,"column":2}},"2":{"start":{"line":6,"column":18},"end":{"line":6,"column":56}},"3":{"start":{"line":8,"column":28},"end":{"line":16,"column":15}},"4":{"start":{"line":18,"column":4},"end":{"line":18,"column":27}},"5":{"start":{"line":18,"column":15},"end":{"line":18,"column":27}},"6":{"start":{"line":19,"column":4},"end":{"line":19,"column":16}},"7":{"start":{"line":23,"column":18},"end":{"line":23,"column":56}},"8":{"start":{"line":25,"column":28},"end":{"line":29,"column":15}},"9":{"start":{"line":31,"column":4},"end":{"line":34,"column":5}},"10":{"start":{"line":33,"column":6},"end":{"line":33,"column":18}},"11":{"start":{"line":36,"column":4},"end":{"line":36,"column":102}},"12":{"start":{"line":40,"column":18},"end":{"line":40,"column":56}},"13":{"start":{"line":41,"column":20},"end":{"line":41,"column":94}},"14":{"start":{"line":42,"column":21},"end":{"line":42,"column":96}},"15":{"start":{"line":44,"column":32},"end":{"line":48,"column":15}},"16":{"start":{"line":50,"column":31},"end":{"line":53,"column":27}},"17":{"start":{"line":55,"column":32},"end":{"line":58,"column":28}},"18":{"start":{"line":60,"column":22},"end":{"line":60,"column":81}},"19":{"start":{"line":60,"column":55},"end":{"line":60,"column":72}},"20":{"start":{"line":61,"column":23},"end":{"line":61,"column":83}},"21":{"start":{"line":61,"column":57},"end":{"line":61,"column":74}},"22":{"start":{"line":64,"column":30},"end":{"line":67,"column":42}},"23":{"start":{"line":69,"column":17},"end":{"line":69,"column":18}},"24":{"start":{"line":70,"column":4},"end":{"line":81,"column":5}},"25":{"start":{"line":71,"column":24},"end":{"line":71,"column":34}},"26":{"start":{"line":72,"column":6},"end":{"line":80,"column":7}},"27":{"start":{"line":73,"column":26},"end":{"line":73,"column":46}},"28":{"start":{"line":74,"column":25},"end":{"line":74,"column":106}},"29":{"start":{"line":75,"column":8},"end":{"line":79,"column":9}},"30":{"start":{"line":76,"column":10},"end":{"line":76,"column":19}},"31":{"start":{"line":78,"column":10},"end":{"line":78,"column":16}},"32":{"start":{"line":83,"column":4},"end":{"line":89,"column":6}},"33":{"start":{"line":93,"column":18},"end":{"line":93,"column":19}},"34":{"start":{"line":94,"column":4},"end":{"line":94,"column":43}},"35":{"start":{"line":94,"column":30},"end":{"line":94,"column":43}},"36":{"start":{"line":95,"column":4},"end":{"line":95,"column":41}},"37":{"start":{"line":95,"column":29},"end":{"line":95,"column":41}},"38":{"start":{"line":97,"column":22},"end":{"line":97,"column":102}},"39":{"start":{"line":99,"column":28},"end":{"line":103,"column":42}},"40":{"start":{"line":105,"column":4},"end":{"line":105,"column":27}},"41":{"start":{"line":105,"column":15},"end":{"line":105,"column":27}},"42":{"start":{"line":106,"column":4},"end":{"line":106,"column":22}}},"fnMap":{"0":{"name":"(anonymous_0)","decl":{"start":{"line":5,"column":12},"end":{"line":5,"column":17}},"loc":{"start":{"line":5,"column":80},"end":{"line":20,"column":3}}},"1":{"name":"(anonymous_1)","decl":{"start":{"line":22,"column":17},"end":{"line":22,"column":22}},"loc":{"start":{"line":22,"column":48},"end":{"line":37,"column":3}}},"2":{"name":"(anonymous_2)","decl":{"start":{"line":39,"column":12},"end":{"line":39,"column":17}},"loc":{"start":{"line":39,"column":43},"end":{"line":90,"column":3}}},"3":{"name":"(anonymous_3)","decl":{"start":{"line":60,"column":39},"end":{"line":60,"column":40}},"loc":{"start":{"line":60,"column":55},"end":{"line":60,"column":72}}},"4":{"name":"(anonymous_4)","decl":{"start":{"line":61,"column":41},"end":{"line":61,"column":42}},"loc":{"start":{"line":61,"column":57},"end":{"line":61,"column":74}}},"5":{"name":"(anonymous_5)","decl":{"start":{"line":92,"column":14},"end":{"line":92,"column":19}},"loc":{"start":{"line":92,"column":85},"end":{"line":107,"column":3}}}},"branchMap":{"0":{"loc":{"start":{"line":18,"column":4},"end":{"line":18,"column":27}},"type":"if","locations":[{"start":{"line":18,"column":4},"end":{"line":18,"column":27}},{"start":{},"end":{}}]},"1":{"loc":{"start":{"line":31,"column":4},"end":{"line":34,"column":5}},"type":"if","locations":[{"start":{"line":31,"column":4},"end":{"line":34,"column":5}},{"start":{},"end":{}}]},"2":{"loc":{"start":{"line":31,"column":8},"end":{"line":31,"column":42}},"type":"binary-expr","locations":[{"start":{"line":31,"column":8},"end":{"line":31,"column":13}},{"start":{"line":31,"column":17},"end":{"line":31,"column":42}}]},"3":{"loc":{"start":{"line":36,"column":11},"end":{"line":36,"column":101}},"type":"binary-expr","locations":[{"start":{"line":36,"column":11},"end":{"line":36,"column":15}},{"start":{"line":36,"column":19},"end":{"line":36,"column":101}}]},"4":{"loc":{"start":{"line":60,"column":22},"end":{"line":60,"column":81}},"type":"binary-expr","locations":[{"start":{"line":60,"column":22},"end":{"line":60,"column":76}},{"start":{"line":60,"column":80},"end":{"line":60,"column":81}}]},"5":{"loc":{"start":{"line":61,"column":23},"end":{"line":61,"column":83}},"type":"binary-expr","locations":[{"start":{"line":61,"column":23},"end":{"line":61,"column":78}},{"start":{"line":61,"column":82},"end":{"line":61,"column":83}}]},"6":{"loc":{"start":{"line":70,"column":4},"end":{"line":81,"column":5}},"type":"if","locations":[{"start":{"line":70,"column":4},"end":{"line":81,"column":5}},{"start":{},"end":{}}]},"7":{"loc":{"start":{"line":75,"column":8},"end":{"line":79,"column":9}},"type":"if","locations":[{"start":{"line":75,"column":8},"end":{"line":79,"column":9}},{"start":{"line":77,"column":15},"end":{"line":79,"column":9}}]},"8":{"loc":{"start":{"line":75,"column":12},"end":{"line":75,"column":50}},"type":"binary-expr","locations":[{"start":{"line":75,"column":12},"end":{"line":75,"column":31}},{"start":{"line":75,"column":35},"end":{"line":75,"column":50}}]},"9":{"loc":{"start":{"line":84,"column":13},"end":{"line":84,"column":34}},"type":"binary-expr","locations":[{"start":{"line":84,"column":13},"end":{"line":84,"column":29}},{"start":{"line":84,"column":33},"end":{"line":84,"column":34}}]},"10":{"loc":{"start":{"line":87,"column":15},"end":{"line":87,"column":96}},"type":"cond-expr","locations":[{"start":{"line":87,"column":51},"end":{"line":87,"column":92}},{"start":{"line":87,"column":95},"end":{"line":87,"column":96}}]},"11":{"loc":{"start":{"line":87,"column":15},"end":{"line":87,"column":48}},"type":"binary-expr","locations":[{"start":{"line":87,"column":15},"end":{"line":87,"column":24}},{"start":{"line":87,"column":28},"end":{"line":87,"column":48}}]},"12":{"loc":{"start":{"line":94,"column":4},"end":{"line":94,"column":43}},"type":"if","locations":[{"start":{"line":94,"column":4},"end":{"line":94,"column":43}},{"start":{},"end":{}}]},"13":{"loc":{"start":{"line":95,"column":4},"end":{"line":95,"column":41}},"type":"if","locations":[{"start":{"line":95,"column":4},"end":{"line":95,"column":41}},{"start":{},"end":{}}]},"14":{"loc":{"start":{"line":105,"column":4},"end":{"line":105,"column":27}},"type":"if","locations":[{"start":{"line":105,"column":4},"end":{"line":105,"column":27}},{"start":{},"end":{}}]},"15":{"loc":{"start":{"line":106,"column":11},"end":{"line":106,"column":21}},"type":"binary-expr","locations":[{"start":{"line":106,"column":11},"end":{"line":106,"column":15}},{"start":{"line":106,"column":19},"end":{"line":106,"column":21}}]}},"s":{"0":2,"1":2,"2":3,"3":3,"4":3,"5":1,"6":2,"7":3,"8":3,"9":3,"10":1,"11":2,"12":2,"13":2,"14":2,"15":2,"16":2,"17":2,"18":2,"19":7,"20":2,"21":30,"22":2,"23":2,"24":2,"25":1,"26":1,"27":1,"28":1,"29":1,"30":0,"31":1,"32":2,"33":5,"34":5,"35":1,"36":5,"37":2,"38":5,"39":5,"40":5,"41":1,"42":4},"f":{"0":3,"1":3,"2":2,"3":7,"4":30,"5":5},"b":{"0":[1,2],"1":[1,2],"2":[3,2],"3":[2,1],"4":[2,1],"5":[2,1],"6":[1,1],"7":[0,1],"8":[1,0],"9":[2,1],"10":[1,1],"11":[2,1],"12":[1,4],"13":[2,3],"14":[1,4],"15":[4,1]}}
,"/mnt/c/Users/rene_/source/repos/walkingApp/WalkingApp.Mobile/src/services/api/usersApi.ts": {"path":"/mnt/c/Users/rene_/source/repos/walkingApp/WalkingApp.Mobile/src/services/api/usersApi.ts","statementMap":{"0":{"start":{"line":1,"column":0},"end":{"line":1,"column":39}},"1":{"start":{"line":4,"column":13},"end":{"line":62,"column":2}},"2":{"start":{"line":6,"column":28},"end":{"line":9,"column":15}},"3":{"start":{"line":11,"column":4},"end":{"line":11,"column":27}},"4":{"start":{"line":11,"column":15},"end":{"line":11,"column":27}},"5":{"start":{"line":12,"column":4},"end":{"line":12,"column":16}},"6":{"start":{"line":16,"column":28},"end":{"line":20,"column":15}},"7":{"start":{"line":22,"column":4},"end":{"line":22,"column":27}},"8":{"start":{"line":22,"column":15},"end":{"line":22,"column":27}},"9":{"start":{"line":23,"column":4},"end":{"line":23,"column":16}},"10":{"start":{"line":27,"column":30},"end":{"line":30,"column":15}},"11":{"start":{"line":32,"column":19},"end":{"line":32,"column":56}},"12":{"start":{"line":34,"column":28},"end":{"line":38,"column":15}},"13":{"start":{"line":40,"column":4},"end":{"line":40,"column":27}},"14":{"start":{"line":40,"column":15},"end":{"line":40,"column":27}},"15":{"start":{"line":41,"column":4},"end":{"line":41,"column":28}},"16":{"start":{"line":46,"column":21},"end":{"line":46,"column":37}},"17":{"start":{"line":47,"column":17},"end":{"line":47,"column":38}},"18":{"start":{"line":48,"column":21},"end":{"line":48,"column":47}},"19":{"start":{"line":50,"column":28},"end":{"line":52,"column":29}},"20":{"start":{"line":54,"column":4},"end":{"line":54,"column":27}},"21":{"start":{"line":54,"column":15},"end":{"line":54,"column":27}},"22":{"start":{"line":56,"column":32},"end":{"line":58,"column":30}},"23":{"start":{"line":60,"column":4},"end":{"line":60,"column":31}}},"fnMap":{"0":{"name":"(anonymous_0)","decl":{"start":{"line":5,"column":18},"end":{"line":5,"column":23}},"loc":{"start":{"line":5,"column":51},"end":{"line":13,"column":3}}},"1":{"name":"(anonymous_1)","decl":{"start":{"line":15,"column":17},"end":{"line":15,"column":22}},"loc":{"start":{"line":15,"column":79},"end":{"line":24,"column":3}}},"2":{"name":"(anonymous_2)","decl":{"start":{"line":26,"column":21},"end":{"line":26,"column":26}},"loc":{"start":{"line":26,"column":89},"end":{"line":42,"column":3}}},"3":{"name":"(anonymous_3)","decl":{"start":{"line":44,"column":16},"end":{"line":44,"column":21}},"loc":{"start":{"line":44,"column":55},"end":{"line":61,"column":3}}}},"branchMap":{"0":{"loc":{"start":{"line":11,"column":4},"end":{"line":11,"column":27}},"type":"if","locations":[{"start":{"line":11,"column":4},"end":{"line":11,"column":27}},{"start":{},"end":{}}]},"1":{"loc":{"start":{"line":22,"column":4},"end":{"line":22,"column":27}},"type":"if","locations":[{"start":{"line":22,"column":4},"end":{"line":22,"column":27}},{"start":{},"end":{}}]},"2":{"loc":{"start":{"line":40,"column":4},"end":{"line":40,"column":27}},"type":"if","locations":[{"start":{"line":40,"column":4},"end":{"line":40,"column":27}},{"start":{},"end":{}}]},"3":{"loc":{"start":{"line":54,"column":4},"end":{"line":54,"column":27}},"type":"if","locations":[{"start":{"line":54,"column":4},"end":{"line":54,"column":27}},{"start":{},"end":{}}]}},"s":{"0":3,"1":3,"2":3,"3":2,"4":1,"5":1,"6":3,"7":3,"8":1,"9":2,"10":3,"11":3,"12":3,"13":3,"14":1,"15":2,"16":4,"17":3,"18":3,"19":3,"20":3,"21":1,"22":2,"23":2},"f":{"0":3,"1":3,"2":3,"3":4},"b":{"0":[1,1],"1":[1,2],"2":[1,2],"3":[1,2]}}
,"/mnt/c/Users/rene_/source/repos/walkingApp/WalkingApp.Mobile/src/store/authStore.ts": {"path":"/mnt/c/Users/rene_/source/repos/walkingApp/WalkingApp.Mobile/src/store/authStore.ts","statementMap":{"0":{"start":{"line":1,"column":0},"end":{"line":1,"column":33}},"1":{"start":{"line":3,"column":0},"end":{"line":3,"column":null}},"2":{"start":{"line":26,"column":13},"end":{"line":112,"column":4}},"3":{"start":{"line":26,"column":56},"end":{"line":112,"column":2}},"4":{"start":{"line":34,"column":4},"end":{"line":34,"column":42}},"5":{"start":{"line":35,"column":4},"end":{"line":49,"column":5}},"6":{"start":{"line":36,"column":32},"end":{"line":36,"column":70}},"7":{"start":{"line":37,"column":6},"end":{"line":42,"column":9}},"8":{"start":{"line":44,"column":6},"end":{"line":47,"column":9}},"9":{"start":{"line":48,"column":6},"end":{"line":48,"column":18}},"10":{"start":{"line":53,"column":4},"end":{"line":53,"column":42}},"11":{"start":{"line":54,"column":4},"end":{"line":68,"column":5}},"12":{"start":{"line":55,"column":32},"end":{"line":55,"column":83}},"13":{"start":{"line":56,"column":6},"end":{"line":61,"column":9}},"14":{"start":{"line":63,"column":6},"end":{"line":66,"column":9}},"15":{"start":{"line":67,"column":6},"end":{"line":67,"column":18}},"16":{"start":{"line":72,"column":4},"end":{"line":72,"column":42}},"17":{"start":{"line":73,"column":4},"end":{"line":86,"column":5}},"18":{"start":{"line":74,"column":6},"end":{"line":74,"column":30}},"19":{"start":{"line":75,"column":6},"end":{"line":80,"column":9}},"20":{"start":{"line":82,"column":6},"end":{"line":85,"column":9}},"21":{"start":{"line":90,"column":4},"end":{"line":90,"column":42}},"22":{"start":{"line":91,"column":4},"end":{"line":100,"column":5}},"23":{"start":{"line":92,"column":6},"end":{"line":92,"column":33}},"24":{"start":{"line":93,"column":6},"end":{"line":93,"column":32}},"25":{"start":{"line":95,"column":6},"end":{"line":98,"column":9}},"26":{"start":{"line":99,"column":6},"end":{"line":99,"column":18}},"27":{"start":{"line":104,"column":4},"end":{"line":108,"column":7}},"28":{"start":{"line":111,"column":20},"end":{"line":111,"column":40}}},"fnMap":{"0":{"name":"(anonymous_0)","decl":{"start":{"line":26,"column":46},"end":{"line":26,"column":47}},"loc":{"start":{"line":26,"column":56},"end":{"line":112,"column":2}}},"1":{"name":"(anonymous_1)","decl":{"start":{"line":33,"column":10},"end":{"line":33,"column":15}},"loc":{"start":{"line":33,"column":36},"end":{"line":50,"column":3}}},"2":{"name":"(anonymous_2)","decl":{"start":{"line":52,"column":10},"end":{"line":52,"column":15}},"loc":{"start":{"line":52,"column":49},"end":{"line":69,"column":3}}},"3":{"name":"(anonymous_3)","decl":{"start":{"line":71,"column":11},"end":{"line":71,"column":16}},"loc":{"start":{"line":71,"column":22},"end":{"line":87,"column":3}}},"4":{"name":"(anonymous_4)","decl":{"start":{"line":89,"column":17},"end":{"line":89,"column":22}},"loc":{"start":{"line":89,"column":33},"end":{"line":101,"column":3}}},"5":{"name":"(anonymous_5)","decl":{"start":{"line":103,"column":14},"end":{"line":103,"column":15}},"loc":{"start":{"line":103,"column":26},"end":{"line":109,"column":3}}},"6":{"name":"(anonymous_6)","decl":{"start":{"line":111,"column":14},"end":{"line":111,"column":17}},"loc":{"start":{"line":111,"column":20},"end":{"line":111,"column":40}}}},"branchMap":{"0":{"loc":{"start":{"line":106,"column":12},"end":{"line":106,"column":33}},"type":"binary-expr","locations":[{"start":{"line":106,"column":12},"end":{"line":106,"column":25}},{"start":{"line":106,"column":29},"end":{"line":106,"column":33}}]}},"s":{"0":2,"1":2,"2":2,"3":2,"4":5,"5":5,"6":5,"7":3,"8":2,"9":2,"10":4,"11":4,"12":4,"13":3,"14":1,"15":1,"16":3,"17":3,"18":3,"19":1,"20":2,"21":3,"22":3,"23":3,"24":2,"25":1,"26":1,"27":3,"28":2},"f":{"0":2,"1":5,"2":4,"3":3,"4":3,"5":3,"6":2},"b":{"0":[3,1]}}
[...]
}},"9":{"start":{"line":64,"column":4},"end":{"line":64,"column":42}},"10":{"start":{"line":65,"column":4},"end":{"line":70,"column":5}},"11":{"start":{"line":66,"column":20},"end":{"line":66,"column":53}},"12":{"start":{"line":67,"column":6},"end":{"line":67,"column":53}},"13":{"start":{"line":69,"column":6},"end":{"line":69,"column":54}},"14":{"start":{"line":74,"column":4},"end":{"line":74,"column":42}},"15":{"start":{"line":75,"column":4},"end":{"line":80,"column":5}},"16":{"start":{"line":76,"column":26},"end":{"line":76,"column":65}},"17":{"start":{"line":77,"column":6},"end":{"line":77,"column":45}},"18":{"start":{"line":79,"column":6},"end":{"line":79,"column":54}},"19":{"start":{"line":84,"column":4},"end":{"line":84,"column":42}},"20":{"start":{"line":85,"column":4},"end":{"line":92,"column":5}},"21":{"start":{"line":86,"column":20},"end":{"line":86,"column":53}},"22":{"start":{"line":87,"column":6},"end":{"line":87,"column":32}},"23":{"start":{"line":88,"column":6},"end":{"line":88,"column":19}},"24":{"start":{"line":90,"column":6},"end":{"line":90,"column":54}},"25":{"start":{"line":91,"column":6},"end":{"line":91,"column":18}},"26":{"start":{"line":96,"column":4},"end":{"line":96,"column":42}},"27":{"start":{"line":97,"column":4},"end":{"line":103,"column":5}},"28":{"start":{"line":98,"column":6},"end":{"line":98,"column":41}},"29":{"start":{"line":99,"column":6},"end":{"line":99,"column":32}},"30":{"start":{"line":101,"column":6},"end":{"line":101,"column":54}},"31":{"start":{"line":102,"column":6},"end":{"line":102,"column":18}},"32":{"start":{"line":107,"column":4},"end":{"line":107,"column":42}},"33":{"start":{"line":108,"column":4},"end":{"line":114,"column":5}},"34":{"start":{"line":109,"column":6},"end":{"line":109,"column":42}},"35":{"start":{"line":110,"column":6},"end":{"line":110,"column":32}},"36":{"start":{"line":112,"column":6},"end":{"line":112,"column":54}},"37":{"start":{"line":113,"column":6},"end":{"line":113,"column":18}}},"fnMap":{"0":{"name":"(anonymous_0)","decl":{"start":{"line":46,"column":50},"end":{"line":46,"column":51}},"loc":{"start":{"line":46,"column":60},"end":{"line":116,"column":2}}},"1":{"name":"(anonymous_1)","decl":{"start":{"line":53,"column":15},"end":{"line":53,"column":20}},"loc":{"start":{"line":53,"column":26},"end":{"line":61,"column":3}}},"2":{"name":"(anonymous_2)","decl":{"start":{"line":63,"column":14},"end":{"line":63,"column":19}},"loc":{"start":{"line":63,"column":32},"end":{"line":71,"column":3}}},"3":{"name":"(anonymous_3)","decl":{"start":{"line":73,"column":20},"end":{"line":73,"column":25}},"loc":{"start":{"line":73,"column":38},"end":{"line":81,"column":3}}},"4":{"name":"(anonymous_4)","decl":{"start":{"line":83,"column":15},"end":{"line":83,"column":20}},"loc":{"start":{"line":83,"column":30},"end":{"line":93,"column":3}}},"5":{"name":"(anonymous_5)","decl":{"start":{"line":95,"column":13},"end":{"line":95,"column":18}},"loc":{"start":{"line":95,"column":31},"end":{"line":104,"column":3}}},"6":{"name":"(anonymous_6)","decl":{"start":{"line":106,"column":14},"end":{"line":106,"column":19}},"loc":{"start":{"line":106,"column":32},"end":{"line":115,"column":3}}}},"branchMap":{},"s":{"0":1,"1":1,"2":1,"3":1,"4":5,"5":5,"6":5,"7":4,"8":1,"9":3,"10":3,"11":3,"12":2,"13":1,"14":4,"15":4,"16":4,"17":3,"18":1,"19":7,"20":7,"21":7,"22":6,"23":6,"24":1,"25":1,"26":3,"27":3,"28":3,"29":2,"30":1,"31":1,"32":3,"33":3,"34":3,"35":2,"36":1,"37":1},"f":{"0":1,"1":5,"2":3,"3":4,"4":7,"5":3,"6":3},"b":{}}
,"/mnt/c/Users/rene_/source/repos/walkingApp/WalkingApp.Mobile/src/store/index.ts": {"path":"/mnt/c/Users/rene_/source/repos/walkingApp/WalkingApp.Mobile/src/store/index.ts","statementMap":{"0":{"start":{"line":2,"column":0},"end":{"line":2,"column":9}},"1":{"start":{"line":2,"column":9},"end":{"line":2,"column":43}},"2":{"start":{"line":3,"column":0},"end":{"line":3,"column":9}},"3":{"start":{"line":3,"column":9},"end":{"line":3,"column":43}},"4":{"start":{"line":4,"column":0},"end":{"line":4,"column":9}},"5":{"start":{"line":4,"column":9},"end":{"line":4,"column":45}},"6":{"start":{"line":5,"column":0},"end":{"line":5,"column":9}},"7":{"start":{"line":5,"column":9},"end":{"line":5,"column":49}},"8":{"start":{"line":6,"column":0},"end":{"line":6,"column":9}},"9":{"start":{"line":6,"column":9},"end":{"line":6,"column":47}},"10":{"start":{"line":7,"column":0},"end":{"line":7,"column":9}},"11":{"start":{"line":7,"column":9},"end":{"line":7,"column":61}}},"fnMap":{"0":{"name":"(anonymous_0)","decl":{"start":{"line":2,"column":9},"end":{"line":2,"column":21}},"loc":{"start":{"line":2,"column":9},"end":{"line":2,"column":43}}},"1":{"name":"(anonymous_1)","decl":{"start":{"line":3,"column":9},"end":{"line":3,"column":21}},"loc":{"start":{"line":3,"column":9},"end":{"line":3,"column":43}}},"2":{"name":"(anonymous_2)","decl":{"start":{"line":4,"column":9},"end":{"line":4,"column":22}},"loc":{"start":{"line":4,"column":9},"end":{"line":4,"column":45}}},"3":{"name":"(anonymous_3)","decl":{"start":{"line":5,"column":9},"end":{"line":5,"column":24}},"loc":{"start":{"line":5,"column":9},"end":{"line":5,"column":49}}},"4":{"name":"(anonymous_4)","decl":{"start":{"line":6,"column":9},"end":{"line":6,"column":23}},"loc":{"start":{"line":6,"column":9},"end":{"line":6,"column":47}}},"5":{"name":"(anonymous_5)","decl":{"start":{"line":7,"column":9},"end":{"line":7,"column":30}},"loc":{"start":{"line":7,"column":9},"end":{"line":7,"column":61}}}},"branchMap":{},"s":{"0":0,"1":0,"2":0,"3":0,"4":0,"5":0,"6":0,"7":0,"8":0,"9":0,"10":0,"11":0},"f":{"0":0,"1":0,"2":0,"3":0,"4":0,"5":0},"b":{}}
,"/mnt/c/Users/rene_/source/repos/walkingApp/WalkingApp.Mobile/src/store/notificationsStore.ts": {"path":"/mnt/c/Users/rene_/source/repos/walkingApp/WalkingApp.Mobile/src/store/notificationsStore.ts","statementMap":{"0":{"start":{"line":1,"column":0},"end":{"line":1,"column":33}},"1":{"start":{"line":2,"column":0},"end":{"line":2,"column":66}},"2":{"start":{"line":29,"column":13},"end":{"line":93,"column":4}},"3":{"start":{"line":29,"column":79},"end":{"line":93,"column":2}},"4":{"start":{"line":36,"column":4},"end":{"line":36,"column":42}},"5":{"start":{"line":37,"column":4},"end":{"line":42,"column":5}},"6":{"start":{"line":38,"column":28},"end":{"line":38,"column":69}},"7":{"start":{"line":39,"column":6},"end":{"line":39,"column":47}},"8":{"start":{"line":41,"column":6},"end":{"line":41,"column":54}},"9":{"start":{"line":46,"column":4},"end":{"line":51,"column":5}},"10":{"start":{"line":47,"column":26},"end":{"line":47,"column":65}},"11":{"start":{"line":48,"column":6},"end":{"line":48,"column":27}},"12":{"start":{"line":50,"column":6},"end":{"line":50,"column":36}},"13":{"start":{"line":55,"column":4},"end":{"line":55,"column":42}},"14":{"start":{"line":56,"column":4},"end":{"line":66,"column":5}},"15":{"start":{"line":57,"column":6},"end":{"line":57,"column":56}},"16":{"start":{"line":58,"column":28},"end":{"line":59,"column":null}},"17":{"start":{"line":59,"column":8},"end":{"line":59,"column":61}},"18":{"start":{"line":61,"column":6},"end":{"line":61,"column":47}},"19":{"start":{"line":62,"column":6},"end":{"line":62,"column":37}},"20":{"start":{"line":64,"column":6},"end":{"line":64,"column":54}},"21":{"start":{"line":65,"column":6},"end":{"line":65,"column":18}},"22":{"start":{"line":70,"column":4},"end":{"line":70,"column":42}},"23":{"start":{"line":71,"column":4},"end":{"line":78,"column":5}},"24":{"start":{"line":72,"column":6},"end":{"line":72,"column":45}},"25":{"start":{"line":73,"column":28},"end":{"line":73,"column":83}},"26":{"start":{"line":73,"column":58},"end":{"line":73,"column":81}},"27":{"start":{"line":74,"column":6},"end":{"line":74,"column":63}},"28":{"start":{"line":76,"column":6},"end":{"line":76,"column":54}},"29":{"start":{"line":77,"column":6},"end":{"line":77,"column":18}},"30":{"start":{"line":82,"column":4},"end":{"line":82,"column":42}},"31":{"start":{"line":83,"column":4},"end":{"line":91,"column":5}},"32":{"start":{"line":84,"column":6},"end":{"line":84,"column":64}},"33":{"start":{"line":85,"column":28},"end":{"line":85,"column":84}},"34":{"start":{"line":85,"column":60},"end":{"line":85,"column":83}},"35":{"start":{"line":86,"column":6},"end":{"line":86,"column":47}},"36":{"start":{"line":87,"column":6},"end":{"line":87,"column":37}},"37":{"start":{"line":89,"column":6},"end":{"line":89,"column":54}},"38":{"start":{"line":90,"column":6},"end":{"line":90,"column":18}}},"fnMap":{"0":{"name":"(anonymous_0)","decl":{"start":{"line":29,"column":64},"end":{"line":29,"column":65}},"loc":{"start":{"line":29,"column":79},"end":{"line":93,"column":2}}},"1":{"name":"(anonymous_1)","decl":{"start":{"line":35,"column":22},"end":{"line":35,"column":27}},"loc":{"start":{"line":35,"column":33},"end":{"line":43,"column":3}}},"2":{"name":"(anonymous_2)","decl":{"start":{"line":45,"column":20},"end":{"line":45,"column":25}},"loc":{"start":{"line":45,"column":31},"end":{"line":52,"column":3}}},"3":{"name":"(anonymous_3)","decl":{"start":{"line":54,"column":14},"end":{"line":54,"column":19}},"loc":{"start":{"line":54,"column":39},"end":{"line":67,"column":3}}},"4":{"name":"(anonymous_4)","decl":{"start":{"line":58,"column":52},"end":{"line":58,"column":53}},"loc":{"start":{"line":59,"column":8},"end":{"line":59,"column":61}}},"5":{"name":"(anonymous_5)","decl":{"start":{"line":69,"column":17},"end":{"line":69,"column":22}},"loc":{"start":{"line":69,"column":28},"end":{"line":79,"column":3}}},"6":{"name":"(anonymous_6)","decl":{"start":{"line":73,"column":52},"end":{"line":73,"column":53}},"loc":{"start":{"line":73,"column":58},"end":{"line":73,"column":81}}},"7":{"name":"(anonymous_7)","decl":{"start":{"line":81,"column":22},"end":{"line":81,"column":27}},"loc":{"start":{"line":81,"column":47},"end":{"line":92,"column":3}}},"8":{"name":"(anonymous_8)","decl":{"start":{"line":85,"column":55},"end":{"line":85,"column":56}},"loc":{"start":{"line":85,"column":60},"end":{"line":85,"column":83}}}},"branchMap":{"0":{"loc":{"start":{"line":59,"column":8},"end":{"line":59,"column":61}},"type":"cond-expr","locations":[{"start":{"line":59,"column":34},"end":{"line":59,"column":57}},{"start":{"line":59,"column":60},"end":{"line":59,"column":61}}]}},"s":{"0":1,"1":1,"2":1,"3":1,"4":5,"5":5,"6":5,"7":4,"8":1,"9":13,"10":13,"11":12,"12":1,"13":5,"14":5,"15":5,"16":4,"17":12,"18":4,"19":4,"20":1,"21":1,"22":4,"23":4,"24":4,"25":3,"26":6,"27":3,"28":1,"29":1,"30":6,"31":6,"32":6,"33":5,"34":15,"35":5,"36":5,"37":1,"38":1},"f":{"0":1,"1":5,"2":13,"3":5,"4":12,"5":4,"6":6,"7":6,"8":15},"b":{"0":[4,8]}}
,"/mnt/c/Users/rene_/source/repos/walkingApp/WalkingApp.Mobile/src/store/stepsStore.ts": {"path":"/mnt/c/Users/rene_/source/repos/walkingApp/WalkingApp.Mobile/src/store/stepsStore.ts","statementMap":{"0":{"start":{"line":1,"column":0},"end":{"line":1,"column":33}},"1":{"start":{"line":2,"column":0},"end":{"line":2,"column":50}},"2":{"start":{"line":35,"column":13},"end":{"line":83,"column":4}},"3":{"start":{"line":35,"column":58},"end":{"line":83,"column":2}},"4":{"start":{"line":43,"column":4},"end":{"line":43,"column":42}},"5":{"start":{"line":44,"column":4},"end":{"line":51,"column":5}},"6":{"start":{"line":45,"column":6},"end":{"line":45,"column":53}},"7":{"start":{"line":46,"column":20},"end":{"line":46,"column":50}},"8":{"start":{"line":47,"column":6},"end":{"line":47,"column":57}},"9":{"start":{"line":49,"column":6},"end":{"line":49,"column":54}},"10":{"start":{"line":50,"column":6},"end":{"line":50,"column":18}},"11":{"start":{"line":55,"column":4},"end":{"line":55,"column":42}},"12":{"start":{"line":56,"column":4},"end":{"line":61,"column":5}},"13":{"start":{"line":57,"column":20},"end":{"line":57,"column":50}},"14":{"start":{"line":58,"column":6},"end":{"line":58,"column":57}},"15":{"start":{"line":60,"column":6},"end":{"line":60,"column":54}},"16":{"start":{"line":65,"column":4},"end":{"line":65,"column":42}},"17":{"start":{"line":66,"column":4},"end":{"line":71,"column":5}},"18":{"start":{"line":67,"column":20},"end":{"line":67,"column":45}},"19":{"start":{"line":68,"column":6},"end":{"line":68,"column":39}},"20":{"start":{"line":70,"column":6},"end":{"line":70,"column":54}},"21":{"start":{"line":75,"column":4},"end":{"line":75,"column":42}},"22":{"start":{"line":76,"column":4},"end":{"line":81,"column":5}},"23":{"start":{"line":77,"column":22},"end":{"line":77,"column":55}},"24":{"start":{"line":78,"column":6},"end":{"line":78,"column":41}},"25":{"start":{"line":80,"column":6},"end":{"line":80,"column":54}}},"fnMap":{"0":{"name":"(anonymous_0)","decl":{"start":{"line":35,"column":48},"end":{"line":35,"column":49}},"loc":{"start":{"line":35,"column":58},"end":{"line":83,"column":2}}},"1":{"name":"(anonymous_1)","decl":{"start":{"line":42,"column":12},"end":{"line":42,"column":17}},"loc":{"start":{"line":42,"column":44},"end":{"line":52,"column":3}}},"2":{"name":"(anonymous_2)","decl":{"start":{"line":54,"column":19},"end":{"line":54,"column":24}},"loc":{"start":{"line":54,"column":30},"end":{"line":62,"column":3}}},"3":{"name":"(anonymous_3)","decl":{"start":{"line":64,"column":14},"end":{"line":64,"column":19}},"loc":{"start":{"line":64,"column":25},"end":{"line":72,"column":3}}},"4":{"name":"(anonymous_4)","decl":{"start":{"line":74,"column":16},"end":{"line":74,"column":21}},"loc":{"start":{"line":74,"column":33},"end":{"line":82,"column":3}}}},"branchMap":{},"s":{"0":1,"1":1,"2":1,"3":1,"4":5,"5":5,"6":5,"7":4,"8":4,"9":1,"10":1,"11":4,"12":4,"13":4,"14":3,"15":1,"16":4,"17":4,"18":4,"19":3,"20":1,"21":7,"22":7,"23":7,"24":6,"25":1},"f":{"0":1,"1":5,"2":4,"3":4,"4":7},"b":{}}
,"/mnt/c/Users/rene_/source/repos/walkingApp/WalkingApp.Mobile/src/store/userStore.ts": {"path":"/mnt/c/Users/rene_/source/repos/walkingApp/WalkingApp.Mobile/src/store/userStore.ts","statementMap":{"0":{"start":{"line":1,"column":0},"end":{"line":1,"column":33}},"1":{"start":{"line":2,"column":0},"end":{"line":2,"column":50}},"2":{"start":{"line":50,"column":13},"end":{"line":111,"column":4}},"3":{"start":{"line":50,"column":61},"end":{"line":111,"column":2}},"4":{"start":{"line":56,"column":4},"end":{"line":56,"column":42}},"5":{"start":{"line":57,"column":4},"end":{"line":62,"column":5}},"6":{"start":{"line":58,"column":19},"end":{"line":58,"column":50}},"7":{"start":{"line":59,"column":6},"end":{"line":59,"column":51}},"8":{"start":{"line":61,"column":6},"end":{"line":61,"column":54}},"9":{"start":{"line":66,"column":4},"end":{"line":66,"column":42}},"10":{"start":{"line":67,"column":4},"end":{"line":73,"column":5}},"11":{"start":{"line":68,"column":22},"end":{"line":68,"column":59}},"12":{"start":{"line":69,"column":6},"end":{"line":69,"column":54}},"13":{"start":{"line":71,"column":6},"end":{"line":71,"column":54}},"14":{"start":{"line":72,"column":6},"end":{"line":72,"column":18}},"15":{"start":{"line":77,"column":4},"end":{"line":77,"column":42}},"16":{"start":{"line":78,"column":4},"end":{"line":90,"column":5}},"17":{"start":{"line":79,"column":22},"end":{"line":79,"column":39}},"18":{"start":{"line":80,"column":6},"end":{"line":80,"column":54}},"19":{"start":{"line":80,"column":20},"end":{"line":80,"column":54}},"20":{"start":{"line":82,"column":22},"end":{"line":82,"column":61}},"21":{"start":{"line":83,"column":6},"end":{"line":86,"column":9}},"22":{"start":{"line":88,"column":6},"end":{"line":88,"column":54}},"23":{"start":{"line":89,"column":6},"end":{"line":89,"column":18}},"24":{"start":{"line":94,"column":4},"end":{"line":94,"column":42}},"25":{"start":{"line":95,"column":4},"end":{"line":109,"column":5}},"26":{"start":{"line":96,"column":24},"end":{"line":96,"column":56}},"27":{"start":{"line":97,"column":22},"end":{"line":97,"column":39}},"28":{"start":{"line":98,"column":6},"end":{"line":105,"column":7}},"29":{"start":{"line":99,"column":8},"end":{"line":102,"column":11}},"30":{"start":{"line":104,"column":8},"end":{"line":104,"column":34}},"31":{"start":{"line":107,"column":6},"end":{"line":107,"column":54}},"32":{"start":{"line":108,"column":6},"end":{"line":108,"column":18}}},"fnMap":{"0":{"name":"(anonymous_0)","decl":{"start":{"line":50,"column":46},"end":{"line":50,"column":47}},"loc":{"start":{"line":50,"column":61},"end":{"line":111,"column":2}}},"1":{"name":"(anonymous_1)","decl":{"start":{"line":55,"column":20},"end":{"line":55,"column":25}},"loc":{"start":{"line":55,"column":31},"end":{"line":63,"column":3}}},"2":{"name":"(anonymous_2)","decl":{"start":{"line":65,"column":17},"end":{"line":65,"column":22}},"loc":{"start":{"line":65,"column":35},"end":{"line":74,"column":3}}},"3":{"name":"(anonymous_3)","decl":{"start":{"line":76,"column":21},"end":{"line":76,"column":26}},"loc":{"start":{"line":76,"column":37},"end":{"line":91,"column":3}}},"4":{"name":"(anonymous_4)","decl":{"start":{"line":93,"column":16},"end":{"line":93,"column":21}},"loc":{"start":{"line":93,"column":30},"end":{"line":110,"column":3}}}},"branchMap":{"0":{"loc":{"start":{"line":80,"column":6},"end":{"line":80,"column":54}},"type":"if","locations":[{"start":{"line":80,"column":6},"end":{"line":80,"column":54}},{"start":{},"end":{}}]},"1":{"loc":{"start":{"line":98,"column":6},"end":{"line":105,"column":7}},"type":"if","locations":[{"start":{"line":98,"column":6},"end":{"line":105,"column":7}},{"start":{"line":103,"column":13},"end":{"line":105,"column":7}}]}},"s":{"0":2,"1":2,"2":2,"3":2,"4":4,"5":4,"6":4,"7":3,"8":1,"9":4,"10":4,"11":4,"12":3,"13":1,"14":1,"15":5,"16":5,"17":5,"18":5,"19":1,"20":4,"21":3,"22":2,"23":2,"24":5,"25":5,"26":5,"27":4,"28":4,"29":3,"30":1,"31":1,"32":1},"f":{"0":2,"1":4,"2":4,"3":5,"4":5},"b":{"0":[1,4],"1":[3,1]}}
,"/mnt/c/Users/rene_/source/repos/walkingApp/WalkingApp.Mobile/src/theme/ThemeProvider.tsx": {"path":"/mnt/c/Users/rene_/source/repos/walkingApp/WalkingApp.Mobile/src/theme/ThemeProvider.tsx","statementMap":{"0":{"start":{"line":1,"column":0},"end":{"line":1,"column":41}},"1":{"start":{"line":2,"column":0},"end":{"line":2,"column":51}},"2":{"start":{"line":3,"column":0},"end":{"line":3,"column":44}},"3":{"start":{"line":4,"column":0},"end":{"line":4,"column":49}},"4":{"start":{"line":10,"column":59},"end":{"line":19,"column":1}},"5":{"start":{"line":11,"column":33},"end":{"line":11,"column":46}},"6":{"start":{"line":13,"column":2},"end":{"line":18,"column":4}},"7":{"start":{"line":10,"column":13},"end":{"line":10,"column":59}}},"fnMap":{"0":{"name":"(anonymous_1)","decl":{"start":{"line":10,"column":59},"end":{"line":10,"column":60}},"loc":{"start":{"line":10,"column":76},"end":{"line":19,"column":1}}}},"branchMap":{"0":{"loc":{"start":{"line":15,"column":24},"end":{"line":15,"column":49}},"type":"cond-expr","locations":[{"start":{"line":15,"column":33},"end":{"line":15,"column":40}},{"start":{"line":15,"column":43},"end":{"line":15,"column":49}}]}},"s":{"0":1,"1":1,"2":1,"3":1,"4":1,"5":16,"6":16,"7":1},"f":{"0":16},"b":{"0":[4,12]}}
,"/mnt/c/Users/rene_/source/repos/walkingApp/WalkingApp.Mobile/src/theme/colors.ts": {"path":"/mnt/c/Users/rene_/source/repos/walkingApp/WalkingApp.Mobile/src/theme/colors.ts","statementMap":{"0":{"start":{"line":1,"column":13},"end":{"line":101,"column":2}}},"fnMap":{},"branchMap":{},"s":{"0":2},"f":{},"b":{}}
,"/mnt/c/Users/rene_/source/repos/walkingApp/WalkingApp.Mobile/src/theme/theme.ts": {"path":"/mnt/c/Users/rene_/source/repos/walkingApp/WalkingApp.Mobile/src/theme/theme.ts","statementMap":{"0":{"start":{"line":1,"column":0},"end":{"line":1,"column":75}},"1":{"start":{"line":2,"column":0},"end":{"line":2,"column":67}},"2":{"start":{"line":3,"column":0},"end":{"line":3,"column":34}},"3":{"start":{"line":5,"column":13},"end":{"line":15,"column":2}},"4":{"start":{"line":17,"column":13},"end":{"line":27,"column":2}},"5":{"start":{"line":30,"column":13},"end":{"line":41,"column":2}},"6":{"start":{"line":43,"column":13},"end":{"line":54,"column":2}}},"fnMap":{},"branchMap":{},"s":{"0":1,"1":1,"2":1,"3":1,"4":1,"5":1,"6":1},"f":{},"b":{}}
}
