{"/mnt/c/Users/rene_/source/repos/walkingApp/WalkingApp.Mobile/src/components/common/ErrorMessage.tsx": {"path":"/mnt/c/Users/rene_/source/repos/walkingApp/WalkingApp.Mobile/src/components/common/ErrorMessage.tsx","statementMap":{"0":{"start":{"line":1,"column":0},"end":{"line":1,"column":26}},"1":{"start":{"line":2,"column":0},"end":{"line":2,"column":48}},"2":{"start":{"line":3,"column":0},"end":{"line":3,"column":50}},"3":{"start":{"line":10,"column":57},"end":{"line":23,"column":1}},"4":{"start":{"line":11,"column":2},"end":{"line":22,"column":4}},"5":{"start":{"line":10,"column":13},"end":{"line":10,"column":57}},"6":{"start":{"line":25,"column":15},"end":{"line":39,"column":2}}},"fnMap":{"0":{"name":"(anonymous_1)","decl":{"start":{"line":10,"column":57},"end":{"line":10,"column":58}},"loc":{"start":{"line":10,"column":82},"end":{"line":23,"column":1}}}},"branchMap":{"0":{"loc":{"start":{"line":16,"column":7},"end":{"line":19,"column":null}},"type":"binary-expr","locations":[{"start":{"line":16,"column":7},"end":{"line":16,"column":14}},{"start":{"line":17,"column":8},"end":{"line":17,"column":null}}]}},"s":{"0":0,"1":0,"2":0,"3":0,"4":0,"5":0,"6":0},"f":{"0":0},"b":{"0":[0,0]}}
,"/mnt/c/Users/rene_/source/repos/walkingApp/WalkingApp.Mobile/src/components/common/LoadingSpinner.tsx": {"path":"/mnt/c/Users/rene_/source/repos/walkingApp/WalkingApp.Mobile/src/components/common/LoadingSpinner.tsx","statementMap":{"0":{"start":{"line":1,"column":0},"end":{"line":1,"column":26}},"1":{"start":{"line":2,"column":0},"end":{"line":2,"column":48}},"2":{"start":{"line":3,"column":0},"end":{"line":3,"column":55}},"3":{"start":{"line":5,"column":40},"end":{"line":11,"column":1}},"4":{"start":{"line":6,"column":2},"end":{"line":10,"column":4}},"5":{"start":{"line":5,"column":13},"end":{"line":5,"column":40}},"6":{"start":{"line":13,"column":15},"end":{"line":19,"column":2}}},"fnMap":{"0":{"name":"(anonymous_1)","decl":{"start":{"line":5,"column":40},"end":{"line":5,"column":43}},"loc":{"start":{"line":5,"column":45},"end":{"line":11,"column":1}}}},"branchMap":{},"s":{"0":0,"1":0,"2":0,"3":0,"4":0,"5":0,"6":0},"f":{"0":0},"b":{}}
,"/mnt/c/Users/rene_/source/repos/walkingApp/WalkingApp.Mobile/src/config/supabase.config.ts": {"path":"/mnt/c/Users/rene_/source/repos/walkingApp/WalkingApp.Mobile/src/config/supabase.config.ts","statementMap":{"0":{"start":{"line":1,"column":0},"end":{"line":1,"column":69}},"1":{"start":{"line":3,"column":13},"end":{"line":6,"column":2}},"2":{"start":{"line":8,"column":13},"end":{"line":11,"column":2}},"3":{"start":{"line":16,"column":30},"end":{"line":27,"column":1}},"4":{"start":{"line":17,"column":2},"end":{"line":20,"column":3}},"5":{"start":{"line":18,"column":4},"end":{"line":18,"column":61}},"6":{"start":{"line":19,"column":4},"end":{"line":19,"column":17}},"7":{"start":{"line":22,"column":2},"end":{"line":24,"column":3}},"8":{"start":{"line":23,"column":4},"end":{"line":23,"column":61}},"9":{"start":{"line":26,"column":2},"end":{"line":26,"column":14}},"10":{"start":{"line":16,"column":13},"end":{"line":16,"column":30}}},"fnMap":{"0":{"name":"(anonymous_0)","decl":{"start":{"line":16,"column":30},"end":{"line":16,"column":42}},"loc":{"start":{"line":16,"column":44},"end":{"line":27,"column":1}}}},"branchMap":{"0":{"loc":{"start":{"line":17,"column":2},"end":{"line":20,"column":3}},"type":"if","locations":[{"start":{"line":17,"column":2},"end":{"line":20,"column":3}},{"start":{},"end":{}}]},"1":{"loc":{"start":{"line":17,"column":6},"end":{"line":17,"column":41}},"type":"binary-expr","locations":[{"start":{"line":17,"column":6},"end":{"line":17,"column":19}},{"start":{"line":17,"column":23},"end":{"line":17,"column":41}}]},"2":{"loc":{"start":{"line":22,"column":2},"end":{"line":24,"column":3}},"type":"if","locations":[{"start":{"line":22,"column":2},"end":{"line":24,"column":3}},{"start":{},"end":{}}]}},"s":{"0":0,"1":0,"2":0,"3":0,"4":0,"5":0,"6":0,"7":0,"8":0,"9":0,"10":0},"f":{"0":0},"b":{"0":[0,0],"1":[0,0],"2":[0,0]}}
,"/mnt/c/Users/rene_/source/repos/walkingApp/WalkingApp.Mobile/src/hooks/useAppTheme.ts": {"path":"/mnt/c/Users/rene_/source/repos/walkingApp/WalkingApp.Mobile/src/hooks/useAppTheme.ts","statementMap":{"0":{"start":{"line":1,"column":0},"end":{"line":1,"column":46}},"1":{"start":{"line":2,"column":0},"end":{"line":2,"column":48}},"2":{"start":{"line":3,"column":0},"end":{"line":3,"column":96}},"3":{"start":{"line":5,"column":27},"end":{"line":22,"column":1}},"4":{"start":{"line":6,"column":28},"end":{"line":6,"column":44}},"5":{"start":{"line":7,"column":26},"end":{"line":8,"column":null}},"6":{"start":{"line":8,"column":15},"end":{"line":8,"column":64}},"7":{"start":{"line":13,"column":4},"end":{"line":13,"column":70}},"8":{"start":{"line":15,"column":17},"end":{"line":15,"column":42}},"9":{"start":{"line":17,"column":2},"end":{"line":21,"column":4}},"10":{"start":{"line":5,"column":13},"end":{"line":5,"column":27}}},"fnMap":{"0":{"name":"(anonymous_0)","decl":{"start":{"line":5,"column":27},"end":{"line":5,"column":30}},"loc":{"start":{"line":5,"column":32},"end":{"line":22,"column":1}}},"1":{"name":"(anonymous_1)","decl":{"start":{"line":8,"column":4},"end":{"line":8,"column":5}},"loc":{"start":{"line":8,"column":15},"end":{"line":8,"column":64}}}},"branchMap":{"0":{"loc":{"start":{"line":8,"column":15},"end":{"line":8,"column":64}},"type":"binary-expr","locations":[{"start":{"line":8,"column":15},"end":{"line":8,"column":52}},{"start":{"line":8,"column":56},"end":{"line":8,"column":64}}]},"1":{"loc":{"start":{"line":13,"column":4},"end":{"line":13,"column":70}},"type":"cond-expr","locations":[{"start":{"line":13,"column":35},"end":{"line":13,"column":52}},{"start":{"line":13,"column":55},"end":{"line":13,"column":70}}]},"2":{"loc":{"start":{"line":18,"column":16},"end":{"line":18,"column":47}},"type":"cond-expr","locations":[{"start":{"line":18,"column":25},"end":{"line":18,"column":34}},{"start":{"line":18,"column":37},"end":{"line":18,"column":47}}]},"3":{"loc":{"start":{"line":19,"column":21},"end":{"line":19,"column":72}},"type":"cond-expr","locations":[{"start":{"line":19,"column":30},"end":{"line":19,"column":49}},{"start":{"line":19,"column":52},"end":{"line":19,"column":72}}]}},"s":{"0":0,"1":0,"2":0,"3":0,"4":0,"5":0,"6":0,"7":0,"8":0,"9":0,"10":0},"f":{"0":0,"1":0},"b":{"0":[0,0],"1":[0,0],"2":[0,0],"3":[0,0]}}
,"/mnt/c/Users/rene_/source/repos/walkingApp/WalkingApp.Mobile/src/hooks/useSupabaseAuth.ts": {"path":"/mnt/c/Users/rene_/source/repos/walkingApp/WalkingApp.Mobile/src/hooks/useSupabaseAuth.ts","statementMap":{"0":{"start":{"line":1,"column":0},"end":{"line":1,"column":44}},"1":{"start":{"line":3,"column":0},"end":{"line":3,"column":46}},"2":{"start":{"line":5,"column":31},"end":{"line":35,"column":1}},"3":{"start":{"line":6,"column":32},"end":{"line":6,"column":62}},"4":{"start":{"line":7,"column":26},"end":{"line":7,"column":53}},"5":{"start":{"line":8,"column":32},"end":{"line":8,"column":46}},"6":{"start":{"line":10,"column":2},"end":{"line":27,"column":9}},"7":{"start":{"line":12,"column":4},"end":{"line":16,"column":7}},"8":{"start":{"line":13,"column":6},"end":{"line":13,"column":26}},"9":{"start":{"line":14,"column":6},"end":{"line":14,"column":37}},"10":{"start":{"line":15,"column":6},"end":{"line":15,"column":24}},"11":{"start":{"line":21,"column":8},"end":{"line":24,"column":6}},"12":{"start":{"line":22,"column":6},"end":{"line":22,"column":26}},"13":{"start":{"line":23,"column":6},"end":{"line":23,"column":37}},"14":{"start":{"line":26,"column":4},"end":{"line":26,"column":44}},"15":{"start":{"line":26,"column":17},"end":{"line":26,"column":43}},"16":{"start":{"line":29,"column":2},"end":{"line":34,"column":4}},"17":{"start":{"line":33,"column":19},"end":{"line":33,"column":42}},"18":{"start":{"line":5,"column":13},"end":{"line":5,"column":31}}},"fnMap":{"0":{"name":"(anonymous_0)","decl":{"start":{"line":5,"column":31},"end":{"line":5,"column":34}},"loc":{"start":{"line":5,"column":36},"end":{"line":35,"column":1}}},"1":{"name":"(anonymous_1)","decl":{"start":{"line":10,"column":12},"end":{"line":10,"column":15}},"loc":{"start":{"line":10,"column":17},"end":{"line":27,"column":3}}},"2":{"name":"(anonymous_2)","decl":{"start":{"line":12,"column":36},"end":{"line":12,"column":37}},"loc":{"start":{"line":12,"column":62},"end":{"line":16,"column":5}}},"3":{"name":"(anonymous_3)","decl":{"start":{"line":21,"column":40},"end":{"line":21,"column":41}},"loc":{"start":{"line":21,"column":60},"end":{"line":24,"column":5}}},"4":{"name":"(anonymous_4)","decl":{"start":{"line":26,"column":11},"end":{"line":26,"column":14}},"loc":{"start":{"line":26,"column":17},"end":{"line":26,"column":43}}},"5":{"name":"(anonymous_5)","decl":{"start":{"line":33,"column":13},"end":{"line":33,"column":16}},"loc":{"start":{"line":33,"column":19},"end":{"line":33,"column":42}}}},"branchMap":{"0":{"loc":{"start":{"line":14,"column":14},"end":{"line":14,"column":35}},"type":"binary-expr","locations":[{"start":{"line":14,"column":14},"end":{"line":14,"column":27}},{"start":{"line":14,"column":31},"end":{"line":14,"column":35}}]},"1":{"loc":{"start":{"line":23,"column":14},"end":{"line":23,"column":35}},"type":"binary-expr","locations":[{"start":{"line":23,"column":14},"end":{"line":23,"column":27}},{"start":{"line":23,"column":31},"end":{"line":23,"column":35}}]}},"s":{"0":0,"1":0,"2":0,"3":0,"4":0,"5":0,"6":0,"7":0,"8":0,"9":0,"10":0,"11":0,"12":0,"13":0,"14":0,"15":0,"16":0,"17":0,"18":0},"f":{"0":0,"1":0,"2":0,"3":0,"4":0,"5":0},"b":{"0":[0,0],"1":[0,0]}}
,"/mnt/c/Users/rene_/source/repos/walkingApp/WalkingApp.Mobile/src/navigation/AuthNavigator.tsx": {"path":"/mnt/c/Users/rene_/source/repos/walkingApp/WalkingApp.Mobile/src/navigation/AuthNavigator.tsx","statementMap":{"0":{"start":{"line":11,"column":0},"end":{"line":11,"column":24}},"1":{"start":{"line":1,"column":0},"end":{"line":1,"column":26}},"2":{"start":{"line":2,"column":0},"end":{"line":2,"column":76}},"3":{"start":{"line":5,"column":0},"end":{"line":5,"column":52}},"4":{"start":{"line":6,"column":0},"end":{"line":6,"column":58}},"5":{"start":{"line":7,"column":0},"end":{"line":7,"column":70}},"6":{"start":{"line":9,"column":14},"end":{"line":9,"column":62}},"7":{"start":{"line":12,"column":2},"end":{"line":23,"column":4}}},"fnMap":{"0":{"name":"AuthNavigator","decl":{"start":{"line":11,"column":24},"end":{"line":11,"column":37}},"loc":{"start":{"line":11,"column":37},"end":{"line":24,"column":1}}}},"branchMap":{},"s":{"0":0,"1":0,"2":0,"3":0,"4":0,"5":0,"6":0,"7":0},"f":{"0":0},"b":{}}
,"/mnt/c/Users/rene_/source/repos/walkingApp/WalkingApp.Mobile/src/navigation/MainNavigator.tsx": {"path":"/mnt/c/Users/rene_/source/repos/walkingApp/WalkingApp.Mobile/src/navigation/MainNavigator.tsx","statementMap":{"0":{"start":{"line":10,"column":0},"end":{"line":10,"column":24}},"1":{"start":{"line":1,"column":0},"end":{"line":1,"column":26}},"2":{"start":{"line":2,"column":0},"end":{"line":2,"column":76}},"3":{"start":{"line":5,"column":0},"end":{"line":5,"column":42}},"4":{"start":{"line":6,"column":0},"end":{"line":6,"column":77}},"5":{"start":{"line":8,"column":14},"end":{"line":8,"column":62}},"6":{"start":{"line":11,"column":2},"end":{"line":22,"column":4}}},"fnMap":{"0":{"name":"MainNavigator","decl":{"start":{"line":10,"column":24},"end":{"line":10,"column":37}},"loc":{"start":{"line":10,"column":37},"end":{"line":23,"column":1}}}},"branchMap":{},"s":{"0":0,"1":0,"2":0,"3":0,"4":0,"5":0,"6":0},"f":{"0":0},"b":{}}
,"/mnt/c/Users/rene_/source/repos/walkingApp/WalkingApp.Mobile/src/navigation/RootNavigator.tsx": {"path":"/mnt/c/Users/rene_/source/repos/walkingApp/WalkingApp.Mobile/src/navigation/RootNavigator.tsx","statementMap":{"0":{"start":{"line":12,"column":0},"end":{"line":12,"column":24}},"1":{"start":{"line":1,"column":0},"end":{"line":1,"column":51}},"2":{"start":{"line":2,"column":0},"end":{"line":2,"column":76}},"3":{"start":{"line":4,"column":0},"end":{"line":4,"column":44}},"4":{"start":{"line":5,"column":0},"end":{"line":5,"column":44}},"5":{"start":{"line":6,"column":0},"end":{"line":6,"column":68}},"6":{"start":{"line":7,"column":0},"end":{"line":7,"column":48}},"7":{"start":{"line":10,"column":14},"end":{"line":10,"column":62}},"8":{"start":{"line":13,"column":26},"end":{"line":13,"column":72}},"9":{"start":{"line":13,"column":50},"end":{"line":13,"column":71}},"10":{"start":{"line":14,"column":48},"end":{"line":14,"column":63}},"11":{"start":{"line":16,"column":2},"end":{"line":26,"column":24}},"12":{"start":{"line":18,"column":20},"end":{"line":18,"column":51}},"13":{"start":{"line":21,"column":4},"end":{"line":25,"column":5}},"14":{"start":{"line":22,"column":6},"end":{"line":22,"column":31}},"15":{"start":{"line":24,"column":6},"end":{"line":24,"column":32}},"16":{"start":{"line":28,"column":2},"end":{"line":38,"column":4}}},"fnMap":{"0":{"name":"RootNavigator","decl":{"start":{"line":12,"column":24},"end":{"line":12,"column":37}},"loc":{"start":{"line":12,"column":37},"end":{"line":39,"column":1}}},"1":{"name":"(anonymous_11)","decl":{"start":{"line":13,"column":39},"end":{"line":13,"column":40}},"loc":{"start":{"line":13,"column":50},"end":{"line":13,"column":71}}},"2":{"name":"(anonymous_12)","decl":{"start":{"line":16,"column":12},"end":{"line":16,"column":15}},"loc":{"start":{"line":16,"column":17},"end":{"line":26,"column":3}}}},"branchMap":{"0":{"loc":{"start":{"line":21,"column":4},"end":{"line":25,"column":5}},"type":"if","locations":[{"start":{"line":21,"column":4},"end":{"line":25,"column":5}},{"start":{"line":23,"column":11},"end":{"line":25,"column":5}}]},"1":{"loc":{"start":{"line":30,"column":7},"end":{"line":35,"column":null}},"type":"cond-expr","locations":[{"start":{"line":31,"column":8},"end":{"line":31,"column":62}},{"start":{"line":32,"column":10},"end":{"line":35,"column":null}}]},"2":{"loc":{"start":{"line":32,"column":10},"end":{"line":35,"column":null}},"type":"cond-expr","locations":[{"start":{"line":33,"column":8},"end":{"line":33,"column":71}},{"start":{"line":35,"column":8},"end":{"line":35,"column":62}}]}},"s":{"0":0,"1":0,"2":0,"3":0,"4":0,"5":0,"6":0,"7":0,"8":0,"9":0,"10":0,"11":0,"12":0,"13":0,"14":0,"15":0,"16":0},"f":{"0":0,"1":0,"2":0},"b":{"0":[0,0],"1":[0,0],"2":[0,0]}}
,"/mnt/c/Users/rene_/source/repos/walkingApp/WalkingApp.Mobile/src/navigation/TabNavigator.tsx": {"path":"/mnt/c/Users/rene_/source/repos/walkingApp/WalkingApp.Mobile/src/navigation/TabNavigator.tsx","statementMap":{"0":{"start":{"line":14,"column":0},"end":{"line":14,"column":24}},"1":{"start":{"line":1,"column":0},"end":{"line":1,"column":26}},"2":{"start":{"line":2,"column":0},"end":{"line":2,"column":73}},"3":{"start":{"line":3,"column":0},"end":{"line":3,"column":60}},"4":{"start":{"line":6,"column":0},"end":{"line":6,"column":61}},"5":{"start":{"line":7,"column":0},"end":{"line":7,"column":63}},"6":{"start":{"line":8,"column":0},"end":{"line":8,"column":67}},"7":{"start":{"line":9,"column":0},"end":{"line":9,"column":65}},"8":{"start":{"line":10,"column":0},"end":{"line":10,"column":69}},"9":{"start":{"line":12,"column":12},"end":{"line":12,"column":52}},"10":{"start":{"line":15,"column":2},"end":{"line":74,"column":4}},"11":{"start":{"line":29,"column":12},"end":{"line":29,"column":76}},"12":{"start":{"line":39,"column":12},"end":{"line":39,"column":76}},"13":{"start":{"line":49,"column":12},"end":{"line":49,"column":85}},"14":{"start":{"line":59,"column":12},"end":{"line":59,"column":78}},"15":{"start":{"line":69,"column":12},"end":{"line":69,"column":75}}},"fnMap":{"0":{"name":"TabNavigator","decl":{"start":{"line":14,"column":24},"end":{"line":14,"column":36}},"loc":{"start":{"line":14,"column":36},"end":{"line":75,"column":1}}},"1":{"name":"(anonymous_2)","decl":{"start":{"line":28,"column":22},"end":{"line":28,"column":23}},"loc":{"start":{"line":29,"column":12},"end":{"line":29,"column":76}}},"2":{"name":"(anonymous_3)","decl":{"start":{"line":38,"column":22},"end":{"line":38,"column":23}},"loc":{"start":{"line":39,"column":12},"end":{"line":39,"column":76}}},"3":{"name":"(anonymous_4)","decl":{"start":{"line":48,"column":22},"end":{"line":48,"column":23}},"loc":{"start":{"line":49,"column":12},"end":{"line":49,"column":85}}},"4":{"name":"(anonymous_5)","decl":{"start":{"line":58,"column":22},"end":{"line":58,"column":23}},"loc":{"start":{"line":59,"column":12},"end":{"line":59,"column":78}}},"5":{"name":"(anonymous_6)","decl":{"start":{"line":68,"column":22},"end":{"line":68,"column":23}},"loc":{"start":{"line":69,"column":12},"end":{"line":69,"column":75}}}},"branchMap":{},"s":{"0":0,"1":0,"2":0,"3":0,"4":0,"5":0,"6":0,"7":0,"8":0,"9":0,"10":0,"11":0,"12":0,"13":0,"14":0,"15":0},"f":{"0":0,"1":0,"2":0,"3":0,"4":0,"5":0},"b":{}}
,"/mnt/c/Users/rene_/source/repos/walkingApp/WalkingApp.Mobile/src/navigation/stacks/FriendsStackNavigator.tsx": {"path":"/mnt/c/Users/rene_/source/repos/walkingApp/WalkingApp.Mobile/src/navigation/stacks/FriendsStackNavigator.tsx","statementMap":{"0":{"start":{"line":11,"column":0},"end":{"line":11,"column":24}},"1":{"start":{"line":1,"column":0},"end":{"line":1,"column":26}},"2":{"start":{"line":2,"column":0},"end":{"line":2,"column":76}},"3":{"start":{"line":5,"column":0},"end":{"line":5,"column":67}},"4":{"start":{"line":6,"column":0},"end":{"line":6,"column":75}},"5":{"start":{"line":7,"column":0},"end":{"line":7,"column":67}},"6":{"start":{"line":9,"column":14},"end":{"line":9,"column":65}},"7":{"start":{"line":12,"column":2},"end":{"line":30,"column":4}}},"fnMap":{"0":{"name":"FriendsStackNavigator","decl":{"start":{"line":11,"column":24},"end":{"line":11,"column":45}},"loc":{"start":{"line":11,"column":45},"end":{"line":31,"column":1}}}},"branchMap":{},"s":{"0":0,"1":0,"2":0,"3":0,"4":0,"5":0,"6":0,"7":0},"f":{"0":0},"b":{}}
,"/mnt/c/Users/rene_/source/repos/walkingApp/WalkingApp.Mobile/src/navigation/stacks/GroupsStackNavigator.tsx": {"path":"/mnt/c/Users/rene_/source/repos/walkingApp/WalkingApp.Mobile/src/navigation/stacks/GroupsStackNavigator.tsx","statementMap":{"0":{"start":{"line":13,"column":0},"end":{"line":13,"column":24}},"1":{"start":{"line":1,"column":0},"end":{"line":1,"column":26}},"2":{"start":{"line":2,"column":0},"end":{"line":2,"column":76}},"3":{"start":{"line":5,"column":0},"end":{"line":5,"column":64}},"4":{"start":{"line":6,"column":0},"end":{"line":6,"column":66}},"5":{"start":{"line":7,"column":0},"end":{"line":7,"column":74}},"6":{"start":{"line":8,"column":0},"end":{"line":8,"column":66}},"7":{"start":{"line":9,"column":0},"end":{"line":9,"column":62}},"8":{"start":{"line":11,"column":14},"end":{"line":11,"column":64}},"9":{"start":{"line":14,"column":2},"end":{"line":42,"column":4}}},"fnMap":{"0":{"name":"GroupsStackNavigator","decl":{"start":{"line":13,"column":24},"end":{"line":13,"column":44}},"loc":{"start":{"line":13,"column":44},"end":{"line":43,"column":1}}}},"branchMap":{},"s":{"0":0,"1":0,"2":0,"3":0,"4":0,"5":0,"6":0,"7":0,"8":0,"9":0},"f":{"0":0},"b":{}}
,"/mnt/c/Users/rene_/source/repos/walkingApp/WalkingApp.Mobile/src/navigation/stacks/HomeStackNavigator.tsx": {"path":"/mnt/c/Users/rene_/source/repos/walkingApp/WalkingApp.Mobile/src/navigation/stacks/HomeStackNavigator.tsx","statementMap":{"0":{"start":{"line":9,"column":0},"end":{"line":9,"column":24}},"1":{"start":{"line":1,"column":0},"end":{"line":1,"column":26}},"2":{"start":{"line":2,"column":0},"end":{"line":2,"column":76}},"3":{"start":{"line":5,"column":0},"end":{"line":5,"column":50}},"4":{"start":{"line":7,"column":14},"end":{"line":7,"column":62}},"5":{"start":{"line":10,"column":2},"end":{"line":18,"column":4}}},"fnMap":{"0":{"name":"HomeStackNavigator","decl":{"start":{"line":9,"column":24},"end":{"line":9,"column":42}},"loc":{"start":{"line":9,"column":42},"end":{"line":19,"column":1}}}},"branchMap":{},"s":{"0":0,"1":0,"2":0,"3":0,"4":0,"5":0},"f":{"0":0},"b":{}}
,"/mnt/c/Users/rene_/source/repos/walkingApp/WalkingApp.Mobile/src/navigation/stacks/SettingsStackNavigator.tsx": {"path":"/mnt/c/Users/rene_/source/repos/walkingApp/WalkingApp.Mobile/src/navigation/stacks/SettingsStackNavigator.tsx","statementMap":{"0":{"start":{"line":11,"column":0},"end":{"line":11,"column":24}},"1":{"start":{"line":1,"column":0},"end":{"line":1,"column":26}},"2":{"start":{"line":2,"column":0},"end":{"line":2,"column":76}},"3":{"start":{"line":5,"column":0},"end":{"line":5,"column":62}},"4":{"start":{"line":6,"column":0},"end":{"line":6,"column":60}},"5":{"start":{"line":7,"column":0},"end":{"line":7,"column":68}},"6":{"start":{"line":9,"column":14},"end":{"line":9,"column":66}},"7":{"start":{"line":12,"column":2},"end":{"line":30,"column":4}}},"fnMap":{"0":{"name":"SettingsStackNavigator","decl":{"start":{"line":11,"column":24},"end":{"line":11,"column":46}},"loc":{"start":{"line":11,"column":46},"end":{"line":31,"column":1}}}},"branchMap":{},"s":{"0":0,"1":0,"2":0,"3":0,"4":0,"5":0,"6":0,"7":0},"f":{"0":0},"b":{}}
,"/mnt/c/Users/rene_/source/repos/walkingApp/WalkingApp.Mobile/src/navigation/stacks/StepsStackNavigator.tsx": {"path":"/mnt/c/Users/rene_/source/repos/walkingApp/WalkingApp.Mobile/src/navigation/stacks/StepsStackNavigator.tsx","statementMap":{"0":{"start":{"line":9,"column":0},"end":{"line":9,"column":24}},"1":{"start":{"line":1,"column":0},"end":{"line":1,"column":26}},"2":{"start":{"line":2,"column":0},"end":{"line":2,"column":76}},"3":{"start":{"line":5,"column":0},"end":{"line":5,"column":67}},"4":{"start":{"line":7,"column":14},"end":{"line":7,"column":63}},"5":{"start":{"line":10,"column":2},"end":{"line":18,"column":4}}},"fnMap":{"0":{"name":"StepsStackNavigator","decl":{"start":{"line":9,"column":24},"end":{"line":9,"column":43}},"loc":{"start":{"line":9,"column":43},"end":{"line":19,"column":1}}}},"branchMap":{},"s":{"0":0,"1":0,"2":0,"3":0,"4":0,"5":0},"f":{"0":0},"b":{}}
,"/mnt/c/Users/rene_/source/repos/walkingApp/WalkingApp.Mobile/src/screens/auth/ForgotPasswordScreen.tsx": {"path":"/mnt/c/Users/rene_/source/repos/walkingApp/WalkingApp.Mobile/src/screens/auth/ForgotPasswordScreen.tsx","statementMap":{"0":{"start":{"line":12,"column":0},"end":{"line":12,"column":24}},"1":{"start":{"line":1,"column":0},"end":{"line":1,"column":26}},"2":{"start":{"line":2,"column":0},"end":{"line":2,"column":66}},"3":{"start":{"line":3,"column":0},"end":{"line":3,"column":70}},"4":{"start":{"line":5,"column":0},"end":{"line":5,"column":49}},"5":{"start":{"line":6,"column":0},"end":{"line":6,"column":49}},"6":{"start":{"line":7,"column":0},"end":{"line":7,"column":61}},"7":{"start":{"line":8,"column":0},"end":{"line":8,"column":62}},"8":{"start":{"line":13,"column":25},"end":{"line":13,"column":38}},"9":{"start":{"line":22,"column":6},"end":{"line":22,"column":25}},"10":{"start":{"line":24,"column":2},"end":{"line":66,"column":3}},"11":{"start":{"line":25,"column":4},"end":{"line":65,"column":6}},"12":{"start":{"line":47,"column":25},"end":{"line":47,"column":53}},"13":{"start":{"line":68,"column":2},"end":{"line":122,"column":4}},"14":{"start":{"line":109,"column":27},"end":{"line":109,"column":55}},"15":{"start":{"line":125,"column":15},"end":{"line":164,"column":2}}},"fnMap":{"0":{"name":"ForgotPasswordScreen","decl":{"start":{"line":12,"column":24},"end":{"line":12,"column":44}},"loc":{"start":{"line":12,"column":66},"end":{"line":123,"column":1}}},"1":{"name":"(anonymous_2)","decl":{"start":{"line":47,"column":19},"end":{"line":47,"column":22}},"loc":{"start":{"line":47,"column":25},"end":{"line":47,"column":53}}},"2":{"name":"(anonymous_3)","decl":{"start":{"line":109,"column":21},"end":{"line":109,"column":24}},"loc":{"start":{"line":109,"column":27},"end":{"line":109,"column":55}}}},"branchMap":{"0":{"loc":{"start":{"line":24,"column":2},"end":{"line":66,"column":3}},"type":"if","locations":[{"start":{"line":24,"column":2},"end":{"line":66,"column":3}},{"start":{},"end":{}}]}},"s":{"0":0,"1":0,"2":0,"3":0,"4":0,"5":0,"6":0,"7":0,"8":0,"9":0,"10":0,"11":0,"12":0,"13":0,"14":0,"15":0},"f":{"0":0,"1":0,"2":0},"b":{"0":[0,0]}}
,"/mnt/c/Users/rene_/source/repos/walkingApp/WalkingApp.Mobile/src/screens/auth/LoginScreen.tsx": {"path":"/mnt/c/Users/rene_/source/repos/walkingApp/WalkingApp.Mobile/src/screens/auth/LoginScreen.tsx","statementMap":{"0":{"start":{"line":16,"column":0},"end":{"line":16,"column":24}},"1":{"start":{"line":1,"column":0},"end":{"line":1,"column":40}},"2":{"start":{"line":2,"column":0},"end":{"line":2,"column":73}},"3":{"start":{"line":3,"column":0},"end":{"line":3,"column":70}},"4":{"start":{"line":5,"column":0},"end":{"line":5,"column":49}},"5":{"start":{"line":6,"column":0},"end":{"line":6,"column":69}},"6":{"start":{"line":7,"column":0},"end":{"line":7,"column":47}},"7":{"start":{"line":8,"column":0},"end":{"line":8,"column":49}},"8":{"start":{"line":9,"column":0},"end":{"line":9,"column":61}},"9":{"start":{"line":10,"column":0},"end":{"line":10,"column":44}},"10":{"start":{"line":12,"column":0},"end":{"line":12,"column":38}},"11":{"start":{"line":17,"column":25},"end":{"line":17,"column":38}},"12":{"start":{"line":18,"column":48},"end":{"line":18,"column":63}},"13":{"start":{"line":29,"column":6},"end":{"line":29,"column":16}},"14":{"start":{"line":31,"column":29},"end":{"line":68,"column":3}},"15":{"start":{"line":32,"column":4},"end":{"line":32,"column":29}},"16":{"start":{"line":33,"column":4},"end":{"line":67,"column":5}},"17":{"start":{"line":34,"column":22},"end":{"line":34,"column":51}},"18":{"start":{"line":35,"column":6},"end":{"line":61,"column":7}},"19":{"start":{"line":36,"column":23},"end":{"line":36,"column":82}},"20":{"start":{"line":38,"column":8},"end":{"line":60,"column":9}},"21":{"start":{"line":40,"column":30},"end":{"line":40,"column":40}},"22":{"start":{"line":44,"column":28},"end":{"line":44,"column":52}},"23":{"start":{"line":45,"column":10},"end":{"line":59,"column":11}},"24":{"start":{"line":46,"column":29},"end":{"line":46,"column":65}},"25":{"start":{"line":47,"column":27},"end":{"line":47,"column":56}},"26":{"start":{"line":49,"column":32},"end":{"line":49,"column":58}},"27":{"start":{"line":50,"column":33},"end":{"line":50,"column":60}},"28":{"start":{"line":52,"column":12},"end":{"line":58,"column":13}},"29":{"start":{"line":54,"column":14},"end":{"line":57,"column":17}},"30":{"start":{"line":63,"column":6},"end":{"line":63,"column":50}},"31":{"start":{"line":64,"column":6},"end":{"line":64,"column":83}},"32":{"start":{"line":66,"column":6},"end":{"line":66,"column":32}},"33":{"start":{"line":70,"column":2},"end":{"line":166,"column":4}},"34":{"start":{"line":107,"column":25},"end":{"line":107,"column":62}},"35":{"start":{"line":153,"column":27},"end":{"line":153,"column":58}},"36":{"start":{"line":169,"column":15},"end":{"line":197,"column":2}}},"fnMap":{"0":{"name":"LoginScreen","decl":{"start":{"line":16,"column":24},"end":{"line":16,"column":35}},"loc":{"start":{"line":16,"column":57},"end":{"line":167,"column":1}}},"1":{"name":"(anonymous_11)","decl":{"start":{"line":31,"column":29},"end":{"line":31,"column":34}},"loc":{"start":{"line":31,"column":40},"end":{"line":68,"column":3}}},"2":{"name":"(anonymous_12)","decl":{"start":{"line":107,"column":19},"end":{"line":107,"column":22}},"loc":{"start":{"line":107,"column":25},"end":{"line":107,"column":62}}},"3":{"name":"(anonymous_13)","decl":{"start":{"line":153,"column":21},"end":{"line":153,"column":24}},"loc":{"start":{"line":153,"column":27},"end":{"line":153,"column":58}}}},"branchMap":{"0":{"loc":{"start":{"line":35,"column":6},"end":{"line":61,"column":7}},"type":"if","locations":[{"start":{"line":35,"column":6},"end":{"line":61,"column":7}},{"start":{},"end":{}}]},"1":{"loc":{"start":{"line":38,"column":8},"end":{"line":60,"column":9}},"type":"if","locations":[{"start":{"line":38,"column":8},"end":{"line":60,"column":9}},{"start":{},"end":{}}]},"2":{"loc":{"start":{"line":38,"column":12},"end":{"line":38,"column":51}},"type":"binary-expr","locations":[{"start":{"line":38,"column":12},"end":{"line":38,"column":37}},{"start":{"line":38,"column":41},"end":{"line":38,"column":51}}]},"3":{"loc":{"start":{"line":45,"column":10},"end":{"line":59,"column":11}},"type":"if","locations":[{"start":{"line":45,"column":10},"end":{"line":59,"column":11}},{"start":{},"end":{}}]},"4":{"loc":{"start":{"line":52,"column":12},"end":{"line":58,"column":13}},"type":"if","locations":[{"start":{"line":52,"column":12},"end":{"line":58,"column":13}},{"start":{},"end":{}}]},"5":{"loc":{"start":{"line":52,"column":16},"end":{"line":52,"column":43}},"type":"binary-expr","locations":[{"start":{"line":52,"column":16},"end":{"line":52,"column":27}},{"start":{"line":52,"column":31},"end":{"line":52,"column":43}}]},"6":{"loc":{"start":{"line":64,"column":35},"end":{"line":64,"column":81}},"type":"binary-expr","locations":[{"start":{"line":64,"column":35},"end":{"line":64,"column":46}},{"start":{"line":64,"column":50},"end":{"line":64,"column":81}}]},"7":{"loc":{"start":{"line":100,"column":20},"end":{"line":100,"column":52}},"type":"cond-expr","locations":[{"start":{"line":100,"column":35},"end":{"line":100,"column":44}},{"start":{"line":100,"column":47},"end":{"line":100,"column":52}}]},"8":{"loc":{"start":{"line":144,"column":20},"end":{"line":144,"column":48}},"type":"binary-expr","locations":[{"start":{"line":144,"column":20},"end":{"line":144,"column":29}},{"start":{"line":144,"column":33},"end":{"line":144,"column":48}}]}},"s":{"0":0,"1":0,"2":0,"3":0,"4":0,"5":0,"6":0,"7":0,"8":0,"9":0,"10":0,"11":0,"12":0,"13":0,"14":0,"15":0,"16":0,"17":0,"18":0,"19":0,"20":0,"21":0,"22":0,"23":0,"24":0,"25":0,"26":0,"27":0,"28":0,"29":0,"30":0,"31":0,"32":0,"33":0,"34":0,"35":0,"36":0},"f":{"0":0,"1":0,"2":0,"3":0},"b":{"0":[0,0],"1":[0,0],"2":[0,0],"3":[0,0],"4":[0,0],"5":[0,0],"6":[0,0],"7":[0,0],"8":[0,0]}}
,"/mnt/c/Users/rene_/source/repos/walkingApp/WalkingApp.Mobile/src/screens/auth/RegisterScreen.tsx": {"path":"/mnt/c/Users/rene_/source/repos/walkingApp/WalkingApp.Mobile/src/screens/auth/RegisterScreen.tsx","statementMap":{"0":{"start":{"line":13,"column":0},"end":{"line":13,"column":24}},"1":{"start":{"line":1,"column":0},"end":{"line":1,"column":26}},"2":{"start":{"line":2,"column":0},"end":{"line":2,"column":66}},"3":{"start":{"line":3,"column":0},"end":{"line":3,"column":80}},"4":{"start":{"line":5,"column":0},"end":{"line":5,"column":49}},"5":{"start":{"line":6,"column":0},"end":{"line":6,"column":49}},"6":{"start":{"line":7,"column":0},"end":{"line":7,"column":61}},"7":{"start":{"line":8,"column":0},"end":{"line":8,"column":79}},"8":{"start":{"line":9,"column":0},"end":{"line":9,"column":50}},"9":{"start":{"line":14,"column":25},"end":{"line":14,"column":38}},"10":{"start":{"line":34,"column":6},"end":{"line":34,"column":19}},"11":{"start":{"line":36,"column":2},"end":{"line":63,"column":3}},"12":{"start":{"line":37,"column":4},"end":{"line":62,"column":6}},"13":{"start":{"line":56,"column":25},"end":{"line":56,"column":53}},"14":{"start":{"line":65,"column":2},"end":{"line":177,"column":4}},"15":{"start":{"line":138,"column":27},"end":{"line":138,"column":59}},"16":{"start":{"line":164,"column":27},"end":{"line":164,"column":55}},"17":{"start":{"line":180,"column":15},"end":{"line":220,"column":2}}},"fnMap":{"0":{"name":"RegisterScreen","decl":{"start":{"line":13,"column":24},"end":{"line":13,"column":38}},"loc":{"start":{"line":13,"column":60},"end":{"line":178,"column":1}}},"1":{"name":"(anonymous_2)","decl":{"start":{"line":56,"column":19},"end":{"line":56,"column":22}},"loc":{"start":{"line":56,"column":25},"end":{"line":56,"column":53}}},"2":{"name":"(anonymous_3)","decl":{"start":{"line":138,"column":21},"end":{"line":138,"column":24}},"loc":{"start":{"line":138,"column":27},"end":{"line":138,"column":59}}},"3":{"name":"(anonymous_4)","decl":{"start":{"line":164,"column":21},"end":{"line":164,"column":24}},"loc":{"start":{"line":164,"column":27},"end":{"line":164,"column":55}}}},"branchMap":{"0":{"loc":{"start":{"line":36,"column":2},"end":{"line":63,"column":3}},"type":"if","locations":[{"start":{"line":36,"column":2},"end":{"line":63,"column":3}},{"start":{},"end":{}}]},"1":{"loc":{"start":{"line":108,"column":20},"end":{"line":108,"column":52}},"type":"cond-expr","locations":[{"start":{"line":108,"column":35},"end":{"line":108,"column":44}},{"start":{"line":108,"column":47},"end":{"line":108,"column":52}}]},"2":{"loc":{"start":{"line":129,"column":20},"end":{"line":129,"column":59}},"type":"cond-expr","locations":[{"start":{"line":129,"column":42},"end":{"line":129,"column":51}},{"start":{"line":129,"column":54},"end":{"line":129,"column":59}}]},"3":{"loc":{"start":{"line":137,"column":20},"end":{"line":137,"column":59}},"type":"cond-expr","locations":[{"start":{"line":137,"column":36},"end":{"line":137,"column":45}},{"start":{"line":137,"column":48},"end":{"line":137,"column":59}}]}},"s":{"0":0,"1":0,"2":0,"3":0,"4":0,"5":0,"6":0,"7":0,"8":0,"9":0,"10":0,"11":0,"12":0,"13":0,"14":0,"15":0,"16":0,"17":0},"f":{"0":0,"1":0,"2":0,"3":0},"b":{"0":[0,0],"1":[0,0],"2":[0,0],"3":[0,0]}}
,"/mnt/c/Users/rene_/source/repos/walkingApp/WalkingApp.Mobile/src/screens/auth/components/AuthErrorMessage.tsx": {"path":"/mnt/c/Users/rene_/source/repos/walkingApp/WalkingApp.Mobile/src/screens/auth/components/AuthErrorMessage.tsx","statementMap":{"0":{"start":{"line":10,"column":0},"end":{"line":10,"column":24}},"1":{"start":{"line":1,"column":0},"end":{"line":1,"column":26}},"2":{"start":{"line":2,"column":0},"end":{"line":2,"column":42}},"3":{"start":{"line":3,"column":0},"end":{"line":3,"column":51}},"4":{"start":{"line":4,"column":0},"end":{"line":4,"column":49}},"5":{"start":{"line":11,"column":25},"end":{"line":11,"column":38}},"6":{"start":{"line":13,"column":2},"end":{"line":13,"column":26}},"7":{"start":{"line":13,"column":14},"end":{"line":13,"column":26}},"8":{"start":{"line":15,"column":2},"end":{"line":27,"column":4}},"9":{"start":{"line":30,"column":15},"end":{"line":39,"column":2}}},"fnMap":{"0":{"name":"AuthErrorMessage","decl":{"start":{"line":10,"column":24},"end":{"line":10,"column":40}},"loc":{"start":{"line":10,"column":73},"end":{"line":28,"column":1}}}},"branchMap":{"0":{"loc":{"start":{"line":13,"column":2},"end":{"line":13,"column":26}},"type":"if","locations":[{"start":{"line":13,"column":2},"end":{"line":13,"column":26}},{"start":{},"end":{}}]}},"s":{"0":0,"1":0,"2":0,"3":0,"4":0,"5":0,"6":0,"7":0,"8":0,"9":0},"f":{"0":0},"b":{"0":[0,0]}}
,"/mnt/c/Users/rene_/source/repos/walkingApp/WalkingApp.Mobile/src/screens/auth/components/AuthLayout.tsx": {"path":"/mnt/c/Users/rene_/source/repos/walkingApp/WalkingApp.Mobile/src/screens/auth/components/AuthLayout.tsx","statementMap":{"0":{"start":{"line":18,"column":0},"end":{"line":18,"column":24}},"1":{"start":{"line":1,"column":0},"end":{"line":1,"column":26}},"2":{"start":{"line":2,"column":0},"end":{"line":2,"column":null}},"3":{"start":{"line":9,"column":0},"end":{"line":9,"column":42}},"4":{"start":{"line":10,"column":0},"end":{"line":10,"column":49}},"5":{"start":{"line":19,"column":25},"end":{"line":19,"column":38}},"6":{"start":{"line":21,"column":2},"end":{"line":49,"column":4}},"7":{"start":{"line":52,"column":15},"end":{"line":79,"column":2}}},"fnMap":{"0":{"name":"AuthLayout","decl":{"start":{"line":18,"column":24},"end":{"line":18,"column":34}},"loc":{"start":{"line":18,"column":81},"end":{"line":50,"column":1}}}},"branchMap":{"0":{"loc":{"start":{"line":24,"column":16},"end":{"line":24,"column":60}},"type":"cond-expr","locations":[{"start":{"line":24,"column":40},"end":{"line":24,"column":49}},{"start":{"line":24,"column":52},"end":{"line":24,"column":60}}]},"1":{"loc":{"start":{"line":25,"column":30},"end":{"line":25,"column":60}},"type":"cond-expr","locations":[{"start":{"line":25,"column":54},"end":{"line":25,"column":56}},{"start":{"line":25,"column":59},"end":{"line":25,"column":60}}]}},"s":{"0":0,"1":0,"2":0,"3":0,"4":0,"5":0,"6":0,"7":0},"f":{"0":0},"b":{"0":[0,0],"1":[0,0]}}
,"/mnt/c/Users/rene_/source/repos/walkingApp/WalkingApp.Mobile/src/screens/auth/components/PasswordStrengthIndicator.tsx": {"path":"/mnt/c/Users/rene_/source/repos/walkingApp/WalkingApp.Mobile/src/screens/auth/components/PasswordStrengthIndicator.tsx","statementMap":{"0":{"start":{"line":43,"column":0},"end":{"line":43,"column":24}},"1":{"start":{"line":1,"column":0},"end":{"line":1,"column":26}},"2":{"start":{"line":2,"column":0},"end":{"line":2,"column":48}},"3":{"start":{"line":3,"column":0},"end":{"line":3,"column":55}},"4":{"start":{"line":4,"column":0},"end":{"line":4,"column":49}},"5":{"start":{"line":16,"column":28},"end":{"line":41,"column":1}},"6":{"start":{"line":17,"column":14},"end":{"line":17,"column":15}},"7":{"start":{"line":19,"column":2},"end":{"line":21,"column":3}},"8":{"start":{"line":20,"column":4},"end":{"line":20,"column":46}},"9":{"start":{"line":24,"column":2},"end":{"line":24,"column":39}},"10":{"start":{"line":24,"column":28},"end":{"line":24,"column":39}},"11":{"start":{"line":25,"column":2},"end":{"line":25,"column":40}},"12":{"start":{"line":25,"column":29},"end":{"line":25,"column":40}},"13":{"start":{"line":28,"column":2},"end":{"line":28,"column":41}},"14":{"start":{"line":28,"column":30},"end":{"line":28,"column":41}},"15":{"start":{"line":29,"column":2},"end":{"line":29,"column":41}},"16":{"start":{"line":29,"column":30},"end":{"line":29,"column":41}},"17":{"start":{"line":30,"column":2},"end":{"line":30,"column":41}},"18":{"start":{"line":30,"column":30},"end":{"line":30,"column":41}},"19":{"start":{"line":31,"column":2},"end":{"line":31,"column":48}},"20":{"start":{"line":31,"column":37},"end":{"line":31,"column":48}},"21":{"start":{"line":34,"column":2},"end":{"line":40,"column":3}},"22":{"start":{"line":35,"column":4},"end":{"line":35,"column":60}},"23":{"start":{"line":36,"column":9},"end":{"line":40,"column":3}},"24":{"start":{"line":37,"column":4},"end":{"line":37,"column":62}},"25":{"start":{"line":39,"column":4},"end":{"line":39,"column":61}},"26":{"start":{"line":46,"column":16},"end":{"line":46,"column":29}},"27":{"start":{"line":47,"column":19},"end":{"line":47,"column":48}},"28":{"start":{"line":49,"column":2},"end":{"line":49,"column":29}},"29":{"start":{"line":49,"column":17},"end":{"line":49,"column":29}},"30":{"start":{"line":51,"column":2},"end":{"line":65,"column":4}},"31":{"start":{"line":68,"column":15},"end":{"line":80,"column":2}}},"fnMap":{"0":{"name":"(anonymous_1)","decl":{"start":{"line":16,"column":28},"end":{"line":16,"column":29}},"loc":{"start":{"line":16,"column":67},"end":{"line":41,"column":1}}},"1":{"name":"PasswordStrengthIndicator","decl":{"start":{"line":43,"column":24},"end":{"line":43,"column":49}},"loc":{"start":{"line":45,"column":33},"end":{"line":66,"column":1}}}},"branchMap":{"0":{"loc":{"start":{"line":19,"column":2},"end":{"line":21,"column":3}},"type":"if","locations":[{"start":{"line":19,"column":2},"end":{"line":21,"column":3}},{"start":{},"end":{}}]},"1":{"loc":{"start":{"line":24,"column":2},"end":{"line":24,"column":39}},"type":"if","locations":[{"start":{"line":24,"column":2},"end":{"line":24,"column":39}},{"start":{},"end":{}}]},"2":{"loc":{"start":{"line":25,"column":2},"end":{"line":25,"column":40}},"type":"if","locations":[{"start":{"line":25,"column":2},"end":{"line":25,"column":40}},{"start":{},"end":{}}]},"3":{"loc":{"start":{"line":28,"column":2},"end":{"line":28,"column":41}},"type":"if","locations":[{"start":{"line":28,"column":2},"end":{"line":28,"column":41}},{"start":{},"end":{}}]},"4":{"loc":{"start":{"line":29,"column":2},"end":{"line":29,"column":41}},"type":"if","locations":[{"start":{"line":29,"column":2},"end":{"line":29,"column":41}},{"start":{},"end":{}}]},"5":{"loc":{"start":{"line":30,"column":2},"end":{"line":30,"column":41}},"type":"if","locations":[{"start":{"line":30,"column":2},"end":{"line":30,"column":41}},{"start":{},"end":{}}]},"6":{"loc":{"start":{"line":31,"column":2},"end":{"line":31,"column":48}},"type":"if","locations":[{"start":{"line":31,"column":2},"end":{"line":31,"column":48}},{"start":{},"end":{}}]},"7":{"loc":{"start":{"line":34,"column":2},"end":{"line":40,"column":3}},"type":"if","locations":[{"start":{"line":34,"column":2},"end":{"line":40,"column":3}},{"start":{"line":36,"column":9},"end":{"line":40,"column":3}}]},"8":{"loc":{"start":{"line":36,"column":9},"end":{"line":40,"column":3}},"type":"if","locations":[{"start":{"line":36,"column":9},"end":{"line":40,"column":3}},{"start":{"line":38,"column":9},"end":{"line":40,"column":3}}]},"9":{"loc":{"start":{"line":49,"column":2},"end":{"line":49,"column":29}},"type":"if","locations":[{"start":{"line":49,"column":2},"end":{"line":49,"column":29}},{"start":{},"end":{}}]}},"s":{"0":0,"1":0,"2":0,"3":0,"4":0,"5":0,"6":0,"7":0,"8":0,"9":0,"10":0,"11":0,"12":0,"13":0,"14":0,"15":0,"16":0,"17":0,"18":0,"19":0,"20":0,"21":0,"22":0,"23":0,"24":0,"25":0,"26":0,"27":0,"28":0,"29":0,"30":0,"31":0},"f":{"0":0,"1":0},"b":{"0":[0,0],"1":[0,0],"2":[0,0],"3":[0,0],"4":[0,0],"5":[0,0],"6":[0,0],"7":[0,0],"8":[0,0],"9":[0,0]}}
,"/mnt/c/Users/rene_/source/repos/walkingApp/WalkingApp.Mobile/src/screens/auth/components/index.ts": {"path":"/mnt/c/Users/rene_/source/repos/walkingApp/WalkingApp.Mobile/src/screens/auth/components/index.ts","statementMap":{"0":{"start":{"line":1,"column":0},"end":{"line":1,"column":9}},"1":{"start":{"line":1,"column":9},"end":{"line":1,"column":30}},"2":{"start":{"line":2,"column":0},"end":{"line":2,"column":9}},"3":{"start":{"line":2,"column":9},"end":{"line":2,"column":36}},"4":{"start":{"line":3,"column":0},"end":{"line":3,"column":9}},"5":{"start":{"line":3,"column":9},"end":{"line":3,"column":45}}},"fnMap":{"0":{"name":"(anonymous_1)","decl":{"start":{"line":1,"column":9},"end":{"line":1,"column":16}},"loc":{"start":{"line":1,"column":9},"end":{"line":1,"column":30}}},"1":{"name":"(anonymous_2)","decl":{"start":{"line":2,"column":9},"end":{"line":2,"column":16}},"loc":{"start":{"line":2,"column":9},"end":{"line":2,"column":36}}},"2":{"name":"(anonymous_3)","decl":{"start":{"line":3,"column":9},"end":{"line":3,"column":16}},"loc":{"start":{"line":3,"column":9},"end":{"line":3,"column":45}}}},"branchMap":{},"s":{"0":0,"1":0,"2":0,"3":0,"4":0,"5":0},"f":{"0":0,"1":0,"2":0},"b":{}}
,"/mnt/c/Users/rene_/source/repos/walkingApp/WalkingApp.Mobile/src/screens/auth/hooks/index.ts": {"path":"/mnt/c/Users/rene_/source/repos/walkingApp/WalkingApp.Mobile/src/screens/auth/hooks/index.ts","statementMap":{"0":{"start":{"line":1,"column":0},"end":{"line":1,"column":9}},"1":{"start":{"line":1,"column":9},"end":{"line":1,"column":38}},"2":{"start":{"line":2,"column":0},"end":{"line":2,"column":9}},"3":{"start":{"line":2,"column":9},"end":{"line":2,"column":44}},"4":{"start":{"line":3,"column":0},"end":{"line":3,"column":9}},"5":{"start":{"line":3,"column":9},"end":{"line":3,"column":56}}},"fnMap":{"0":{"name":"(anonymous_0)","decl":{"start":{"line":1,"column":9},"end":{"line":1,"column":17}},"loc":{"start":{"line":1,"column":9},"end":{"line":1,"column":38}}},"1":{"name":"(anonymous_1)","decl":{"start":{"line":2,"column":9},"end":{"line":2,"column":20}},"loc":{"start":{"line":2,"column":9},"end":{"line":2,"column":44}}},"2":{"name":"(anonymous_2)","decl":{"start":{"line":3,"column":9},"end":{"line":3,"column":26}},"loc":{"start":{"line":3,"column":9},"end":{"line":3,"column":56}}}},"branchMap":{},"s":{"0":0,"1":0,"2":0,"3":0,"4":0,"5":0},"f":{"0":0,"1":0,"2":0},"b":{}}
,"/mnt/c/Users/rene_/source/repos/walkingApp/WalkingApp.Mobile/src/screens/auth/hooks/useForgotPassword.ts": {"path":"/mnt/c/Users/rene_/source/repos/walkingApp/WalkingApp.Mobile/src/screens/auth/hooks/useForgotPassword.ts","statementMap":{"0":{"start":{"line":1,"column":0},"end":{"line":1,"column":33}},"1":{"start":{"line":2,"column":0},"end":{"line":2,"column":51}},"2":{"start":{"line":4,"column":33},"end":{"line":56,"column":1}},"3":{"start":{"line":5,"column":28},"end":{"line":5,"column":40}},"4":{"start":{"line":6,"column":36},"end":{"line":6,"column":51}},"5":{"start":{"line":7,"column":36},"end":{"line":7,"column":51}},"6":{"start":{"line":8,"column":28},"end":{"line":8,"column":57}},"7":{"start":{"line":10,"column":24},"end":{"line":13,"column":3}},"8":{"start":{"line":11,"column":23},"end":{"line":11,"column":51}},"9":{"start":{"line":12,"column":4},"end":{"line":12,"column":34}},"10":{"start":{"line":15,"column":30},"end":{"line":40,"column":3}},"11":{"start":{"line":16,"column":4},"end":{"line":16,"column":19}},"12":{"start":{"line":19,"column":4},"end":{"line":22,"column":5}},"13":{"start":{"line":20,"column":6},"end":{"line":20,"column":36}},"14":{"start":{"line":21,"column":6},"end":{"line":21,"column":13}},"15":{"start":{"line":24,"column":4},"end":{"line":27,"column":5}},"16":{"start":{"line":25,"column":6},"end":{"line":25,"column":53}},"17":{"start":{"line":26,"column":6},"end":{"line":26,"column":13}},"18":{"start":{"line":29,"column":4},"end":{"line":29,"column":23}},"19":{"start":{"line":31,"column":4},"end":{"line":39,"column":5}},"20":{"start":{"line":32,"column":6},"end":{"line":32,"column":54}},"21":{"start":{"line":33,"column":6},"end":{"line":33,"column":25}},"22":{"start":{"line":36,"column":6},"end":{"line":36,"column":96}},"23":{"start":{"line":38,"column":6},"end":{"line":38,"column":26}},"24":{"start":{"line":42,"column":28},"end":{"line":45,"column":3}},"25":{"start":{"line":43,"column":4},"end":{"line":43,"column":24}},"26":{"start":{"line":44,"column":4},"end":{"line":44,"column":32}},"27":{"start":{"line":47,"column":2},"end":{"line":55,"column":4}},"28":{"start":{"line":4,"column":13},"end":{"line":4,"column":33}}},"fnMap":{"0":{"name":"(anonymous_0)","decl":{"start":{"line":4,"column":33},"end":{"line":4,"column":36}},"loc":{"start":{"line":4,"column":38},"end":{"line":56,"column":1}}},"1":{"name":"(anonymous_1)","decl":{"start":{"line":10,"column":24},"end":{"line":10,"column":25}},"loc":{"start":{"line":10,"column":51},"end":{"line":13,"column":3}}},"2":{"name":"(anonymous_2)","decl":{"start":{"line":15,"column":30},"end":{"line":15,"column":35}},"loc":{"start":{"line":15,"column":41},"end":{"line":40,"column":3}}},"3":{"name":"(anonymous_3)","decl":{"start":{"line":42,"column":28},"end":{"line":42,"column":33}},"loc":{"start":{"line":42,"column":39},"end":{"line":45,"column":3}}}},"branchMap":{"0":{"loc":{"start":{"line":19,"column":4},"end":{"line":22,"column":5}},"type":"if","locations":[{"start":{"line":19,"column":4},"end":{"line":22,"column":5}},{"start":{},"end":{}}]},"1":{"loc":{"start":{"line":24,"column":4},"end":{"line":27,"column":5}},"type":"if","locations":[{"start":{"line":24,"column":4},"end":{"line":27,"column":5}},{"start":{},"end":{}}]}},"s":{"0":0,"1":0,"2":0,"3":0,"4":0,"5":0,"6":0,"7":0,"8":0,"9":0,"10":0,"11":0,"12":0,"13":0,"14":0,"15":0,"16":0,"17":0,"18":0,"19":0,"20":0,"21":0,"22":0,"23":0,"24":0,"25":0,"26":0,"27":0,"28":0},"f":{"0":0,"1":0,"2":0,"3":0},"b":{"0":[0,0],"1":[0,0]}}
,"/mnt/c/Users/rene_/source/repos/walkingApp/WalkingApp.Mobile/src/screens/auth/hooks/useLogin.ts": {"path":"/mnt/c/Users/rene_/source/repos/walkingApp/WalkingApp.Mobile/src/screens/auth/hooks/useLogin.ts","statementMap":{"0":{"start":{"line":1,"column":0},"end":{"line":1,"column":33}},"1":{"start":{"line":2,"column":0},"end":{"line":2,"column":48}},"2":{"start":{"line":4,"column":24},"end":{"line":69,"column":1}},"3":{"start":{"line":5,"column":28},"end":{"line":5,"column":40}},"4":{"start":{"line":6,"column":34},"end":{"line":6,"column":46}},"5":{"start":{"line":7,"column":42},"end":{"line":7,"column":57}},"6":{"start":{"line":8,"column":28},"end":{"line":8,"column":57}},"7":{"start":{"line":10,"column":17},"end":{"line":10,"column":54}},"8":{"start":{"line":10,"column":41},"end":{"line":10,"column":53}},"9":{"start":{"line":11,"column":20},"end":{"line":11,"column":60}},"10":{"start":{"line":11,"column":44},"end":{"line":11,"column":59}},"11":{"start":{"line":13,"column":24},"end":{"line":16,"column":3}},"12":{"start":{"line":14,"column":23},"end":{"line":14,"column":51}},"13":{"start":{"line":15,"column":4},"end":{"line":15,"column":34}},"14":{"start":{"line":18,"column":27},"end":{"line":20,"column":3}},"15":{"start":{"line":19,"column":4},"end":{"line":19,"column":32}},"16":{"start":{"line":22,"column":22},"end":{"line":52,"column":3}},"17":{"start":{"line":23,"column":4},"end":{"line":23,"column":19}},"18":{"start":{"line":26,"column":4},"end":{"line":29,"column":5}},"19":{"start":{"line":27,"column":6},"end":{"line":27,"column":36}},"20":{"start":{"line":28,"column":6},"end":{"line":28,"column":13}},"21":{"start":{"line":31,"column":4},"end":{"line":34,"column":5}},"22":{"start":{"line":32,"column":6},"end":{"line":32,"column":53}},"23":{"start":{"line":33,"column":6},"end":{"line":33,"column":13}},"24":{"start":{"line":37,"column":4},"end":{"line":40,"column":5}},"25":{"start":{"line":38,"column":6},"end":{"line":38,"column":39}},"26":{"start":{"line":39,"column":6},"end":{"line":39,"column":13}},"27":{"start":{"line":42,"column":4},"end":{"line":45,"column":5}},"28":{"start":{"line":43,"column":6},"end":{"line":43,"column":57}},"29":{"start":{"line":44,"column":6},"end":{"line":44,"column":13}},"30":{"start":{"line":47,"column":4},"end":{"line":51,"column":5}},"31":{"start":{"line":48,"column":6},"end":{"line":48,"column":57}},"32":{"start":{"line":50,"column":6},"end":{"line":50,"column":59}},"33":{"start":{"line":54,"column":35},"end":{"line":56,"column":3}},"34":{"start":{"line":55,"column":4},"end":{"line":55,"column":35}},"35":{"start":{"line":58,"column":2},"end":{"line":68,"column":4}},"36":{"start":{"line":4,"column":13},"end":{"line":4,"column":24}}},"fnMap":{"0":{"name":"(anonymous_0)","decl":{"start":{"line":4,"column":24},"end":{"line":4,"column":27}},"loc":{"start":{"line":4,"column":29},"end":{"line":69,"column":1}}},"1":{"name":"(anonymous_1)","decl":{"start":{"line":10,"column":30},"end":{"line":10,"column":31}},"loc":{"start":{"line":10,"column":41},"end":{"line":10,"column":53}}},"2":{"name":"(anonymous_2)","decl":{"start":{"line":11,"column":33},"end":{"line":11,"column":34}},"loc":{"start":{"line":11,"column":44},"end":{"line":11,"column":59}}},"3":{"name":"(anonymous_3)","decl":{"start":{"line":13,"column":24},"end":{"line":13,"column":25}},"loc":{"start":{"line":13,"column":51},"end":{"line":16,"column":3}}},"4":{"name":"(anonymous_4)","decl":{"start":{"line":18,"column":27},"end":{"line":18,"column":28}},"loc":{"start":{"line":18,"column":57},"end":{"line":20,"column":3}}},"5":{"name":"(anonymous_5)","decl":{"start":{"line":22,"column":22},"end":{"line":22,"column":27}},"loc":{"start":{"line":22,"column":33},"end":{"line":52,"column":3}}},"6":{"name":"(anonymous_6)","decl":{"start":{"line":54,"column":35},"end":{"line":54,"column":38}},"loc":{"start":{"line":54,"column":40},"end":{"line":56,"column":3}}}},"branchMap":{"0":{"loc":{"start":{"line":26,"column":4},"end":{"line":29,"column":5}},"type":"if","locations":[{"start":{"line":26,"column":4},"end":{"line":29,"column":5}},{"start":{},"end":{}}]},"1":{"loc":{"start":{"line":31,"column":4},"end":{"line":34,"column":5}},"type":"if","locations":[{"start":{"line":31,"column":4},"end":{"line":34,"column":5}},{"start":{},"end":{}}]},"2":{"loc":{"start":{"line":37,"column":4},"end":{"line":40,"column":5}},"type":"if","locations":[{"start":{"line":37,"column":4},"end":{"line":40,"column":5}},{"start":{},"end":{}}]},"3":{"loc":{"start":{"line":42,"column":4},"end":{"line":45,"column":5}},"type":"if","locations":[{"start":{"line":42,"column":4},"end":{"line":45,"column":5}},{"start":{},"end":{}}]},"4":{"loc":{"start":{"line":50,"column":15},"end":{"line":50,"column":57}},"type":"binary-expr","locations":[{"start":{"line":50,"column":15},"end":{"line":50,"column":26}},{"start":{"line":50,"column":30},"end":{"line":50,"column":57}}]}},"s":{"0":0,"1":0,"2":0,"3":0,"4":0,"5":0,"6":0,"7":0,"8":0,"9":0,"10":0,"11":0,"12":0,"13":0,"14":0,"15":0,"16":0,"17":0,"18":0,"19":0,"20":0,"21":0,"22":0,"23":0,"24":0,"25":0,"26":0,"27":0,"28":0,"29":0,"30":0,"31":0,"32":0,"33":0,"34":0,"35":0,"36":0},"f":{"0":0,"1":0,"2":0,"3":0,"4":0,"5":0,"6":0},"b":{"0":[0,0],"1":[0,0],"2":[0,0],"3":[0,0],"4":[0,0]}}
,"/mnt/c/Users/rene_/source/repos/walkingApp/WalkingApp.Mobile/src/screens/auth/hooks/useRegister.ts": {"path":"/mnt/c/Users/rene_/source/repos/walkingApp/WalkingApp.Mobile/src/screens/auth/hooks/useRegister.ts","statementMap":{"0":{"start":{"line":1,"column":0},"end":{"line":1,"column":33}},"1":{"start":{"line":2,"column":0},"end":{"line":2,"column":48}},"2":{"start":{"line":4,"column":27},"end":{"line":128,"column":1}},"3":{"start":{"line":5,"column":40},"end":{"line":5,"column":52}},"4":{"start":{"line":6,"column":28},"end":{"line":6,"column":40}},"5":{"start":{"line":7,"column":34},"end":{"line":7,"column":46}},"6":{"start":{"line":8,"column":48},"end":{"line":8,"column":60}},"7":{"start":{"line":9,"column":44},"end":{"line":9,"column":59}},"8":{"start":{"line":10,"column":42},"end":{"line":10,"column":57}},"9":{"start":{"line":11,"column":56},"end":{"line":11,"column":71}},"10":{"start":{"line":12,"column":28},"end":{"line":12,"column":57}},"11":{"start":{"line":13,"column":56},"end":{"line":13,"column":71}},"12":{"start":{"line":15,"column":17},"end":{"line":15,"column":54}},"13":{"start":{"line":15,"column":41},"end":{"line":15,"column":53}},"14":{"start":{"line":16,"column":20},"end":{"line":16,"column":60}},"15":{"start":{"line":16,"column":44},"end":{"line":16,"column":59}},"16":{"start":{"line":18,"column":30},"end":{"line":26,"column":3}},"17":{"start":{"line":19,"column":24},"end":{"line":19,"column":35}},"18":{"start":{"line":20,"column":4},"end":{"line":22,"column":5}},"19":{"start":{"line":21,"column":6},"end":{"line":21,"column":19}},"20":{"start":{"line":24,"column":22},"end":{"line":24,"column":43}},"21":{"start":{"line":25,"column":4},"end":{"line":25,"column":39}},"22":{"start":{"line":28,"column":24},"end":{"line":31,"column":3}},"23":{"start":{"line":29,"column":23},"end":{"line":29,"column":51}},"24":{"start":{"line":30,"column":4},"end":{"line":30,"column":34}},"25":{"start":{"line":33,"column":27},"end":{"line":41,"column":3}},"26":{"start":{"line":35,"column":4},"end":{"line":37,"column":5}},"27":{"start":{"line":36,"column":6},"end":{"line":36,"column":19}},"28":{"start":{"line":38,"column":22},"end":{"line":38,"column":47}},"29":{"start":{"line":39,"column":22},"end":{"line":39,"column":44}},"30":{"start":{"line":40,"column":4},"end":{"line":40,"column":34}},"31":{"start":{"line":43,"column":25},"end":{"line":98,"column":3}},"32":{"start":{"line":44,"column":4},"end":{"line":44,"column":19}},"33":{"start":{"line":45,"column":4},"end":{"line":45,"column":34}},"34":{"start":{"line":48,"column":4},"end":{"line":51,"column":5}},"35":{"start":{"line":49,"column":6},"end":{"line":49,"column":43}},"36":{"start":{"line":50,"column":6},"end":{"line":50,"column":13}},"37":{"start":{"line":53,"column":4},"end":{"line":56,"column":5}},"38":{"start":{"line":54,"column":6},"end":{"line":54,"column":122}},"39":{"start":{"line":55,"column":6},"end":{"line":55,"column":13}},"40":{"start":{"line":59,"column":4},"end":{"line":62,"column":5}},"41":{"start":{"line":60,"column":6},"end":{"line":60,"column":36}},"42":{"start":{"line":61,"column":6},"end":{"line":61,"column":13}},"43":{"start":{"line":64,"column":4},"end":{"line":67,"column":5}},"44":{"start":{"line":65,"column":6},"end":{"line":65,"column":53}},"45":{"start":{"line":66,"column":6},"end":{"line":66,"column":13}},"46":{"start":{"line":70,"column":4},"end":{"line":73,"column":5}},"47":{"start":{"line":71,"column":6},"end":{"line":71,"column":39}},"48":{"start":{"line":72,"column":6},"end":{"line":72,"column":13}},"49":{"start":{"line":75,"column":4},"end":{"line":78,"column":5}},"50":{"start":{"line":76,"column":6},"end":{"line":76,"column":94}},"51":{"start":{"line":77,"column":6},"end":{"line":77,"column":13}},"52":{"start":{"line":81,"column":4},"end":{"line":84,"column":5}},"53":{"start":{"line":82,"column":6},"end":{"line":82,"column":41}},"54":{"start":{"line":83,"column":6},"end":{"line":83,"column":13}},"55":{"start":{"line":87,"column":4},"end":{"line":90,"column":5}},"56":{"start":{"line":88,"column":6},"end":{"line":88,"column":76}},"57":{"start":{"line":89,"column":6},"end":{"line":89,"column":13}},"58":{"start":{"line":92,"column":4},"end":{"line":97,"column":5}},"59":{"start":{"line":93,"column":6},"end":{"line":93,"column":77}},"60":{"start":{"line":94,"column":6},"end":{"line":94,"column":35}},"61":{"start":{"line":96,"column":6},"end":{"line":96,"column":72}},"62":{"start":{"line":100,"column":35},"end":{"line":102,"column":3}},"63":{"start":{"line":101,"column":4},"end":{"line":101,"column":35}},"64":{"start":{"line":104,"column":42},"end":{"line":106,"column":3}},"65":{"start":{"line":105,"column":4},"end":{"line":105,"column":49}},"66":{"start":{"line":108,"column":2},"end":{"line":127,"column":4}},"67":{"start":{"line":4,"column":13},"end":{"line":4,"column":27}}},"fnMap":{"0":{"name":"(anonymous_0)","decl":{"start":{"line":4,"column":27},"end":{"line":4,"column":30}},"loc":{"start":{"line":4,"column":32},"end":{"line":128,"column":1}}},"1":{"name":"(anonymous_1)","decl":{"start":{"line":15,"column":30},"end":{"line":15,"column":31}},"loc":{"start":{"line":15,"column":41},"end":{"line":15,"column":53}}},"2":{"name":"(anonymous_2)","decl":{"start":{"line":16,"column":33},"end":{"line":16,"column":34}},"loc":{"start":{"line":16,"column":44},"end":{"line":16,"column":59}}},"3":{"name":"(anonymous_3)","decl":{"start":{"line":18,"column":30},"end":{"line":18,"column":31}},"loc":{"start":{"line":18,"column":56},"end":{"line":26,"column":3}}},"4":{"name":"(anonymous_4)","decl":{"start":{"line":28,"column":24},"end":{"line":28,"column":25}},"loc":{"start":{"line":28,"column":51},"end":{"line":31,"column":3}}},"5":{"name":"(anonymous_5)","decl":{"start":{"line":33,"column":27},"end":{"line":33,"column":28}},"loc":{"start":{"line":33,"column":57},"end":{"line":41,"column":3}}},"6":{"name":"(anonymous_6)","decl":{"start":{"line":43,"column":25},"end":{"line":43,"column":30}},"loc":{"start":{"line":43,"column":36},"end":{"line":98,"column":3}}},"7":{"name":"(anonymous_7)","decl":{"start":{"line":100,"column":35},"end":{"line":100,"column":38}},"loc":{"start":{"line":100,"column":40},"end":{"line":102,"column":3}}},"8":{"name":"(anonymous_8)","decl":{"start":{"line":104,"column":42},"end":{"line":104,"column":45}},"loc":{"start":{"line":104,"column":47},"end":{"line":106,"column":3}}}},"branchMap":{"0":{"loc":{"start":{"line":20,"column":4},"end":{"line":22,"column":5}},"type":"if","locations":[{"start":{"line":20,"column":4},"end":{"line":22,"column":5}},{"start":{},"end":{}}]},"1":{"loc":{"start":{"line":20,"column":8},"end":{"line":20,"column":57}},"type":"binary-expr","locations":[{"start":{"line":20,"column":8},"end":{"line":20,"column":30}},{"start":{"line":20,"column":34},"end":{"line":20,"column":57}}]},"2":{"loc":{"start":{"line":35,"column":4},"end":{"line":37,"column":5}},"type":"if","locations":[{"start":{"line":35,"column":4},"end":{"line":37,"column":5}},{"start":{},"end":{}}]},"3":{"loc":{"start":{"line":40,"column":11},"end":{"line":40,"column":33}},"type":"binary-expr","locations":[{"start":{"line":40,"column":11},"end":{"line":40,"column":20}},{"start":{"line":40,"column":24},"end":{"line":40,"column":33}}]},"4":{"loc":{"start":{"line":48,"column":4},"end":{"line":51,"column":5}},"type":"if","locations":[{"start":{"line":48,"column":4},"end":{"line":51,"column":5}},{"start":{},"end":{}}]},"5":{"loc":{"start":{"line":53,"column":4},"end":{"line":56,"column":5}},"type":"if","locations":[{"start":{"line":53,"column":4},"end":{"line":56,"column":5}},{"start":{},"end":{}}]},"6":{"loc":{"start":{"line":59,"column":4},"end":{"line":62,"column":5}},"type":"if","locations":[{"start":{"line":59,"column":4},"end":{"line":62,"column":5}},{"start":{},"end":{}}]},"7":{"loc":{"start":{"line":64,"column":4},"end":{"line":67,"column":5}},"type":"if","locations":[{"start":{"line":64,"column":4},"end":{"line":67,"column":5}},{"start":{},"end":{}}]},"8":{"loc":{"start":{"line":70,"column":4},"end":{"line":73,"column":5}},"type":"if","locations":[{"start":{"line":70,"column":4},"end":{"line":73,"column":5}},{"start":{},"end":{}}]},"9":{"loc":{"start":{"line":75,"column":4},"end":{"line":78,"column":5}},"type":"if","locations":[{"start":{"line":75,"column":4},"end":{"line":78,"column":5}},{"start":{},"end":{}}]},"10":{"loc":{"start":{"line":81,"column":4},"end":{"line":84,"column":5}},"type":"if","locations":[{"start":{"line":81,"column":4},"end":{"line":84,"column":5}},{"start":{},"end":{}}]},"11":{"loc":{"start":{"line":87,"column":4},"end":{"line":90,"column":5}},"type":"if","locations":[{"start":{"line":87,"column":4},"end":{"line":90,"column":5}},{"start":{},"end":{}}]},"12":{"loc":{"start":{"line":96,"column":15},"end":{"line":96,"column":70}},"type":"binary-expr","locations":[{"start":{"line":96,"column":15},"end":{"line":96,"column":26}},{"start":{"line":96,"column":30},"end":{"line":96,"column":70}}]}},"s":{"0":0,"1":0,"2":0,"3":0,"4":0,"5":0,"6":0,"7":0,"8":0,"9":0,"10":0,"11":0,"12":0,"13":0,"14":0,"15":0,"16":0,"17":0,"18":0,"19":0,"20":0,"21":0,"22":0,"23":0,"24":0,"25":0,"26":0,"27":0,"28":0,"29":0,"30":0,"31":0,"32":0,"33":0,"34":0,"35":0,"36":0,"37":0,"38":0,"39":0,"40":0,"41":0,"42":0,"43":0,"44":0,"45":0,"46":0,"47":0,"48":0,"49":0,"50":0,"51":0,"52":0,"53":0,"54":0,"55":0,"56":0,"57":0,"58":0,"59":0,"60":0,"61":0,"62":0,"63":0,"64":0,"65":0,"66":0,"67":0},"f":{"0":0,"1":0,"2":0,"3":0,"4":0,"5":0,"6":0,"7":0,"8":0},"b":{"0":[0,0],"1":[0,0],"2":[0,0],"3":[0,0],"4":[0,0],"5":[0,0],"6":[0,0],"7":[0,0],"8":[0,0],"9":[0,0],"10":[0,0],"11":[0,0],"12":[0,0]}}
,"/mnt/c/Users/rene_/source/repos/walkingApp/WalkingApp.Mobile/src/screens/friends/FriendDiscoveryScreen.tsx": {"path":"/mnt/c/Users/rene_/source/repos/walkingApp/WalkingApp.Mobile/src/screens/friends/FriendDiscoveryScreen.tsx","statementMap":{"0":{"start":{"line":4,"column":0},"end":{"line":4,"column":24}},"1":{"start":{"line":1,"column":0},"end":{"line":1,"column":26}},"2":{"start":{"line":2,"column":0},"end":{"line":2,"column":54}},"3":{"start":{"line":5,"column":2},"end":{"line":9,"column":4}},"4":{"start":{"line":12,"column":15},"end":{"line":23,"column":2}}},"fnMap":{"0":{"name":"FriendDiscoveryScreen","decl":{"start":{"line":4,"column":24},"end":{"line":4,"column":45}},"loc":{"start":{"line":4,"column":45},"end":{"line":10,"column":1}}}},"branchMap":{},"s":{"0":0,"1":0,"2":0,"3":0,"4":0},"f":{"0":0},"b":{}}
,"/mnt/c/Users/rene_/source/repos/walkingApp/WalkingApp.Mobile/src/screens/friends/FriendsListScreen.tsx": {"path":"/mnt/c/Users/rene_/source/repos/walkingApp/WalkingApp.Mobile/src/screens/friends/FriendsListScreen.tsx","statementMap":{"0":{"start":{"line":4,"column":0},"end":{"line":4,"column":24}},"1":{"start":{"line":1,"column":0},"end":{"line":1,"column":26}},"2":{"start":{"line":2,"column":0},"end":{"line":2,"column":54}},"3":{"start":{"line":5,"column":2},"end":{"line":9,"column":4}},"4":{"start":{"line":12,"column":15},"end":{"line":23,"column":2}}},"fnMap":{"0":{"name":"FriendsListScreen","decl":{"start":{"line":4,"column":24},"end":{"line":4,"column":41}},"loc":{"start":{"line":4,"column":41},"end":{"line":10,"column":1}}}},"branchMap":{},"s":{"0":0,"1":0,"2":0,"3":0,"4":0},"f":{"0":0},"b":{}}
,"/mnt/c/Users/rene_/source/repos/walkingApp/WalkingApp.Mobile/src/screens/friends/UserProfileScreen.tsx": {"path":"/mnt/c/Users/rene_/source/repos/walkingApp/WalkingApp.Mobile/src/screens/friends/UserProfileScreen.tsx","statementMap":{"0":{"start":{"line":7,"column":0},"end":{"line":7,"column":24}},"1":{"start":{"line":1,"column":0},"end":{"line":1,"column":26}},"2":{"start":{"line":2,"column":0},"end":{"line":2,"column":54}},"3":{"start":{"line":8,"column":21},"end":{"line":8,"column":33}},"4":{"start":{"line":10,"column":2},"end":{"line":15,"column":4}},"5":{"start":{"line":18,"column":15},"end":{"line":34,"column":2}}},"fnMap":{"0":{"name":"UserProfileScreen","decl":{"start":{"line":7,"column":24},"end":{"line":7,"column":41}},"loc":{"start":{"line":7,"column":58},"end":{"line":16,"column":1}}}},"branchMap":{},"s":{"0":0,"1":0,"2":0,"3":0,"4":0,"5":0},"f":{"0":0},"b":{}}
,"/mnt/c/Users/rene_/source/repos/walkingApp/WalkingApp.Mobile/src/screens/groups/CreateGroupScreen.tsx": {"path":"/mnt/c/Users/rene_/source/repos/walkingApp/WalkingApp.Mobile/src/screens/groups/CreateGroupScreen.tsx","statementMap":{"0":{"start":{"line":4,"column":0},"end":{"line":4,"column":24}},"1":{"start":{"line":1,"column":0},"end":{"line":1,"column":26}},"2":{"start":{"line":2,"column":0},"end":{"line":2,"column":54}},"3":{"start":{"line":5,"column":2},"end":{"line":9,"column":4}},"4":{"start":{"line":12,"column":15},"end":{"line":23,"column":2}}},"fnMap":{"0":{"name":"CreateGroupScreen","decl":{"start":{"line":4,"column":24},"end":{"line":4,"column":41}},"loc":{"start":{"line":4,"column":41},"end":{"line":10,"column":1}}}},"branchMap":{},"s":{"0":0,"1":0,"2":0,"3":0,"4":0},"f":{"0":0},"b":{}}
,"/mnt/c/Users/rene_/source/repos/walkingApp/WalkingApp.Mobile/src/screens/groups/GroupDetailScreen.tsx": {"path":"/mnt/c/Users/rene_/source/repos/walkingApp/WalkingApp.Mobile/src/screens/groups/GroupDetailScreen.tsx","statementMap":{"0":{"start":{"line":7,"column":0},"end":{"line":7,"column":24}},"1":{"start":{"line":1,"column":0},"end":{"line":1,"column":26}},"2":{"start":{"line":2,"column":0},"end":{"line":2,"column":54}},"3":{"start":{"line":8,"column":22},"end":{"line":8,"column":34}},"4":{"start":{"line":10,"column":2},"end":{"line":15,"column":4}},"5":{"start":{"line":18,"column":15},"end":{"line":34,"column":2}}},"fnMap":{"0":{"name":"GroupDetailScreen","decl":{"start":{"line":7,"column":24},"end":{"line":7,"column":41}},"loc":{"start":{"line":7,"column":58},"end":{"line":16,"column":1}}}},"branchMap":{},"s":{"0":0,"1":0,"2":0,"3":0,"4":0,"5":0},"f":{"0":0},"b":{}}
,"/mnt/c/Users/rene_/source/repos/walkingApp/WalkingApp.Mobile/src/screens/groups/GroupManagementScreen.tsx": {"path":"/mnt/c/Users/rene_/source/repos/walkingApp/WalkingApp.Mobile/src/screens/groups/GroupManagementScreen.tsx","statementMap":{"0":{"start":{"line":7,"column":0},"end":{"line":7,"column":24}},"1":{"start":{"line":1,"column":0},"end":{"line":1,"column":26}},"2":{"start":{"line":2,"column":0},"end":{"line":2,"column":54}},"3":{"start":{"line":8,"column":22},"end":{"line":8,"column":34}},"4":{"start":{"line":10,"column":2},"end":{"line":15,"column":4}},"5":{"start":{"line":18,"column":15},"end":{"line":34,"column":2}}},"fnMap":{"0":{"name":"GroupManagementScreen","decl":{"start":{"line":7,"column":24},"end":{"line":7,"column":45}},"loc":{"start":{"line":7,"column":62},"end":{"line":16,"column":1}}}},"branchMap":{},"s":{"0":0,"1":0,"2":0,"3":0,"4":0,"5":0},"f":{"0":0},"b":{}}
,"/mnt/c/Users/rene_/source/repos/walkingApp/WalkingApp.Mobile/src/screens/groups/GroupsListScreen.tsx": {"path":"/mnt/c/Users/rene_/source/repos/walkingApp/WalkingApp.Mobile/src/screens/groups/GroupsListScreen.tsx","statementMap":{"0":{"start":{"line":4,"column":0},"end":{"line":4,"column":24}},"1":{"start":{"line":1,"column":0},"end":{"line":1,"column":26}},"2":{"start":{"line":2,"column":0},"end":{"line":2,"column":54}},"3":{"start":{"line":5,"column":2},"end":{"line":9,"column":4}},"4":{"start":{"line":12,"column":15},"end":{"line":23,"column":2}}},"fnMap":{"0":{"name":"GroupsListScreen","decl":{"start":{"line":4,"column":24},"end":{"line":4,"column":40}},"loc":{"start":{"line":4,"column":40},"end":{"line":10,"column":1}}}},"branchMap":{},"s":{"0":0,"1":0,"2":0,"3":0,"4":0},"f":{"0":0},"b":{}}
,"/mnt/c/Users/rene_/source/repos/walkingApp/WalkingApp.Mobile/src/screens/groups/JoinGroupScreen.tsx": {"path":"/mnt/c/Users/rene_/source/repos/walkingApp/WalkingApp.Mobile/src/screens/groups/JoinGroupScreen.tsx","statementMap":{"0":{"start":{"line":4,"column":0},"end":{"line":4,"column":24}},"1":{"start":{"line":1,"column":0},"end":{"line":1,"column":26}},"2":{"start":{"line":2,"column":0},"end":{"line":2,"column":54}},"3":{"start":{"line":5,"column":2},"end":{"line":9,"column":4}},"4":{"start":{"line":12,"column":15},"end":{"line":23,"column":2}}},"fnMap":{"0":{"name":"JoinGroupScreen","decl":{"start":{"line":4,"column":24},"end":{"line":4,"column":39}},"loc":{"start":{"line":4,"column":39},"end":{"line":10,"column":1}}}},"branchMap":{},"s":{"0":0,"1":0,"2":0,"3":0,"4":0},"f":{"0":0},"b":{}}
,"/mnt/c/Users/rene_/source/repos/walkingApp/WalkingApp.Mobile/src/screens/home/HomeScreen.tsx": {"path":"/mnt/c/Users/rene_/source/repos/walkingApp/WalkingApp.Mobile/src/screens/home/HomeScreen.tsx","statementMap":{"0":{"start":{"line":4,"column":0},"end":{"line":4,"column":24}},"1":{"start":{"line":1,"column":0},"end":{"line":1,"column":26}},"2":{"start":{"line":2,"column":0},"end":{"line":2,"column":54}},"3":{"start":{"line":5,"column":2},"end":{"line":9,"column":4}},"4":{"start":{"line":12,"column":15},"end":{"line":23,"column":2}}},"fnMap":{"0":{"name":"HomeScreen","decl":{"start":{"line":4,"column":24},"end":{"line":4,"column":34}},"loc":{"start":{"line":4,"column":34},"end":{"line":10,"column":1}}}},"branchMap":{},"s":{"0":0,"1":0,"2":0,"3":0,"4":0},"f":{"0":0},"b":{}}
,"/mnt/c/Users/rene_/source/repos/walkingApp/WalkingApp.Mobile/src/screens/notifications/NotificationsScreen.tsx": {"path":"/mnt/c/Users/rene_/source/repos/walkingApp/WalkingApp.Mobile/src/screens/notifications/NotificationsScreen.tsx","statementMap":{"0":{"start":{"line":4,"column":0},"end":{"line":4,"column":24}},"1":{"start":{"line":1,"column":0},"end":{"line":1,"column":26}},"2":{"start":{"line":2,"column":0},"end":{"line":2,"column":54}},"3":{"start":{"line":5,"column":2},"end":{"line":9,"column":4}},"4":{"start":{"line":12,"column":15},"end":{"line":23,"column":2}}},"fnMap":{"0":{"name":"NotificationsScreen","decl":{"start":{"line":4,"column":24},"end":{"line":4,"column":43}},"loc":{"start":{"line":4,"column":43},"end":{"line":10,"column":1}}}},"branchMap":{},"s":{"0":0,"1":0,"2":0,"3":0,"4":0},"f":{"0":0},"b":{}}
,"/mnt/c/Users/rene_/source/repos/walkingApp/WalkingApp.Mobile/src/screens/onboarding/OnboardingScreen.tsx": {"path":"/mnt/c/Users/rene_/source/repos/walkingApp/WalkingApp.Mobile/src/screens/onboarding/OnboardingScreen.tsx","statementMap":{"0":{"start":{"line":4,"column":0},"end":{"line":4,"column":24}},"1":{"start":{"line":1,"column":0},"end":{"line":1,"column":26}},"2":{"start":{"line":2,"column":0},"end":{"line":2,"column":54}},"3":{"start":{"line":5,"column":2},"end":{"line":9,"column":4}},"4":{"start":{"line":12,"column":15},"end":{"line":23,"column":2}}},"fnMap":{"0":{"name":"OnboardingScreen","decl":{"start":{"line":4,"column":24},"end":{"line":4,"column":40}},"loc":{"start":{"line":4,"column":40},"end":{"line":10,"column":1}}}},"branchMap":{},"s":{"0":0,"1":0,"2":0,"3":0,"4":0},"f":{"0":0},"b":{}}
,"/mnt/c/Users/rene_/source/repos/walkingApp/WalkingApp.Mobile/src/screens/settings/EditProfileScreen.tsx": {"path":"/mnt/c/Users/rene_/source/repos/walkingApp/WalkingApp.Mobile/src/screens/settings/EditProfileScreen.tsx","statementMap":{"0":{"start":{"line":4,"column":0},"end":{"line":4,"column":24}},"1":{"start":{"line":1,"column":0},"end":{"line":1,"column":26}},"2":{"start":{"line":2,"column":0},"end":{"line":2,"column":54}},"3":{"start":{"line":5,"column":2},"end":{"line":9,"column":4}},"4":{"start":{"line":12,"column":15},"end":{"line":23,"column":2}}},"fnMap":{"0":{"name":"EditProfileScreen","decl":{"start":{"line":4,"column":24},"end":{"line":4,"column":41}},"loc":{"start":{"line":4,"column":41},"end":{"line":10,"column":1}}}},"branchMap":{},"s":{"0":0,"1":0,"2":0,"3":0,"4":0},"f":{"0":0},"b":{}}
,"/mnt/c/Users/rene_/source/repos/walkingApp/WalkingApp.Mobile/src/screens/settings/ProfileScreen.tsx": {"path":"/mnt/c/Users/rene_/source/repos/walkingApp/WalkingApp.Mobile/src/screens/settings/ProfileScreen.tsx","statementMap":{"0":{"start":{"line":4,"column":0},"end":{"line":4,"column":24}},"1":{"start":{"line":1,"column":0},"end":{"line":1,"column":26}},"2":{"start":{"line":2,"column":0},"end":{"line":2,"column":54}},"3":{"start":{"line":5,"column":2},"end":{"line":9,"column":4}},"4":{"start":{"line":12,"column":15},"end":{"line":23,"column":2}}},"fnMap":{"0":{"name":"ProfileScreen","decl":{"start":{"line":4,"column":24},"end":{"line":4,"column":37}},"loc":{"start":{"line":4,"column":37},"end":{"line":10,"column":1}}}},"branchMap":{},"s":{"0":0,"1":0,"2":0,"3":0,"4":0},"f":{"0":0},"b":{}}
,"/mnt/c/Users/rene_/source/repos/walkingApp/WalkingApp.Mobile/src/screens/settings/SettingsScreen.tsx": {"path":"/mnt/c/Users/rene_/source/repos/walkingApp/WalkingApp.Mobile/src/screens/settings/SettingsScreen.tsx","statementMap":{"0":{"start":{"line":4,"column":0},"end":{"line":4,"column":24}},"1":{"start":{"line":1,"column":0},"end":{"line":1,"column":26}},"2":{"start":{"line":2,"column":0},"end":{"line":2,"column":54}},"3":{"start":{"line":5,"column":2},"end":{"line":9,"column":4}},"4":{"start":{"line":12,"column":15},"end":{"line":23,"column":2}}},"fnMap":{"0":{"name":"SettingsScreen","decl":{"start":{"line":4,"column":24},"end":{"line":4,"column":38}},"loc":{"start":{"line":4,"column":38},"end":{"line":10,"column":1}}}},"branchMap":{},"s":{"0":0,"1":0,"2":0,"3":0,"4":0},"f":{"0":0},"b":{}}
,"/mnt/c/Users/rene_/source/repos/walkingApp/WalkingApp.Mobile/src/screens/steps/StepsHistoryScreen.tsx": {"path":"/mnt/c/Users/rene_/source/repos/walkingApp/WalkingApp.Mobile/src/screens/steps/StepsHistoryScreen.tsx","statementMap":{"0":{"start":{"line":4,"column":0},"end":{"line":4,"column":24}},"1":{"start":{"line":1,"column":0},"end":{"line":1,"column":26}},"2":{"start":{"line":2,"column":0},"end":{"line":2,"column":54}},"3":{"start":{"line":5,"column":2},"end":{"line":9,"column":4}},"4":{"start":{"line":12,"column":15},"end":{"line":23,"column":2}}},"fnMap":{"0":{"name":"StepsHistoryScreen","decl":{"start":{"line":4,"column":24},"end":{"line":4,"column":42}},"loc":{"start":{"line":4,"column":42},"end":{"line":10,"column":1}}}},"branchMap":{},"s":{"0":0,"1":0,"2":0,"3":0,"4":0},"f":{"0":0},"b":{}}
,"/mnt/c/Users/rene_/source/repos/walkingApp/WalkingApp.Mobile/src/services/secureStore.ts": {"path":"/mnt/c/Users/rene_/source/repos/walkingApp/WalkingApp.Mobile/src/services/secureStore.ts","statementMap":{"0":{"start":{"line":1,"column":0},"end":{"line":1,"column":49}},"1":{"start":{"line":2,"column":0},"end":{"line":2,"column":40}},"2":{"start":{"line":8,"column":13},"end":{"line":35,"column":2}},"3":{"start":{"line":10,"column":4},"end":{"line":15,"column":5}},"4":{"start":{"line":11,"column":6},"end":{"line":11,"column":49}},"5":{"start":{"line":13,"column":6},"end":{"line":13,"column":57}},"6":{"start":{"line":14,"column":6},"end":{"line":14,"column":18}},"7":{"start":{"line":19,"column":4},"end":{"line":24,"column":5}},"8":{"start":{"line":20,"column":6},"end":{"line":20,"column":49}},"9":{"start":{"line":22,"column":6},"end":{"line":22,"column":57}},"10":{"start":{"line":23,"column":6},"end":{"line":23,"column":18}},"11":{"start":{"line":28,"column":4},"end":{"line":33,"column":5}},"12":{"start":{"line":29,"column":6},"end":{"line":29,"column":45}},"13":{"start":{"line":31,"column":6},"end":{"line":31,"column":60}},"14":{"start":{"line":32,"column":6},"end":{"line":32,"column":18}},"15":{"start":{"line":40,"column":38},"end":{"line":51,"column":1}},"16":{"start":{"line":41,"column":2},"end":{"line":50,"column":3}},"17":{"start":{"line":42,"column":4},"end":{"line":44,"column":5}},"18":{"start":{"line":43,"column":6},"end":{"line":43,"column":19}},"19":{"start":{"line":45,"column":4},"end":{"line":45,"column":51}},"20":{"start":{"line":46,"column":4},"end":{"line":46,"column":46}},"21":{"start":{"line":47,"column":4},"end":{"line":47,"column":16}},"22":{"start":{"line":49,"column":4},"end":{"line":49,"column":17}},"23":{"start":{"line":40,"column":13},"end":{"line":40,"column":38}}},"fnMap":{"0":{"name":"(anonymous_9)","decl":{"start":{"line":9,"column":11},"end":{"line":9,"column":16}},"loc":{"start":{"line":9,"column":57},"end":{"line":16,"column":3}}},"1":{"name":"(anonymous_10)","decl":{"start":{"line":18,"column":11},"end":{"line":18,"column":16}},"loc":{"start":{"line":18,"column":63},"end":{"line":25,"column":3}}},"2":{"name":"(anonymous_11)","decl":{"start":{"line":27,"column":14},"end":{"line":27,"column":19}},"loc":{"start":{"line":27,"column":51},"end":{"line":34,"column":3}}},"3":{"name":"(anonymous_12)","decl":{"start":{"line":40,"column":38},"end":{"line":40,"column":43}},"loc":{"start":{"line":40,"column":67},"end":{"line":51,"column":1}}}},"branchMap":{"0":{"loc":{"start":{"line":42,"column":4},"end":{"line":44,"column":5}},"type":"if","locations":[{"start":{"line":42,"column":4},"end":{"line":44,"column":5}},{"start":{},"end":{}}]}},"s":{"0":1,"1":1,"2":1,"3":0,"4":0,"5":0,"6":0,"7":0,"8":0,"9":0,"10":0,"11":0,"12":0,"13":0,"14":0,"15":1,"16":0,"17":0,"18":0,"19":0,"20":0,"21":0,"22":0,"23":1},"f":{"0":0,"1":0,"2":0,"3":0},"b":{"0":[0,0]}}
,"/mnt/c/Users/rene_/source/repos/walkingApp/WalkingApp.Mobile/src/services/supabase.ts": {"path":"/mnt/c/Users/rene_/source/repos/walkingApp/WalkingApp.Mobile/src/services/supabase.ts","statementMap":{"0":{"start":{"line":1,"column":0},"end":{"line":1,"column":53}},"1":{"start":{"line":2,"column":0},"end":{"line":2,"column":55}},"2":{"start":{"line":3,"column":0},"end":{"line":3,"column":55}},"3":{"start":{"line":8,"column":13},"end":{"line":15,"column":3}},"4":{"start":{"line":20,"column":26},"end":{"line":27,"column":1}},"5":{"start":{"line":21,"column":26},"end":{"line":21,"column":58}},"6":{"start":{"line":22,"column":2},"end":{"line":25,"column":3}},"7":{"start":{"line":23,"column":4},"end":{"line":23,"column":51}},"8":{"start":{"line":24,"column":4},"end":{"line":24,"column":16}},"9":{"start":{"line":26,"column":2},"end":{"line":26,"column":22}},"10":{"start":{"line":20,"column":13},"end":{"line":20,"column":26}},"11":{"start":{"line":32,"column":30},"end":{"line":39,"column":1}},"12":{"start":{"line":33,"column":26},"end":{"line":33,"column":55}},"13":{"start":{"line":34,"column":2},"end":{"line":37,"column":3}},"14":{"start":{"line":35,"column":4},"end":{"line":35,"column":48}},"15":{"start":{"line":36,"column":4},"end":{"line":36,"column":16}},"16":{"start":{"line":38,"column":2},"end":{"line":38,"column":19}},"17":{"start":{"line":32,"column":13},"end":{"line":32,"column":30}},"18":{"start":{"line":44,"column":31},"end":{"line":52,"column":1}},"19":{"start":{"line":45,"column":26},"end":{"line":48,"column":4}},"20":{"start":{"line":50,"column":2},"end":{"line":50,"column":25}},"21":{"start":{"line":50,"column":13},"end":{"line":50,"column":25}},"22":{"start":{"line":51,"column":2},"end":{"line":51,"column":14}},"23":{"start":{"line":44,"column":13},"end":{"line":44,"column":31}},"24":{"start":{"line":57,"column":31},"end":{"line":74,"column":1}},"25":{"start":{"line":62,"column":26},"end":{"line":70,"column":4}},"26":{"start":{"line":72,"column":2},"end":{"line":72,"column":25}},"27":{"start":{"line":72,"column":13},"end":{"line":72,"column":25}},"28":{"start":{"line":73,"column":2},"end":{"line":73,"column":14}},"29":{"start":{"line":57,"column":13},"end":{"line":57,"column":31}},"30":{"start":{"line":79,"column":23},"end":{"line":82,"column":1}},"31":{"start":{"line":80,"column":20},"end":{"line":80,"column":49}},"32":{"start":{"line":81,"column":2},"end":{"line":81,"column":25}},"33":{"start":{"line":81,"column":13},"end":{"line":81,"column":25}},"34":{"start":{"line":79,"column":13},"end":{"line":79,"column":23}},"35":{"start":{"line":87,"column":29},"end":{"line":93,"column":1}},"36":{"start":{"line":88,"column":20},"end":{"line":90,"column":4}},"37":{"start":{"line":92,"column":2},"end":{"line":92,"column":25}},"38":{"s
[...]
,"column":54}},"9":{"start":{"line":64,"column":4},"end":{"line":64,"column":42}},"10":{"start":{"line":65,"column":4},"end":{"line":70,"column":5}},"11":{"start":{"line":66,"column":20},"end":{"line":66,"column":53}},"12":{"start":{"line":67,"column":6},"end":{"line":67,"column":53}},"13":{"start":{"line":69,"column":6},"end":{"line":69,"column":54}},"14":{"start":{"line":74,"column":4},"end":{"line":74,"column":42}},"15":{"start":{"line":75,"column":4},"end":{"line":80,"column":5}},"16":{"start":{"line":76,"column":26},"end":{"line":76,"column":65}},"17":{"start":{"line":77,"column":6},"end":{"line":77,"column":45}},"18":{"start":{"line":79,"column":6},"end":{"line":79,"column":54}},"19":{"start":{"line":84,"column":4},"end":{"line":84,"column":42}},"20":{"start":{"line":85,"column":4},"end":{"line":92,"column":5}},"21":{"start":{"line":86,"column":20},"end":{"line":86,"column":53}},"22":{"start":{"line":87,"column":6},"end":{"line":87,"column":32}},"23":{"start":{"line":88,"column":6},"end":{"line":88,"column":19}},"24":{"start":{"line":90,"column":6},"end":{"line":90,"column":54}},"25":{"start":{"line":91,"column":6},"end":{"line":91,"column":18}},"26":{"start":{"line":96,"column":4},"end":{"line":96,"column":42}},"27":{"start":{"line":97,"column":4},"end":{"line":103,"column":5}},"28":{"start":{"line":98,"column":6},"end":{"line":98,"column":41}},"29":{"start":{"line":99,"column":6},"end":{"line":99,"column":32}},"30":{"start":{"line":101,"column":6},"end":{"line":101,"column":54}},"31":{"start":{"line":102,"column":6},"end":{"line":102,"column":18}},"32":{"start":{"line":107,"column":4},"end":{"line":107,"column":42}},"33":{"start":{"line":108,"column":4},"end":{"line":114,"column":5}},"34":{"start":{"line":109,"column":6},"end":{"line":109,"column":42}},"35":{"start":{"line":110,"column":6},"end":{"line":110,"column":32}},"36":{"start":{"line":112,"column":6},"end":{"line":112,"column":54}},"37":{"start":{"line":113,"column":6},"end":{"line":113,"column":18}}},"fnMap":{"0":{"name":"(anonymous_0)","decl":{"start":{"line":46,"column":50},"end":{"line":46,"column":51}},"loc":{"start":{"line":46,"column":60},"end":{"line":116,"column":2}}},"1":{"name":"(anonymous_1)","decl":{"start":{"line":53,"column":15},"end":{"line":53,"column":20}},"loc":{"start":{"line":53,"column":26},"end":{"line":61,"column":3}}},"2":{"name":"(anonymous_2)","decl":{"start":{"line":63,"column":14},"end":{"line":63,"column":19}},"loc":{"start":{"line":63,"column":32},"end":{"line":71,"column":3}}},"3":{"name":"(anonymous_3)","decl":{"start":{"line":73,"column":20},"end":{"line":73,"column":25}},"loc":{"start":{"line":73,"column":38},"end":{"line":81,"column":3}}},"4":{"name":"(anonymous_4)","decl":{"start":{"line":83,"column":15},"end":{"line":83,"column":20}},"loc":{"start":{"line":83,"column":30},"end":{"line":93,"column":3}}},"5":{"name":"(anonymous_5)","decl":{"start":{"line":95,"column":13},"end":{"line":95,"column":18}},"loc":{"start":{"line":95,"column":31},"end":{"line":104,"column":3}}},"6":{"name":"(anonymous_6)","decl":{"start":{"line":106,"column":14},"end":{"line":106,"column":19}},"loc":{"start":{"line":106,"column":32},"end":{"line":115,"column":3}}}},"branchMap":{},"s":{"0":0,"1":0,"2":0,"3":0,"4":0,"5":0,"6":0,"7":0,"8":0,"9":0,"10":0,"11":0,"12":0,"13":0,"14":0,"15":0,"16":0,"17":0,"18":0,"19":0,"20":0,"21":0,"22":0,"23":0,"24":0,"25":0,"26":0,"27":0,"28":0,"29":0,"30":0,"31":0,"32":0,"33":0,"34":0,"35":0,"36":0,"37":0},"f":{"0":0,"1":0,"2":0,"3":0,"4":0,"5":0,"6":0},"b":{}}
,"/mnt/c/Users/rene_/source/repos/walkingApp/WalkingApp.Mobile/src/store/index.ts": {"path":"/mnt/c/Users/rene_/source/repos/walkingApp/WalkingApp.Mobile/src/store/index.ts","statementMap":{"0":{"start":{"line":2,"column":0},"end":{"line":2,"column":9}},"1":{"start":{"line":2,"column":9},"end":{"line":2,"column":43}},"2":{"start":{"line":3,"column":0},"end":{"line":3,"column":9}},"3":{"start":{"line":3,"column":9},"end":{"line":3,"column":43}},"4":{"start":{"line":4,"column":0},"end":{"line":4,"column":9}},"5":{"start":{"line":4,"column":9},"end":{"line":4,"column":45}},"6":{"start":{"line":5,"column":0},"end":{"line":5,"column":9}},"7":{"start":{"line":5,"column":9},"end":{"line":5,"column":49}},"8":{"start":{"line":6,"column":0},"end":{"line":6,"column":9}},"9":{"start":{"line":6,"column":9},"end":{"line":6,"column":47}},"10":{"start":{"line":7,"column":0},"end":{"line":7,"column":9}},"11":{"start":{"line":7,"column":9},"end":{"line":7,"column":61}}},"fnMap":{"0":{"name":"(anonymous_0)","decl":{"start":{"line":2,"column":9},"end":{"line":2,"column":21}},"loc":{"start":{"line":2,"column":9},"end":{"line":2,"column":43}}},"1":{"name":"(anonymous_1)","decl":{"start":{"line":3,"column":9},"end":{"line":3,"column":21}},"loc":{"start":{"line":3,"column":9},"end":{"line":3,"column":43}}},"2":{"name":"(anonymous_2)","decl":{"start":{"line":4,"column":9},"end":{"line":4,"column":22}},"loc":{"start":{"line":4,"column":9},"end":{"line":4,"column":45}}},"3":{"name":"(anonymous_3)","decl":{"start":{"line":5,"column":9},"end":{"line":5,"column":24}},"loc":{"start":{"line":5,"column":9},"end":{"line":5,"column":49}}},"4":{"name":"(anonymous_4)","decl":{"start":{"line":6,"column":9},"end":{"line":6,"column":23}},"loc":{"start":{"line":6,"column":9},"end":{"line":6,"column":47}}},"5":{"name":"(anonymous_5)","decl":{"start":{"line":7,"column":9},"end":{"line":7,"column":30}},"loc":{"start":{"line":7,"column":9},"end":{"line":7,"column":61}}}},"branchMap":{},"s":{"0":0,"1":0,"2":0,"3":0,"4":0,"5":0,"6":0,"7":0,"8":0,"9":0,"10":0,"11":0},"f":{"0":0,"1":0,"2":0,"3":0,"4":0,"5":0},"b":{}}
,"/mnt/c/Users/rene_/source/repos/walkingApp/WalkingApp.Mobile/src/store/notificationsStore.ts": {"path":"/mnt/c/Users/rene_/source/repos/walkingApp/WalkingApp.Mobile/src/store/notificationsStore.ts","statementMap":{"0":{"start":{"line":1,"column":0},"end":{"line":1,"column":33}},"1":{"start":{"line":2,"column":0},"end":{"line":2,"column":66}},"2":{"start":{"line":29,"column":13},"end":{"line":93,"column":4}},"3":{"start":{"line":29,"column":79},"end":{"line":93,"column":2}},"4":{"start":{"line":36,"column":4},"end":{"line":36,"column":42}},"5":{"start":{"line":37,"column":4},"end":{"line":42,"column":5}},"6":{"start":{"line":38,"column":28},"end":{"line":38,"column":69}},"7":{"start":{"line":39,"column":6},"end":{"line":39,"column":47}},"8":{"start":{"line":41,"column":6},"end":{"line":41,"column":54}},"9":{"start":{"line":46,"column":4},"end":{"line":51,"column":5}},"10":{"start":{"line":47,"column":26},"end":{"line":47,"column":65}},"11":{"start":{"line":48,"column":6},"end":{"line":48,"column":27}},"12":{"start":{"line":50,"column":6},"end":{"line":50,"column":36}},"13":{"start":{"line":55,"column":4},"end":{"line":55,"column":42}},"14":{"start":{"line":56,"column":4},"end":{"line":66,"column":5}},"15":{"start":{"line":57,"column":6},"end":{"line":57,"column":56}},"16":{"start":{"line":58,"column":28},"end":{"line":59,"column":null}},"17":{"start":{"line":59,"column":8},"end":{"line":59,"column":61}},"18":{"start":{"line":61,"column":6},"end":{"line":61,"column":47}},"19":{"start":{"line":62,"column":6},"end":{"line":62,"column":37}},"20":{"start":{"line":64,"column":6},"end":{"line":64,"column":54}},"21":{"start":{"line":65,"column":6},"end":{"line":65,"column":18}},"22":{"start":{"line":70,"column":4},"end":{"line":70,"column":42}},"23":{"start":{"line":71,"column":4},"end":{"line":78,"column":5}},"24":{"start":{"line":72,"column":6},"end":{"line":72,"column":45}},"25":{"start":{"line":73,"column":28},"end":{"line":73,"column":83}},"26":{"start":{"line":73,"column":58},"end":{"line":73,"column":81}},"27":{"start":{"line":74,"column":6},"end":{"line":74,"column":63}},"28":{"start":{"line":76,"column":6},"end":{"line":76,"column":54}},"29":{"start":{"line":77,"column":6},"end":{"line":77,"column":18}},"30":{"start":{"line":82,"column":4},"end":{"line":82,"column":42}},"31":{"start":{"line":83,"column":4},"end":{"line":91,"column":5}},"32":{"start":{"line":84,"column":6},"end":{"line":84,"column":64}},"33":{"start":{"line":85,"column":28},"end":{"line":85,"column":84}},"34":{"start":{"line":85,"column":60},"end":{"line":85,"column":83}},"35":{"start":{"line":86,"column":6},"end":{"line":86,"column":47}},"36":{"start":{"line":87,"column":6},"end":{"line":87,"column":37}},"37":{"start":{"line":89,"column":6},"end":{"line":89,"column":54}},"38":{"start":{"line":90,"column":6},"end":{"line":90,"column":18}}},"fnMap":{"0":{"name":"(anonymous_0)","decl":{"start":{"line":29,"column":64},"end":{"line":29,"column":65}},"loc":{"start":{"line":29,"column":79},"end":{"line":93,"column":2}}},"1":{"name":"(anonymous_1)","decl":{"start":{"line":35,"column":22},"end":{"line":35,"column":27}},"loc":{"start":{"line":35,"column":33},"end":{"line":43,"column":3}}},"2":{"name":"(anonymous_2)","decl":{"start":{"line":45,"column":20},"end":{"line":45,"column":25}},"loc":{"start":{"line":45,"column":31},"end":{"line":52,"column":3}}},"3":{"name":"(anonymous_3)","decl":{"start":{"line":54,"column":14},"end":{"line":54,"column":19}},"loc":{"start":{"line":54,"column":39},"end":{"line":67,"column":3}}},"4":{"name":"(anonymous_4)","decl":{"start":{"line":58,"column":52},"end":{"line":58,"column":53}},"loc":{"start":{"line":59,"column":8},"end":{"line":59,"column":61}}},"5":{"name":"(anonymous_5)","decl":{"start":{"line":69,"column":17},"end":{"line":69,"column":22}},"loc":{"start":{"line":69,"column":28},"end":{"line":79,"column":3}}},"6":{"name":"(anonymous_6)","decl":{"start":{"line":73,"column":52},"end":{"line":73,"column":53}},"loc":{"start":{"line":73,"column":58},"end":{"line":73,"column":81}}},"7":{"name":"(anonymous_7)","decl":{"start":{"line":81,"column":22},"end":{"line":81,"column":27}},"loc":{"start":{"line":81,"column":47},"end":{"line":92,"column":3}}},"8":{"name":"(anonymous_8)","decl":{"start":{"line":85,"column":55},"end":{"line":85,"column":56}},"loc":{"start":{"line":85,"column":60},"end":{"line":85,"column":83}}}},"branchMap":{"0":{"loc":{"start":{"line":59,"column":8},"end":{"line":59,"column":61}},"type":"cond-expr","locations":[{"start":{"line":59,"column":34},"end":{"line":59,"column":57}},{"start":{"line":59,"column":60},"end":{"line":59,"column":61}}]}},"s":{"0":0,"1":0,"2":0,"3":0,"4":0,"5":0,"6":0,"7":0,"8":0,"9":0,"10":0,"11":0,"12":0,"13":0,"14":0,"15":0,"16":0,"17":0,"18":0,"19":0,"20":0,"21":0,"22":0,"23":0,"24":0,"25":0,"26":0,"27":0,"28":0,"29":0,"30":0,"31":0,"32":0,"33":0,"34":0,"35":0,"36":0,"37":0,"38":0},"f":{"0":0,"1":0,"2":0,"3":0,"4":0,"5":0,"6":0,"7":0,"8":0},"b":{"0":[0,0]}}
,"/mnt/c/Users/rene_/source/repos/walkingApp/WalkingApp.Mobile/src/store/stepsStore.ts": {"path":"/mnt/c/Users/rene_/source/repos/walkingApp/WalkingApp.Mobile/src/store/stepsStore.ts","statementMap":{"0":{"start":{"line":1,"column":0},"end":{"line":1,"column":33}},"1":{"start":{"line":2,"column":0},"end":{"line":2,"column":50}},"2":{"start":{"line":35,"column":13},"end":{"line":83,"column":4}},"3":{"start":{"line":35,"column":58},"end":{"line":83,"column":2}},"4":{"start":{"line":43,"column":4},"end":{"line":43,"column":42}},"5":{"start":{"line":44,"column":4},"end":{"line":51,"column":5}},"6":{"start":{"line":45,"column":6},"end":{"line":45,"column":53}},"7":{"start":{"line":46,"column":20},"end":{"line":46,"column":50}},"8":{"start":{"line":47,"column":6},"end":{"line":47,"column":57}},"9":{"start":{"line":49,"column":6},"end":{"line":49,"column":54}},"10":{"start":{"line":50,"column":6},"end":{"line":50,"column":18}},"11":{"start":{"line":55,"column":4},"end":{"line":55,"column":42}},"12":{"start":{"line":56,"column":4},"end":{"line":61,"column":5}},"13":{"start":{"line":57,"column":20},"end":{"line":57,"column":50}},"14":{"start":{"line":58,"column":6},"end":{"line":58,"column":57}},"15":{"start":{"line":60,"column":6},"end":{"line":60,"column":54}},"16":{"start":{"line":65,"column":4},"end":{"line":65,"column":42}},"17":{"start":{"line":66,"column":4},"end":{"line":71,"column":5}},"18":{"start":{"line":67,"column":20},"end":{"line":67,"column":45}},"19":{"start":{"line":68,"column":6},"end":{"line":68,"column":39}},"20":{"start":{"line":70,"column":6},"end":{"line":70,"column":54}},"21":{"start":{"line":75,"column":4},"end":{"line":75,"column":42}},"22":{"start":{"line":76,"column":4},"end":{"line":81,"column":5}},"23":{"start":{"line":77,"column":22},"end":{"line":77,"column":55}},"24":{"start":{"line":78,"column":6},"end":{"line":78,"column":41}},"25":{"start":{"line":80,"column":6},"end":{"line":80,"column":54}}},"fnMap":{"0":{"name":"(anonymous_0)","decl":{"start":{"line":35,"column":48},"end":{"line":35,"column":49}},"loc":{"start":{"line":35,"column":58},"end":{"line":83,"column":2}}},"1":{"name":"(anonymous_1)","decl":{"start":{"line":42,"column":12},"end":{"line":42,"column":17}},"loc":{"start":{"line":42,"column":44},"end":{"line":52,"column":3}}},"2":{"name":"(anonymous_2)","decl":{"start":{"line":54,"column":19},"end":{"line":54,"column":24}},"loc":{"start":{"line":54,"column":30},"end":{"line":62,"column":3}}},"3":{"name":"(anonymous_3)","decl":{"start":{"line":64,"column":14},"end":{"line":64,"column":19}},"loc":{"start":{"line":64,"column":25},"end":{"line":72,"column":3}}},"4":{"name":"(anonymous_4)","decl":{"start":{"line":74,"column":16},"end":{"line":74,"column":21}},"loc":{"start":{"line":74,"column":33},"end":{"line":82,"column":3}}}},"branchMap":{},"s":{"0":0,"1":0,"2":0,"3":0,"4":0,"5":0,"6":0,"7":0,"8":0,"9":0,"10":0,"11":0,"12":0,"13":0,"14":0,"15":0,"16":0,"17":0,"18":0,"19":0,"20":0,"21":0,"22":0,"23":0,"24":0,"25":0},"f":{"0":0,"1":0,"2":0,"3":0,"4":0},"b":{}}
,"/mnt/c/Users/rene_/source/repos/walkingApp/WalkingApp.Mobile/src/store/userStore.ts": {"path":"/mnt/c/Users/rene_/source/repos/walkingApp/WalkingApp.Mobile/src/store/userStore.ts","statementMap":{"0":{"start":{"line":1,"column":0},"end":{"line":1,"column":33}},"1":{"start":{"line":2,"column":0},"end":{"line":2,"column":50}},"2":{"start":{"line":50,"column":13},"end":{"line":111,"column":4}},"3":{"start":{"line":50,"column":61},"end":{"line":111,"column":2}},"4":{"start":{"line":56,"column":4},"end":{"line":56,"column":42}},"5":{"start":{"line":57,"column":4},"end":{"line":62,"column":5}},"6":{"start":{"line":58,"column":19},"end":{"line":58,"column":50}},"7":{"start":{"line":59,"column":6},"end":{"line":59,"column":51}},"8":{"start":{"line":61,"column":6},"end":{"line":61,"column":54}},"9":{"start":{"line":66,"column":4},"end":{"line":66,"column":42}},"10":{"start":{"line":67,"column":4},"end":{"line":73,"column":5}},"11":{"start":{"line":68,"column":22},"end":{"line":68,"column":59}},"12":{"start":{"line":69,"column":6},"end":{"line":69,"column":54}},"13":{"start":{"line":71,"column":6},"end":{"line":71,"column":54}},"14":{"start":{"line":72,"column":6},"end":{"line":72,"column":18}},"15":{"start":{"line":77,"column":4},"end":{"line":77,"column":42}},"16":{"start":{"line":78,"column":4},"end":{"line":90,"column":5}},"17":{"start":{"line":79,"column":22},"end":{"line":79,"column":39}},"18":{"start":{"line":80,"column":6},"end":{"line":80,"column":54}},"19":{"start":{"line":80,"column":20},"end":{"line":80,"column":54}},"20":{"start":{"line":82,"column":22},"end":{"line":82,"column":61}},"21":{"start":{"line":83,"column":6},"end":{"line":86,"column":9}},"22":{"start":{"line":88,"column":6},"end":{"line":88,"column":54}},"23":{"start":{"line":89,"column":6},"end":{"line":89,"column":18}},"24":{"start":{"line":94,"column":4},"end":{"line":94,"column":42}},"25":{"start":{"line":95,"column":4},"end":{"line":109,"column":5}},"26":{"start":{"line":96,"column":24},"end":{"line":96,"column":56}},"27":{"start":{"line":97,"column":22},"end":{"line":97,"column":39}},"28":{"start":{"line":98,"column":6},"end":{"line":105,"column":7}},"29":{"start":{"line":99,"column":8},"end":{"line":102,"column":11}},"30":{"start":{"line":104,"column":8},"end":{"line":104,"column":34}},"31":{"start":{"line":107,"column":6},"end":{"line":107,"column":54}},"32":{"start":{"line":108,"column":6},"end":{"line":108,"column":18}}},"fnMap":{"0":{"name":"(anonymous_0)","decl":{"start":{"line":50,"column":46},"end":{"line":50,"column":47}},"loc":{"start":{"line":50,"column":61},"end":{"line":111,"column":2}}},"1":{"name":"(anonymous_1)","decl":{"start":{"line":55,"column":20},"end":{"line":55,"column":25}},"loc":{"start":{"line":55,"column":31},"end":{"line":63,"column":3}}},"2":{"name":"(anonymous_2)","decl":{"start":{"line":65,"column":17},"end":{"line":65,"column":22}},"loc":{"start":{"line":65,"column":35},"end":{"line":74,"column":3}}},"3":{"name":"(anonymous_3)","decl":{"start":{"line":76,"column":21},"end":{"line":76,"column":26}},"loc":{"start":{"line":76,"column":37},"end":{"line":91,"column":3}}},"4":{"name":"(anonymous_4)","decl":{"start":{"line":93,"column":16},"end":{"line":93,"column":21}},"loc":{"start":{"line":93,"column":30},"end":{"line":110,"column":3}}}},"branchMap":{"0":{"loc":{"start":{"line":80,"column":6},"end":{"line":80,"column":54}},"type":"if","locations":[{"start":{"line":80,"column":6},"end":{"line":80,"column":54}},{"start":{},"end":{}}]},"1":{"loc":{"start":{"line":98,"column":6},"end":{"line":105,"column":7}},"type":"if","locations":[{"start":{"line":98,"column":6},"end":{"line":105,"column":7}},{"start":{"line":103,"column":13},"end":{"line":105,"column":7}}]}},"s":{"0":0,"1":0,"2":0,"3":0,"4":0,"5":0,"6":0,"7":0,"8":0,"9":0,"10":0,"11":0,"12":0,"13":0,"14":0,"15":0,"16":0,"17":0,"18":0,"19":0,"20":0,"21":0,"22":0,"23":0,"24":0,"25":0,"26":0,"27":0,"28":0,"29":0,"30":0,"31":0,"32":0},"f":{"0":0,"1":0,"2":0,"3":0,"4":0},"b":{"0":[0,0],"1":[0,0]}}
,"/mnt/c/Users/rene_/source/repos/walkingApp/WalkingApp.Mobile/src/theme/ThemeProvider.tsx": {"path":"/mnt/c/Users/rene_/source/repos/walkingApp/WalkingApp.Mobile/src/theme/ThemeProvider.tsx","statementMap":{"0":{"start":{"line":1,"column":0},"end":{"line":1,"column":41}},"1":{"start":{"line":2,"column":0},"end":{"line":2,"column":51}},"2":{"start":{"line":3,"column":0},"end":{"line":3,"column":44}},"3":{"start":{"line":4,"column":0},"end":{"line":4,"column":49}},"4":{"start":{"line":10,"column":59},"end":{"line":19,"column":1}},"5":{"start":{"line":11,"column":33},"end":{"line":11,"column":46}},"6":{"start":{"line":13,"column":2},"end":{"line":18,"column":4}},"7":{"start":{"line":10,"column":13},"end":{"line":10,"column":59}}},"fnMap":{"0":{"name":"(anonymous_1)","decl":{"start":{"line":10,"column":59},"end":{"line":10,"column":60}},"loc":{"start":{"line":10,"column":76},"end":{"line":19,"column":1}}}},"branchMap":{"0":{"loc":{"start":{"line":15,"column":24},"end":{"line":15,"column":49}},"type":"cond-expr","locations":[{"start":{"line":15,"column":33},"end":{"line":15,"column":40}},{"start":{"line":15,"column":43},"end":{"line":15,"column":49}}]}},"s":{"0":0,"1":0,"2":0,"3":0,"4":0,"5":0,"6":0,"7":0},"f":{"0":0},"b":{"0":[0,0]}}
,"/mnt/c/Users/rene_/source/repos/walkingApp/WalkingApp.Mobile/src/theme/colors.ts": {"path":"/mnt/c/Users/rene_/source/repos/walkingApp/WalkingApp.Mobile/src/theme/colors.ts","statementMap":{"0":{"start":{"line":1,"column":13},"end":{"line":101,"column":2}}},"fnMap":{},"branchMap":{},"s":{"0":0},"f":{},"b":{}}
,"/mnt/c/Users/rene_/source/repos/walkingApp/WalkingApp.Mobile/src/theme/theme.ts": {"path":"/mnt/c/Users/rene_/source/repos/walkingApp/WalkingApp.Mobile/src/theme/theme.ts","statementMap":{"0":{"start":{"line":1,"column":0},"end":{"line":1,"column":75}},"1":{"start":{"line":2,"column":0},"end":{"line":2,"column":67}},"2":{"start":{"line":3,"column":0},"end":{"line":3,"column":34}},"3":{"start":{"line":5,"column":13},"end":{"line":15,"column":2}},"4":{"start":{"line":17,"column":13},"end":{"line":27,"column":2}},"5":{"start":{"line":30,"column":13},"end":{"line":41,"column":2}},"6":{"start":{"line":43,"column":13},"end":{"line":54,"column":2}}},"fnMap":{},"branchMap":{},"s":{"0":0,"1":0,"2":0,"3":0,"4":0,"5":0,"6":0},"f":{},"b":{}}
}
