TN:
SF:src/components/common/ErrorMessage.tsx
FN:10,(anonymous_1)
FNF:1
FNH:1
FNDA:26,(anonymous_1)
DA:1,1
DA:2,1
DA:3,1
DA:10,1
DA:11,26
DA:25,1
LF:6
LH:6
BRDA:16,0,0,26
BRDA:16,0,1,10
BRF:2
BRH:2
end_of_record
TN:
SF:src/components/common/LoadingSpinner.tsx
FN:5,(anonymous_1)
FNF:1
FNH:1
FNDA:11,(anonymous_1)
DA:1,1
DA:2,1
DA:3,1
DA:5,1
DA:6,11
DA:13,1
LF:6
LH:6
BRF:0
BRH:0
end_of_record
TN:
SF:src/config/supabase.config.ts
FN:16,(anonymous_0)
FNF:1
FNH:1
FNDA:2,(anonymous_0)
DA:1,1
DA:3,1
DA:8,1
DA:16,1
DA:17,2
DA:18,0
DA:19,0
DA:22,2
DA:23,0
DA:26,2
LF:10
LH:7
BRDA:17,0,0,0
BRDA:17,0,1,2
BRDA:17,1,0,2
BRDA:17,1,1,2
BRDA:22,2,0,0
BRDA:22,2,1,2
BRF:6
BRH:4
end_of_record
TN:
SF:src/hooks/useAppTheme.ts
FN:5,(anonymous_0)
FN:8,(anonymous_1)
FNF:2
FNH:2
FNDA:19,(anonymous_0)
FNDA:19,(anonymous_1)
DA:1,2
DA:2,2
DA:3,2
DA:5,2
DA:6,19
DA:7,19
DA:8,19
DA:13,19
DA:15,19
DA:17,19
LF:10
LH:10
BRDA:8,0,0,19
BRDA:8,0,1,4
BRDA:13,1,0,13
BRDA:13,1,1,6
BRDA:18,2,0,7
BRDA:18,2,1,12
BRDA:19,3,0,7
BRDA:19,3,1,12
BRF:8
BRH:8
end_of_record
TN:
SF:src/hooks/useSupabaseAuth.ts
FN:5,(anonymous_0)
FN:10,(anonymous_1)
FN:12,(anonymous_2)
FN:21,(anonymous_3)
FN:26,(anonymous_4)
FN:33,(anonymous_5)
FNF:6
FNH:6
FNDA:35,(anonymous_0)
FNDA:15,(anonymous_1)
FNDA:14,(anonymous_2)
FNDA:6,(anonymous_3)
FNDA:15,(anonymous_4)
FNDA:1,(anonymous_5)
DA:1,1
DA:3,1
DA:5,1
DA:6,35
DA:7,35
DA:8,35
DA:10,35
DA:12,15
DA:13,14
DA:14,14
DA:15,14
DA:21,15
DA:22,6
DA:23,6
DA:26,15
DA:29,35
DA:33,1
LF:17
LH:17
BRDA:14,0,0,14
BRDA:14,0,1,12
BRDA:23,1,0,6
BRDA:23,1,1,2
BRF:4
BRH:4
end_of_record
TN:
SF:src/navigation/AuthNavigator.tsx
FN:11,AuthNavigator
FNF:1
FNH:1
FNDA:3,AuthNavigator
DA:1,1
DA:2,1
DA:5,1
DA:6,1
DA:7,1
DA:9,1
DA:11,1
DA:12,3
LF:8
LH:8
BRF:0
BRH:0
end_of_record
TN:
SF:src/navigation/MainNavigator.tsx
FN:10,MainNavigator
FNF:1
FNH:1
FNDA:2,MainNavigator
DA:1,1
DA:2,1
DA:5,1
DA:6,1
DA:8,1
DA:10,1
DA:11,2
LF:7
LH:7
BRF:0
BRH:0
end_of_record
TN:
SF:src/navigation/RootNavigator.tsx
FN:12,RootNavigator
FN:13,(anonymous_11)
FN:16,(anonymous_12)
FNF:3
FNH:3
FNDA:9,RootNavigator
FNDA:27,(anonymous_11)
FNDA:9,(anonymous_12)
DA:1,1
DA:2,1
DA:4,1
DA:5,1
DA:6,1
DA:7,1
DA:10,1
DA:12,1
DA:13,27
DA:14,9
DA:16,9
DA:18,9
DA:19,9
DA:20,0
DA:22,9
DA:26,9
LF:16
LH:15
BRDA:19,0,0,0
BRDA:19,0,1,9
BRDA:28,1,0,9
BRDA:28,1,1,0
BRDA:30,2,0,0
BRDA:30,2,1,0
BRF:6
BRH:2
end_of_record
TN:
SF:src/navigation/TabNavigator.tsx
FN:14,TabNavigator
FN:28,(anonymous_2)
FN:38,(anonymous_3)
FN:48,(anonymous_4)
FN:58,(anonymous_5)
FN:68,(anonymous_6)
FNF:6
FNH:1
FNDA:5,TabNavigator
FNDA:0,(anonymous_2)
FNDA:0,(anonymous_3)
FNDA:0,(anonymous_4)
FNDA:0,(anonymous_5)
FNDA:0,(anonymous_6)
DA:1,1
DA:2,1
DA:3,1
DA:6,1
DA:7,1
DA:8,1
DA:9,1
DA:10,1
DA:12,1
DA:14,1
DA:15,5
DA:29,0
DA:39,0
DA:49,0
DA:59,0
DA:69,0
LF:16
LH:11
BRF:0
BRH:0
end_of_record
TN:
SF:src/navigation/stacks/FriendsStackNavigator.tsx
FN:11,FriendsStackNavigator
FNF:1
FNH:1
FNDA:3,FriendsStackNavigator
DA:1,1
DA:2,1
DA:5,1
DA:6,1
DA:7,1
DA:9,1
DA:11,1
DA:12,3
LF:8
LH:8
BRF:0
BRH:0
end_of_record
TN:
SF:src/navigation/stacks/GroupsStackNavigator.tsx
FN:13,GroupsStackNavigator
FNF:1
FNH:1
FNDA:5,GroupsStackNavigator
DA:1,1
DA:2,1
DA:5,1
DA:6,1
DA:7,1
DA:8,1
DA:9,1
DA:11,1
DA:13,1
DA:14,5
LF:10
LH:10
BRF:0
BRH:0
end_of_record
TN:
SF:src/navigation/stacks/HomeStackNavigator.tsx
FN:9,HomeStackNavigator
FNF:1
FNH:1
FNDA:1,HomeStackNavigator
DA:1,1
DA:2,1
DA:5,1
DA:7,1
DA:9,1
DA:10,1
LF:6
LH:6
BRF:0
BRH:0
end_of_record
TN:
SF:src/navigation/stacks/SettingsStackNavigator.tsx
FN:11,SettingsStackNavigator
FNF:1
FNH:1
FNDA:3,SettingsStackNavigator
DA:1,1
DA:2,1
DA:5,1
DA:6,1
DA:7,1
DA:9,1
DA:11,1
DA:12,3
LF:8
LH:8
BRF:0
BRH:0
end_of_record
TN:
SF:src/navigation/stacks/StepsStackNavigator.tsx
FN:9,StepsStackNavigator
FNF:1
FNH:1
FNDA:1,StepsStackNavigator
DA:1,1
DA:2,1
DA:5,1
DA:7,1
DA:9,1
DA:10,1
LF:6
LH:6
BRF:0
BRH:0
end_of_record
TN:
SF:src/screens/auth/ForgotPasswordScreen.tsx
FN:4,ForgotPasswordScreen
FNF:1
FNH:0
FNDA:0,ForgotPasswordScreen
DA:1,0
DA:2,0
DA:4,0
DA:5,0
DA:12,0
LF:5
LH:0
BRF:0
BRH:0
end_of_record
TN:
SF:src/screens/auth/LoginScreen.tsx
FN:4,LoginScreen
FNF:1
FNH:0
FNDA:0,LoginScreen
DA:1,0
DA:2,0
DA:4,0
DA:5,0
DA:12,0
LF:5
LH:0
BRF:0
BRH:0
end_of_record
TN:
SF:src/screens/auth/RegisterScreen.tsx
FN:4,RegisterScreen
FNF:1
FNH:0
FNDA:0,RegisterScreen
DA:1,0
DA:2,0
DA:4,0
DA:5,0
DA:12,0
LF:5
LH:0
BRF:0
BRH:0
end_of_record
TN:
SF:src/screens/friends/FriendDiscoveryScreen.tsx
FN:4,FriendDiscoveryScreen
FNF:1
FNH:0
FNDA:0,FriendDiscoveryScreen
DA:1,0
DA:2,0
DA:4,0
DA:5,0
DA:12,0
LF:5
LH:0
BRF:0
BRH:0
end_of_record
TN:
SF:src/screens/friends/FriendsListScreen.tsx
FN:4,FriendsListScreen
FNF:1
FNH:0
FNDA:0,FriendsListScreen
DA:1,0
DA:2,0
DA:4,0
DA:5,0
DA:12,0
LF:5
LH:0
BRF:0
BRH:0
end_of_record
TN:
SF:src/screens/friends/UserProfileScreen.tsx
FN:7,UserProfileScreen
FNF:1
FNH:0
FNDA:0,UserProfileScreen
DA:1,0
DA:2,0
DA:7,0
DA:8,0
DA:10,0
DA:18,0
LF:6
LH:0
BRF:0
BRH:0
end_of_record
TN:
SF:src/screens/groups/CreateGroupScreen.tsx
FN:4,CreateGroupScreen
FNF:1
FNH:0
FNDA:0,CreateGroupScreen
DA:1,0
DA:2,0
DA:4,0
DA:5,0
DA:12,0
LF:5
LH:0
BRF:0
BRH:0
end_of_record
TN:
SF:src/screens/groups/GroupDetailScreen.tsx
FN:7,GroupDetailScreen
FNF:1
FNH:0
FNDA:0,GroupDetailScreen
DA:1,0
DA:2,0
DA:7,0
DA:8,0
DA:10,0
DA:18,0
LF:6
LH:0
BRF:0
BRH:0
end_of_record
TN:
SF:src/screens/groups/GroupManagementScreen.tsx
FN:7,GroupManagementScreen
FNF:1
FNH:0
FNDA:0,GroupManagementScreen
DA:1,0
DA:2,0
DA:7,0
DA:8,0
DA:10,0
DA:18,0
LF:6
LH:0
BRF:0
BRH:0
end_of_record
TN:
SF:src/screens/groups/GroupsListScreen.tsx
FN:4,GroupsListScreen
FNF:1
FNH:0
FNDA:0,GroupsListScreen
DA:1,0
DA:2,0
DA:4,0
DA:5,0
DA:12,0
LF:5
LH:0
BRF:0
BRH:0
end_of_record
TN:
SF:src/screens/groups/JoinGroupScreen.tsx
FN:4,JoinGroupScreen
FNF:1
FNH:0
FNDA:0,JoinGroupScreen
DA:1,0
DA:2,0
DA:4,0
DA:5,0
DA:12,0
LF:5
LH:0
BRF:0
BRH:0
end_of_record
TN:
SF:src/screens/home/HomeScreen.tsx
FN:4,HomeScreen
FNF:1
FNH:0
FNDA:0,HomeScreen
DA:1,0
DA:2,0
DA:4,0
DA:5,0
DA:12,0
LF:5
LH:0
BRF:0
BRH:0
end_of_record
TN:
SF:src/screens/notifications/NotificationsScreen.tsx
FN:4,NotificationsScreen
FNF:1
FNH:0
FNDA:0,NotificationsScreen
DA:1,0
DA:2,0
DA:4,0
DA:5,0
DA:12,0
LF:5
LH:0
BRF:0
BRH:0
end_of_record
TN:
SF:src/screens/onboarding/OnboardingScreen.tsx
FN:4,OnboardingScreen
FNF:1
FNH:0
FNDA:0,OnboardingScreen
DA:1,0
DA:2,0
DA:4,0
DA:5,0
DA:12,0
LF:5
LH:0
BRF:0
BRH:0
end_of_record
TN:
SF:src/screens/settings/EditProfileScreen.tsx
FN:4,EditProfileScreen
FNF:1
FNH:0
FNDA:0,EditProfileScreen
DA:1,0
DA:2,0
DA:4,0
DA:5,0
DA:12,0
LF:5
LH:0
BRF:0
BRH:0
end_of_record
TN:
SF:src/screens/settings/ProfileScreen.tsx
FN:4,ProfileScreen
FNF:1
FNH:0
FNDA:0,ProfileScreen
DA:1,0
DA:2,0
DA:4,0
DA:5,0
DA:12,0
LF:5
LH:0
BRF:0
BRH:0
end_of_record
TN:
SF:src/screens/settings/SettingsScreen.tsx
FN:4,SettingsScreen
FNF:1
FNH:0
FNDA:0,SettingsScreen
DA:1,0
DA:2,0
DA:4,0
DA:5,0
DA:12,0
LF:5
LH:0
BRF:0
BRH:0
end_of_record
TN:
SF:src/screens/steps/StepsHistoryScreen.tsx
FN:4,StepsHistoryScreen
FNF:1
FNH:0
FNDA:0,StepsHistoryScreen
DA:1,0
DA:2,0
DA:4,0
DA:5,0
DA:12,0
LF:5
LH:0
BRF:0
BRH:0
end_of_record
TN:
SF:src/services/secureStore.ts
FN:9,(anonymous_9)
FN:18,(anonymous_10)
FN:27,(anonymous_11)
FN:40,(anonymous_12)
FNF:4
FNH:4
FNDA:32,(anonymous_9)
FNDA:4,(anonymous_10)
FNDA:3,(anonymous_11)
FNDA:6,(anonymous_12)
DA:1,9
DA:2,9
DA:8,9
DA:10,32
DA:11,32
DA:13,1
DA:14,1
DA:19,4
DA:20,4
DA:22,1
DA:23,1
DA:28,3
DA:29,3
DA:31,1
DA:32,1
DA:40,9
DA:41,6
DA:42,6
DA:43,1
DA:45,5
DA:46,4
DA:47,3
DA:49,2
LF:23
LH:23
BRDA:42,0,0,1
BRDA:42,0,1,5
BRF:2
BRH:2
end_of_record
TN:
SF:src/services/supabase.ts
FN:20,(anonymous_0)
FN:32,(anonymous_1)
FN:44,(anonymous_2)
FN:57,(anonymous_3)
FN:79,(anonymous_4)
FN:87,(anonymous_5)
FNF:6
FNH:6
FNDA:4,(anonymous_0)
FNDA:4,(anonymous_1)
FNDA:5,(anonymous_2)
FNDA:5,(anonymous_3)
FNDA:4,(anonymous_4)
FNDA:5,(anonymous_5)
DA:1,8
DA:2,8
DA:3,8
DA:8,8
DA:20,8
DA:21,4
DA:22,3
DA:23,1
DA:24,1
DA:26,2
DA:32,8
DA:33,4
DA:34,4
DA:35,2
DA:36,2
DA:38,2
DA:44,8
DA:45,5
DA:50,4
DA:51,2
DA:57,8
DA:62,5
DA:72,5
DA:73,3
DA:79,8
DA:80,4
DA:81,3
DA:87,8
DA:88,5
DA:92,4
LF:30
LH:30
BRDA:22,0,0,1
BRDA:22,0,1,2
BRDA:34,1,0,2
BRDA:34,1,1,2
BRDA:50,2,0,2
BRDA:50,2,1,2
BRDA:72,3,0,2
BRDA:72,3,1,3
BRDA:81,4,0,1
BRDA:81,4,1,2
BRDA:92,5,0,2
BRDA:92,5,1,2
BRF:12
BRH:12
end_of_record
TN:
SF:src/services/api/friendsApi.ts
FN:5,(anonymous_0)
FN:23,(anonymous_1)
FN:33,(anonymous_2)
FN:51,(anonymous_3)
FN:61,(anonymous_4)
FN:72,(anonymous_5)
FN:82,(anonymous_6)
FN:92,(anonymous_7)
FNF:8
FNH:8
FNDA:4,(anonymous_0)
FNDA:3,(anonymous_1)
FNDA:3,(anonymous_2)
FNDA:1,(anonymous_3)
FNDA:2,(anonymous_4)
FNDA:2,(anonymous_5)
FNDA:2,(anonymous_6)
FNDA:2,(anonymous_7)
DA:1,2
DA:4,2
DA:6,4
DA:21,4
DA:23,3
DA:34,3
DA:49,3
DA:51,2
DA:62,2
DA:69,2
DA:73,2
DA:79,2
DA:83,2
DA:89,2
DA:93,2
DA:99,2
LF:16
LH:16
BRDA:21,0,0,1
BRDA:21,0,1,3
BRDA:23,1,0,3
BRDA:23,1,1,1
BRDA:49,2,0,1
BRDA:49,2,1,2
BRDA:51,3,0,2
BRDA:51,3,1,0
BRDA:69,4,0,1
BRDA:69,4,1,1
BRDA:79,5,0,1
BRDA:79,5,1,1
BRDA:89,6,0,1
BRDA:89,6,1,1
BRDA:99,7,0,1
BRDA:99,7,1,1
BRF:16
BRH:15
end_of_record
TN:
SF:src/services/api/groupsApi.ts
FN:5,(anonymous_0)
FN:15,(anonymous_1)
FN:26,(anonymous_2)
FN:49,(anonymous_3)
FN:67,(anonymous_4)
FN:87,(anonymous_5)
FN:88,(anonymous_6)
FN:91,(anonymous_7)
FN:113,(anonymous_8)
FN:123,(anonymous_9)
FNF:10
FNH:10
FNDA:4,(anonymous_0)
FNDA:3,(anonymous_1)
FNDA:2,(anonymous_2)
FNDA:3,(anonymous_3)
FNDA:3,(anonymous_4)
FNDA:1,(anonymous_5)
FNDA:3,(anonymous_6)
FNDA:2,(anonymous_7)
FNDA:2,(anonymous_8)
FNDA:2,(anonymous_9)
DA:1,2
DA:4,2
DA:6,4
DA:13,4
DA:15,3
DA:27,2
DA:36,2
DA:38,1
DA:50,3
DA:62,3
DA:65,2
DA:66,2
DA:68,3
DA:75,3
DA:87,2
DA:88,3
DA:92,2
DA:98,2
DA:101,1
DA:107,1
DA:114,2
DA:120,2
DA:124,2
DA:129,2
LF:24
LH:24
BRDA:13,0,0,1
BRDA:13,0,1,3
BRDA:15,1,0,3
BRDA:15,1,1,1
BRDA:21,2,0,3
BRDA:21,2,1,1
BRDA:36,3,0,1
BRDA:36,3,1,1
BRDA:44,4,0,1
BRDA:44,4,1,0
BRDA:62,5,0,1
BRDA:62,5,1,2
BRDA:67,6,0,2
BRDA:67,6,1,0
BRDA:80,7,0,3
BRDA:80,7,1,1
BRDA:98,8,0,1
BRDA:98,8,1,1
BRDA:120,9,0,1
BRDA:120,9,1,1
BRDA:129,10,0,1
BRDA:129,10,1,1
BRF:22
BRH:20
end_of_record
TN:
SF:src/services/api/index.ts
FN:2,(anonymous_0)
FN:3,(anonymous_1)
FN:4,(anonymous_2)
FN:5,(anonymous_3)
FN:6,(anonymous_4)
FNF:5
FNH:0
FNDA:0,(anonymous_0)
FNDA:0,(anonymous_1)
FNDA:0,(anonymous_2)
FNDA:0,(anonymous_3)
FNDA:0,(anonymous_4)
DA:2,0
DA:3,0
DA:4,0
DA:5,0
DA:6,0
LF:5
LH:0
BRF:0
BRH:0
end_of_record
TN:
SF:src/services/api/notificationsApi.ts
FN:5,(anonymous_0)
FN:16,(anonymous_1)
FN:26,(anonymous_2)
FN:35,(anonymous_3)
FN:44,(anonymous_4)
FNF:5
FNH:5
FNDA:5,(anonymous_0)
FNDA:4,(anonymous_1)
FNDA:2,(anonymous_2)
FNDA:3,(anonymous_3)
FNDA:3,(anonymous_4)
DA:1,2
DA:4,2
DA:6,5
DA:12,5
DA:13,4
DA:17,4
DA:22,4
DA:23,3
DA:27,2
DA:32,2
DA:36,3
DA:41,3
DA:45,3
DA:50,3
LF:14
LH:14
BRDA:12,0,0,1
BRDA:12,0,1,4
BRDA:13,1,0,4
BRDA:13,1,1,1
BRDA:22,2,0,1
BRDA:22,2,1,3
BRDA:23,3,0,3
BRDA:23,3,1,2
BRDA:32,4,0,1
BRDA:32,4,1,1
BRDA:41,5,0,1
BRDA:41,5,1,2
BRDA:50,6,0,1
BRDA:50,6,1,2
BRF:14
BRH:14
end_of_record
TN:
SF:src/services/api/stepsApi.ts
FN:5,(anonymous_0)
FN:22,(anonymous_1)
FN:39,(anonymous_2)
FN:60,(anonymous_3)
FN:61,(anonymous_4)
FN:92,(anonymous_5)
FNF:6
FNH:6
FNDA:3,(anonymous_0)
FNDA:3,(anonymous_1)
FNDA:2,(anonymous_2)
FNDA:7,(anonymous_3)
FNDA:30,(anonymous_4)
FNDA:5,(anonymous_5)
DA:1,2
DA:4,2
DA:6,3
DA:8,3
DA:18,3
DA:19,2
DA:23,3
DA:25,3
DA:31,3
DA:33,1
DA:36,2
DA:40,2
DA:41,2
DA:42,2
DA:44,2
DA:50,2
DA:55,2
DA:60,7
DA:61,30
DA:64,2
DA:69,2
DA:70,2
DA:71,1
DA:72,1
DA:73,1
DA:74,1
DA:75,1
DA:76,0
DA:78,1
DA:83,2
DA:93,5
DA:94,5
DA:95,5
DA:97,5
DA:99,5
DA:105,5
DA:106,4
LF:37
LH:36
BRDA:18,0,0,1
BRDA:18,0,1,2
BRDA:31,1,0,1
BRDA:31,1,1,2
BRDA:31,2,0,3
BRDA:31,2,1,2
BRDA:36,3,0,2
BRDA:36,3,1,1
BRDA:60,4,0,2
BRDA:60,4,1,1
BRDA:61,5,0,2
BRDA:61,5,1,1
BRDA:70,6,0,1
BRDA:70,6,1,1
BRDA:75,7,0,0
BRDA:75,7,1,1
BRDA:75,8,0,1
BRDA:75,8,1,0
BRDA:84,9,0,2
BRDA:84,9,1,1
BRDA:87,10,0,1
BRDA:87,10,1,1
BRDA:87,11,0,2
BRDA:87,11,1,1
BRDA:94,12,0,1
BRDA:94,12,1,4
BRDA:95,13,0,2
BRDA:95,13,1,3
BRDA:105,14,0,1
BRDA:105,14,1,4
BRDA:106,15,0,4
BRDA:106,15,1,1
BRF:32
BRH:30
end_of_record
TN:
SF:src/services/api/usersApi.ts
FN:5,(anonymous_0)
FN:15,(anonymous_1)
FN:26,(anonymous_2)
FN:44,(anonymous_3)
FNF:4
FNH:4
FNDA:3,(anonymous_0)
FNDA:3,(anonymous_1)
FNDA:3,(anonymous_2)
FNDA:4,(anonymous_3)
DA:1,3
DA:4,3
DA:6,3
DA:11,2
DA:12,1
DA:16,3
DA:22,3
DA:23,2
DA:27,3
DA:32,3
DA:34,3
DA:40,3
DA:41,2
DA:46,4
DA:47,3
DA:48,3
DA:50,3
DA:54,3
DA:56,2
DA:60,2
LF:20
LH:20
BRDA:11,0,0,1
BRDA:11,0,1,1
BRDA:22,1,0,1
BRDA:22,1,1,2
BRDA:40,2,0,1
BRDA:40,2,1,2
BRDA:54,3,0,1
BRDA:54,3,1,2
BRF:8
BRH:8
end_of_record
TN:
SF:src/store/authStore.ts
FN:26,(anonymous_0)
FN:33,(anonymous_1)
FN:52,(anonymous_2)
FN:71,(anonymous_3)
FN:89,(anonymous_4)
FN:103,(anonymous_5)
FN:111,(anonymous_6)
FNF:7
FNH:7
FNDA:2,(anonymous_0)
FNDA:5,(anonymous_1)
FNDA:4,(anonymous_2)
FNDA:3,(anonymous_3)
FNDA:3,(anonymous_4)
FNDA:3,(anonymous_5)
FNDA:2,(anonymous_6)
DA:1,2
DA:3,2
DA:26,2
DA:34,5
DA:35,5
DA:36,5
DA:37,3
DA:44,2
DA:48,2
DA:53,4
DA:54,4
DA:55,4
DA:56,3
DA:63,1
DA:67,1
DA:72,3
DA:73,3
DA:74,3
DA:75,1
DA:82,2
DA:90,3
DA:91,3
DA:92,3
DA:93,2
DA:95,1
DA:99,1
DA:104,3
DA:111,2
LF:28
LH:28
BRDA:106,0,0,3
BRDA:106,0,1,1
BRF:2
BRH:2
end_of_record
TN:
SF:src/store/friendsStore.ts
FN:29,(anonymous_0)
FN:35,(anonymous_1)
FN:45,(anonymous_2)
FN:55,(anonymous_3)
FN:66,(anonymous_4)
FN:70,(anonymous_5)
FN:79,(anonymous_6)
FN:83,(anonymous_7)
FN:91,(anonymous_8)
FN:95,(anonymous_9)
FNF:10
FNH:10
FNDA:1,(anonymous_0)
FNDA:8,(anonymous_1)
FNDA:3,(anonymous_2)
FNDA:3,(anonymous_3)
FNDA:4,(anonymous_4)
FNDA:4,(anonymous_5)
FNDA:3,(anonymous_6)
FNDA:3,(anonymous_7)
FNDA:4,(anonymous_8)
FNDA:5,(anonymous_9)
DA:1,1
DA:2,1
DA:29,1
DA:36,8
DA:37,8
DA:38,8
DA:39,7
DA:41,1
DA:46,3
DA:47,3
DA:48,3
DA:49,2
DA:51,1
DA:56,3
DA:57,3
DA:58,3
DA:59,2
DA:61,1
DA:62,1
DA:67,4
DA:68,4
DA:69,4
DA:70,4
DA:71,3
DA:72,3
DA:74,1
DA:75,1
DA:80,3
DA:81,3
DA:82,3
DA:83,3
DA:84,2
DA:86,1
DA:87,1
DA:92,4
DA:93,4
DA:94,4
DA:95,5
DA:96,3
DA:98,1
DA:99,1
LF:41
LH:41
BRF:0
BRH:0
end_of_record
TN:
SF:src/store/groupsStore.ts
FN:46,(anonymous_0)
FN:53,(anonymous_1)
FN:63,(anonymous_2)
FN:73,(anonymous_3)
FN:83,(anonymous_4)
FN:95,(anonymous_5)
FN:106,(anonymous_6)
FNF:7
FNH:7
FNDA:1,(anonymous_0)
FNDA:5,(anonymous_1)
FNDA:3,(anonymous_2)
FNDA:4,(anonymous_3)
FNDA:7,(anonymous_4)
FNDA:3,(anonymous_5)
FNDA:3,(anonymous_6)
DA:1,1
DA:2,1
DA:46,1
DA:54,5
DA:55,5
DA:56,5
DA:57,4
DA:59,1
DA:64,3
DA:65,3
DA:66,3
DA:67,2
DA:69,1
DA:74,4
DA:75,4
DA:76,4
DA:77,3
DA:79,1
DA:84,7
DA:85,7
DA:86,7
DA:87,6
DA:88,6
DA:90,1
DA:91,1
DA:96,3
DA:97,3
DA:98,3
DA:99,2
DA:101,1
DA:102,1
DA:107,3
DA:108,3
DA:109,3
DA:110,2
DA:112,1
DA:113,1
LF:37
LH:37
BRF:0
BRH:0
end_of_record
TN:
SF:src/store/index.ts
FN:2,(anonymous_0)
FN:3,(anonymous_1)
FN:4,(anonymous_2)
FN:5,(anonymous_3)
FN:6,(anonymous_4)
FN:7,(anonymous_5)
FNF:6
FNH:0
FNDA:0,(anonymous_0)
FNDA:0,(anonymous_1)
FNDA:0,(anonymous_2)
FNDA:0,(anonymous_3)
FNDA:0,(anonymous_4)
FNDA:0,(anonymous_5)
DA:2,0
DA:3,0
DA:4,0
DA:5,0
DA:6,0
DA:7,0
LF:6
LH:0
BRF:0
BRH:0
end_of_record
TN:
SF:src/store/notificationsStore.ts
FN:29,(anonymous_0)
FN:35,(anonymous_1)
FN:45,(anonymous_2)
FN:54,(anonymous_3)
FN:58,(anonymous_4)
FN:69,(anonymous_5)
FN:73,(anonymous_6)
FN:81,(anonymous_7)
FN:85,(anonymous_8)
FNF:9
FNH:9
FNDA:1,(anonymous_0)
FNDA:5,(anonymous_1)
FNDA:13,(anonymous_2)
FNDA:5,(anonymous_3)
FNDA:12,(anonymous_4)
FNDA:4,(anonymous_5)
FNDA:6,(anonymous_6)
FNDA:6,(anonymous_7)
FNDA:15,(anonymous_8)
DA:1,1
DA:2,1
DA:29,1
DA:36,5
DA:37,5
DA:38,5
DA:39,4
DA:41,1
DA:46,13
DA:47,13
DA:48,12
DA:50,1
DA:55,5
DA:56,5
DA:57,5
DA:58,4
DA:59,12
DA:61,4
DA:62,4
DA:64,1
DA:65,1
DA:70,4
DA:71,4
DA:72,4
DA:73,6
DA:74,3
DA:76,1
DA:77,1
DA:82,6
DA:83,6
DA:84,6
DA:85,15
DA:86,5
DA:87,5
DA:89,1
DA:90,1
LF:36
LH:36
BRDA:59,0,0,4
BRDA:59,0,1,8
BRF:2
BRH:2
end_of_record
TN:
SF:src/store/stepsStore.ts
FN:35,(anonymous_0)
FN:42,(anonymous_1)
FN:54,(anonymous_2)
FN:64,(anonymous_3)
FN:74,(anonymous_4)
FNF:5
FNH:5
FNDA:1,(anonymous_0)
FNDA:5,(anonymous_1)
FNDA:4,(anonymous_2)
FNDA:4,(anonymous_3)
FNDA:7,(anonymous_4)
DA:1,1
DA:2,1
DA:35,1
DA:43,5
DA:44,5
DA:45,5
DA:46,4
DA:47,4
DA:49,1
DA:50,1
DA:55,4
DA:56,4
DA:57,4
DA:58,3
DA:60,1
DA:65,4
DA:66,4
DA:67,4
DA:68,3
DA:70,1
DA:75,7
DA:76,7
DA:77,7
DA:78,6
DA:80,1
LF:25
LH:25
BRF:0
BRH:0
end_of_record
TN:
SF:src/store/userStore.ts
FN:50,(anonymous_0)
FN:55,(anonymous_1)
FN:65,(anonymous_2)
FN:76,(anonymous_3)
FN:93,(anonymous_4)
FNF:5
FNH:5
FNDA:2,(anonymous_0)
FNDA:4,(anonymous_1)
FNDA:4,(anonymous_2)
FNDA:5,(anonymous_3)
FNDA:5,(anonymous_4)
DA:1,2
DA:2,2
DA:50,2
DA:56,4
DA:57,4
DA:58,4
DA:59,3
DA:61,1
DA:66,4
DA:67,4
DA:68,4
DA:69,3
DA:71,1
DA:72,1
DA:77,5
DA:78,5
DA:79,5
DA:80,5
DA:82,4
DA:83,3
DA:88,2
DA:89,2
DA:94,5
DA:95,5
DA:96,5
DA:97,4
DA:98,4
DA:99,3
DA:104,1
DA:107,1
DA:108,1
LF:31
LH:31
BRDA:80,0,0,1
BRDA:80,0,1,4
BRDA:98,1,0,3
BRDA:98,1,1,1
BRF:4
BRH:4
end_of_record
TN:
SF:src/theme/ThemeProvider.tsx
FN:10,(anonymous_1)
FNF:1
FNH:1
FNDA:16,(anonymous_1)
DA:1,1
DA:2,1
DA:3,1
DA:4,1
DA:10,1
DA:11,16
DA:13,16
LF:7
LH:7
BRDA:15,0,0,4
BRDA:15,0,1,12
BRF:2
BRH:2
end_of_record
TN:
SF:src/theme/colors.ts
FNF:0
FNH:0
DA:1,2
LF:1
LH:1
BRF:0
BRH:0
end_of_record
TN:
SF:src/theme/theme.ts
FNF:0
FNH:0
DA:1,1
DA:2,1
DA:3,1
DA:5,1
DA:17,1
DA:30,1
DA:43,1
LF:7
LH:7
BRF:0
BRH:0
end_of_record
